 
 
Job started on comp-sc-0036.acib.production.int.aci.ics.psu.edu at Fri Dec 18 12:58:16 EST 2020
 
Loading required package: doParallel
Loading required package: foreach
Loading required package: iterators
Loading required package: parallel
Loading required package: dplyr

Attaching package: 'dplyr'

The following objects are masked from 'package:stats':

    filter, lag

The following objects are masked from 'package:base':

    intersect, setdiff, setequal, union

Loading required package: plotly
Loading required package: ggplot2

Attaching package: 'plotly'

The following object is masked from 'package:ggplot2':

    last_plot

The following object is masked from 'package:stats':

    filter

The following object is masked from 'package:graphics':

    layout

Loading required package: RColorBrewer
Loading required package: fda
Loading required package: splines
Loading required package: Matrix

Attaching package: 'fda'

The following object is masked from 'package:graphics':

    matplot

9 	 9 	 5e-04 
inner it =  1 
rep =  1 
rep =  2 
rep =  3 
rep =  4 
rep =  5 
rep =  6 
rep =  7 
rep =  8 
rep =  9 
rep =  10 
rep =  11 
rep =  12 
rep =  13 
rep =  14 
rep =  15 
rep =  16 
rep =  17 
rep =  18 
rep =  19 
rep =  20 
cat1 	fitting smoothing spline: calculating gcv lambda... 
cat1 	fitting smoothing spline: calculating gcv lambda... 
cat1 	fitting smoothing spline: calculating gcv lambda... 
cat1 	fitting smoothing spline: calculating gcv lambda... 
cat1 	fitting smoothing spline: calculating gcv lambda... 
cat1 	fitting smoothing spline: calculating gcv lambda... 
cat1 	fitting smoothing spline: calculating gcv lambda... 
cat1 	cat1 	fitting smoothing spline: calculating gcv lambda... 
fitting smoothing spline: calculating gcv lambda... 
cat1 	fitting smoothing spline: calculating gcv lambda... 
cat1 	fitting smoothing spline: calculating gcv lambda... 
cat1 	fitting smoothing spline: calculating gcv lambda... 
cat1 	fitting smoothing spline: calculating gcv lambda... 
cat1 	fitting smoothing spline: calculating gcv lambda... 
cat1 	fitting smoothing spline: calculating gcv lambda... 
cat1 	fitting smoothing spline: calculating gcv lambda... 
cat1 	cat1 	fitting smoothing spline: calculating gcv lambda... 
fitting smoothing spline: calculating gcv lambda... 
cat1 	fitting smoothing spline: calculating gcv lambda... 
cat1 	fitting smoothing spline: calculating gcv lambda... 
fitting smoothing spline with gcv lambda =  1e-04 .
fitting smoothing spline with gcv lambda =  1e-04 .
fitting smoothing spline with gcv lambda =  1e-04 .
fitting smoothing spline with gcv lambda =  1e-04 .
fitting smoothing spline with gcv lambda =  1e-04 .
fitting smoothing spline with gcv lambda =  1e-04 .
fitting smoothing spline with gcv lambda =  1e-04 .
fitting smoothing spline with gcv lambda =  1e-04 .
fitting smoothing spline with gcv lambda =  1e-04 .
fitting smoothing spline with gcv lambda =  1e-04 .
fitting smoothing spline with gcv lambda =  1e-04 .
fitting smoothing spline with gcv lambda =  1e-04 .
length(flag)  0  it =  1 
fitting smoothing spline: calculating gcv lambda... 
length(flag)  0  it =  1 
fitting smoothing spline: calculating gcv lambda... 
fitting smoothing spline with gcv lambda =  1e-04 .
length(flag)  0  it =  1 
fitting smoothing spline: calculating gcv lambda... 
fitting smoothing spline with gcv lambda =  1e-04 .
fitting smoothing spline with gcv lambda =  1e-04 .
length(flag)  0  it =  1 
fitting smoothing spline: calculating gcv lambda... 
length(flag)  0  it =  1 
fitting smoothing spline: calculating gcv lambda... 
fitting smoothing spline with gcv lambda =  1e-04 .
fitting smoothing spline with gcv lambda =  1e-04 .
fitting smoothing spline with gcv lambda =  1e-04 .
fitting smoothing spline with gcv lambda =  1e-04 .
length(flag)  0  it =  1 
fitting smoothing spline: calculating gcv lambda... 
length(flag)  0  it =  1 
fitting smoothing spline: calculating gcv lambda... 
length(flag)  0  it =  1 
fitting smoothing spline: calculating gcv lambda... 
length(flag)  0  it =  1 
fitting smoothing spline: calculating gcv lambda... 
length(flag)  0  it =  1 
fitting smoothing spline: calculating gcv lambda... 
length(flag)  0  it =  1 
fitting smoothing spline: calculating gcv lambda... 
length(flag)  0  it =  1 
fitting smoothing spline: calculating gcv lambda... 
length(flag)  0  it =  1 
fitting smoothing spline: calculating gcv lambda... 
length(flag)  0  it =  1 
fitting smoothing spline: calculating gcv lambda... 
length(flag)  0  it =  1 
fitting smoothing spline: calculating gcv lambda... 
length(flag)  0  it =  1 
fitting smoothing spline: calculating gcv lambda... 
length(flag)  0  it =  1 
fitting smoothing spline: calculating gcv lambda... 
length(flag)  0  it =  1 
fitting smoothing spline: calculating gcv lambda... 
length(flag)  0  it =  1 
fitting smoothing spline: calculating gcv lambda... 
fitting smoothing spline with gcv lambda =  1e-04 .
length(flag)  0  it =  1 
fitting smoothing spline: calculating gcv lambda... 
fitting smoothing spline with gcv lambda =  1e-04 .
fitting smoothing spline with gcv lambda =  1e-04 .
fitting smoothing spline with gcv lambda =  1e-04 .
fitting smoothing spline with gcv lambda =  1e-04 .
fitting smoothing spline with gcv lambda =  1e-04 .
fitting smoothing spline with gcv lambda =  1e-04 .
fitting smoothing spline with gcv lambda =  1e-04 .
fitting smoothing spline with gcv lambda =  1e-04 .
fitting smoothing spline with gcv lambda =  1e-04 .
fitting smoothing spline with gcv lambda =  1e-04 .
fitting smoothing spline with gcv lambda =  1e-04 .
fitting smoothing spline with gcv lambda =  1e-04 .
fitting smoothing spline with gcv lambda =  1e-04 .
fitting smoothing spline with gcv lambda =  1e-04 .
fitting smoothing spline with gcv lambda =  1e-04 .
fitting smoothing spline with gcv lambda =  1e-04 .
fitting smoothing spline with gcv lambda =  1e-04 .
fitting smoothing spline with gcv lambda =  1e-04 .
fitting smoothing spline with gcv lambda =  1e-04 .
fitting smoothing spline with gcv lambda =  1e-04 .
inner it =  2 
rep =  1 
rep =  2 
rep =  3 
rep =  4 
rep =  5 
rep =  6 
rep =  7 
rep =  8 
rep =  9 
rep =  10 
rep =  11 
rep =  12 
rep =  13 
rep =  14 
rep =  15 
rep =  16 
rep =  17 
rep =  18 
rep =  20 
rep =  19 
cat1 	fitting smoothing spline: calculating gcv lambda... 
cat1 	fitting smoothing spline: calculating gcv lambda... 
cat1 	fitting smoothing spline: calculating gcv lambda... 
cat1 	fitting smoothing spline: calculating gcv lambda... 
cat1 	fitting smoothing spline: calculating gcv lambda... 
cat1 	fitting smoothing spline: calculating gcv lambda... 
cat1 	fitting smoothing spline: calculating gcv lambda... 
cat1 	fitting smoothing spline: calculating gcv lambda... 
cat1 	fitting smoothing spline: calculating gcv lambda... 
cat1 	fitting smoothing spline: calculating gcv lambda... 
cat1 	cat1 	fitting smoothing spline: calculating gcv lambda... 
fitting smoothing spline: calculating gcv lambda... 
cat1 	fitting smoothing spline: calculating gcv lambda... 
cat1 	fitting smoothing spline: calculating gcv lambda... 
cat1 	fitting smoothing spline: calculating gcv lambda... 
cat1 	fitting smoothing spline: calculating gcv lambda... 
cat1 	fitting smoothing spline: calculating gcv lambda... 
cat1 	fitting smoothing spline: calculating gcv lambda... 
cat1 	fitting smoothing spline: calculating gcv lambda... 
cat1 	fitting smoothing spline: calculating gcv lambda... 
fitting smoothing spline with gcv lambda =  1e-04 .
fitting smoothing spline with gcv lambda =  1e-04 .
fitting smoothing spline with gcv lambda =  1e-04 .
fitting smoothing spline with gcv lambda =  1e-04 .
fitting smoothing spline with gcv lambda =  1e-04 .
fitting smoothing spline with gcv lambda =  1e-04 .
fitting smoothing spline with gcv lambda =  1e-04 .
fitting smoothing spline with gcv lambda =  1e-04 .
fitting smoothing spline with gcv lambda =  1e-04 .
fitting smoothing spline with gcv lambda =  1e-04 .
fitting smoothing spline with gcv lambda =  1e-04 .
fitting smoothing spline with gcv lambda =  1e-04 .
fitting smoothing spline with gcv lambda =  1e-04 .
fitting smoothing spline with gcv lambda =  1e-04 .
fitting smoothing spline with gcv lambda =  1e-04 .
fitting smoothing spline with gcv lambda =  1e-04 .
fitting smoothing spline with gcv lambda =  1e-04 .
fitting smoothing spline with gcv lambda =  1e-04 .
fitting smoothing spline with gcv lambda =  1e-04 .
fitting smoothing spline with gcv lambda =  1e-04 .
length(flag)  0  it =  1 
fitting smoothing spline: calculating gcv lambda... 
length(flag)  0  it =  1 
fitting smoothing spline: calculating gcv lambda... 
length(flag)  0  it =  1 
fitting smoothing spline: calculating gcv lambda... 
length(flag)  0  it =  1 
fitting smoothing spline: calculating gcv lambda... 
length(flag)  0  it =  1 
fitting smoothing spline: calculating gcv lambda... 
length(flag)  0  it =  1 
fitting smoothing spline: calculating gcv lambda... 
length(flag)  0  it =  1 
fitting smoothing spline: calculating gcv lambda... 
length(flag)  0  it =  1 
fitting smoothing spline: calculating gcv lambda... 
length(flag)  0  it =  1 
fitting smoothing spline: calculating gcv lambda... 
length(flag)  0  it =  1 
fitting smoothing spline: calculating gcv lambda... 
length(flag)  0  it =  1 
fitting smoothing spline: calculating gcv lambda... 
length(flag)  0  it =  1 
fitting smoothing spline: calculating gcv lambda... 
length(flag)  0  it =  1 
fitting smoothing spline: calculating gcv lambda... 
length(flag)  0  it =  1 
fitting smoothing spline: calculating gcv lambda... 
length(flag)  0  it =  1 
fitting smoothing spline: calculating gcv lambda... 
length(flag)  0  it =  1 
fitting smoothing spline: calculating gcv lambda... 
length(flag)  0  it =  1 
fitting smoothing spline: calculating gcv lambda... 
length(flag)  0  it =  1 
fitting smoothing spline: calculating gcv lambda... 
length(flag)  0  it =  1 
fitting smoothing spline: calculating gcv lambda... 
length(flag)  0  it =  1 
fitting smoothing spline: calculating gcv lambda... 
fitting smoothing spline with gcv lambda =  1e-04 .
fitting smoothing spline with gcv lambda =  1e-04 .
fitting smoothing spline with gcv lambda =  1e-04 .
fitting smoothing spline with gcv lambda =  1e-04 .
fitting smoothing spline with gcv lambda =  1e-04 .
fitting smoothing spline with gcv lambda =  1e-04 .
fitting smoothing spline with gcv lambda =  1e-04 .
fitting smoothing spline with gcv lambda =  1e-04 .
fitting smoothing spline with gcv lambda =  1e-04 .
fitting smoothing spline with gcv lambda =  1e-04 .
fitting smoothing spline with gcv lambda =  1e-04 .
fitting smoothing spline with gcv lambda =  1e-04 .
fitting smoothing spline with gcv lambda =  1e-04 .
fitting smoothing spline with gcv lambda =  1e-04 .
fitting smoothing spline with gcv lambda =  1e-04 .
fitting smoothing spline with gcv lambda =  1e-04 .
fitting smoothing spline with gcv lambda =  1e-04 .
fitting smoothing spline with gcv lambda =  1e-04 .
fitting smoothing spline with gcv lambda =  1e-04 .
fitting smoothing spline with gcv lambda =  1e-04 .
inner it =  3 
rep =  1 
rep =  2 
rep =  3 
rep =  4 
rep =  5 
rep =  6 
rep =  7 
rep =  8 
rep =  9 
rep =  10 
rep =  11 
rep =  12 
rep =  13 
rep =  14 
rep =  15 
rep =  16 
rep =  17 
rep =  18 
rep =  19 
rep =  20 
cat1 	fitting smoothing spline: calculating gcv lambda... 
cat1 	fitting smoothing spline: calculating gcv lambda... 
cat1 	fitting smoothing spline: calculating gcv lambda... 
cat1 	fitting smoothing spline: calculating gcv lambda... 
cat1 	fitting smoothing spline: calculating gcv lambda... 
cat1 	fitting smoothing spline: calculating gcv lambda... 
cat1 	fitting smoothing spline: calculating gcv lambda... 
cat1 	fitting smoothing spline: calculating gcv lambda... 
cat1 	fitting smoothing spline: calculating gcv lambda... 
cat1 	fitting smoothing spline: calculating gcv lambda... 
cat1 	fitting smoothing spline: calculating gcv lambda... 
cat1 	fitting smoothing spline: calculating gcv lambda... 
cat1 	fitting smoothing spline: calculating gcv lambda... 
cat1 	fitting smoothing spline: calculating gcv lambda... 
cat1 	fitting smoothing spline: calculating gcv lambda... 
cat1 	fitting smoothing spline: calculating gcv lambda... 
cat1 	fitting smoothing spline: calculating gcv lambda... 
cat1 	fitting smoothing spline: calculating gcv lambda... 
cat1 	fitting smoothing spline: calculating gcv lambda... 
cat2 	llh.pred =  -3976.724 	best.ind =  1 
length(flag)  552  it =  1 
fitting smoothing spline with gcv lambda =  1e-04 .
cat1 	fitting smoothing spline: calculating gcv lambda... 
fitting smoothing spline with gcv lambda =  1e-04 .
fitting smoothing spline with gcv lambda =  1e-04 .
fitting smoothing spline with gcv lambda =  1e-04 .
fitting smoothing spline with gcv lambda =  1e-04 .
fitting smoothing spline with gcv lambda =  1e-04 .
fitting smoothing spline with gcv lambda =  1e-04 .
fitting smoothing spline with gcv lambda =  1e-04 .
fitting smoothing spline with gcv lambda =  1e-04 .
fitting smoothing spline with gcv lambda =  1e-04 .
fitting smoothing spline with gcv lambda =  1e-04 .
fitting smoothing spline with gcv lambda =  1e-04 .
fitting smoothing spline with gcv lambda =  1e-04 .
fitting smoothing spline with gcv lambda =  1e-04 .
fitting smoothing spline with gcv lambda =  1e-04 .
fitting smoothing spline with gcv lambda =  1e-04 .
fitting smoothing spline with gcv lambda =  1e-04 .
fitting smoothing spline with gcv lambda =  1e-04 .
fitting smoothing spline with gcv lambda =  1e-04 .
length(flag)  0  it =  1 
fitting smoothing spline: calculating gcv lambda... 
length(flag)  0  it =  1 
fitting smoothing spline: calculating gcv lambda... 
length(flag)  0  it =  1 
fitting smoothing spline: calculating gcv lambda... 
length(flag)  0  it =  1 
fitting smoothing spline: calculating gcv lambda... 
length(flag)  0  it =  1 
fitting smoothing spline: calculating gcv lambda... 
length(flag)  0  it =  1 
fitting smoothing spline: calculating gcv lambda... 
length(flag)  0  it =  1 
fitting smoothing spline: calculating gcv lambda... 
length(flag)  0  it =  1 
fitting smoothing spline: calculating gcv lambda... 
length(flag)  0  it =  1 
fitting smoothing spline: calculating gcv lambda... 
length(flag)  0  it =  1 
fitting smoothing spline: calculating gcv lambda... 
length(flag)  0  it =  1 
fitting smoothing spline: calculating gcv lambda... 
length(flag)  0  it =  1 
fitting smoothing spline: calculating gcv lambda... 
length(flag)  0  it =  1 
fitting smoothing spline: calculating gcv lambda... 
length(flag)  0  it =  1 
fitting smoothing spline: calculating gcv lambda... 
length(flag)  0  it =  1 
fitting smoothing spline: calculating gcv lambda... 
length(flag)  0  it =  1 
fitting smoothing spline: calculating gcv lambda... 
length(flag)  0  it =  1 
fitting smoothing spline: calculating gcv lambda... 
length(flag)  0  it =  1 
fitting smoothing spline: calculating gcv lambda... 
length(flag)  0  it =  1 
fitting smoothing spline: calculating gcv lambda... 
fitting smoothing spline with gcv lambda =  1e-04 .
fitting smoothing spline with gcv lambda =  1e-04 .
length(flag)  0  it =  2 
fitting smoothing spline: calculating gcv lambda... 
fitting smoothing spline with gcv lambda =  1e-04 .
fitting smoothing spline with gcv lambda =  1e-04 .
fitting smoothing spline with gcv lambda =  1e-04 .
fitting smoothing spline with gcv lambda =  1e-04 .
fitting smoothing spline with gcv lambda =  1e-04 .
fitting smoothing spline with gcv lambda =  1e-04 .
fitting smoothing spline with gcv lambda =  1e-04 .
fitting smoothing spline with gcv lambda =  1e-04 .
fitting smoothing spline with gcv lambda =  1e-04 .
fitting smoothing spline with gcv lambda =  1e-04 .
fitting smoothing spline with gcv lambda =  1e-04 .
fitting smoothing spline with gcv lambda =  1e-04 .
fitting smoothing spline with gcv lambda =  1e-04 .
fitting smoothing spline with gcv lambda =  1e-04 .
fitting smoothing spline with gcv lambda =  1e-04 .
fitting smoothing spline with gcv lambda =  1e-04 .
fitting smoothing spline with gcv lambda =  1e-04 .
fitting smoothing spline with gcv lambda =  1e-04 .
fitting smoothing spline with gcv lambda =  1e-04 .
inner it =  4 
rep =  1 
rep =  2 
rep =  3 
rep =  4 
rep =  5 
rep =  6 
rep =  7 
rep =  8 
rep =  9 
rep =  10 
rep =  11 
rep =  12 
rep =  13 
rep =  14 
rep =  15 
rep =  16 
rep =  17 
rep =  18 
rep =  19 
rep =  20 
cat1 	fitting smoothing spline: calculating gcv lambda... 
cat1 	fitting smoothing spline: calculating gcv lambda... 
cat1 	fitting smoothing spline: calculating gcv lambda... 
cat1 	fitting smoothing spline: calculating gcv lambda... 
cat1 	fitting smoothing spline: calculating gcv lambda... 
cat1 	fitting smoothing spline: calculating gcv lambda... 
cat1 	fitting smoothing spline: calculating gcv lambda... 
cat1 	fitting smoothing spline: calculating gcv lambda... 
cat1 	fitting smoothing spline: calculating gcv lambda... 
cat1 	fitting smoothing spline: calculating gcv lambda... 
cat1 	fitting smoothing spline: calculating gcv lambda... 
cat1 	fitting smoothing spline: calculating gcv lambda... 
cat2 	cat2 	cat2 	llh.pred =  -3995.553 	best.ind =  1 
length(flag)  573  it =  1 
cat2 	llh.pred =  -4026.353 	best.ind =  1 
length(flag)  573  it =  1 
cat1 	fitting smoothing spline: calculating gcv lambda... 
llh.pred =  -3978.149 	best.ind =  1 
length(flag)  570  it =  1 
llh.pred =  -3989.414 	best.ind =  1 
length(flag)  577  it =  1 
cat2 	llh.pred =  -4017.243 	llh.pred =  -3972.183 	best.ind =  2 
length(flag)  569  it =  1 
cat2 	llh.pred =  -4037.229 	cat2 	llh.pred =  -4032.254 	llh.pred =  -4020.08 	best.ind =  3 
length(flag)  572  it =  1 
llh.pred =  -4008.728 	llh.pred =  -3990.99 	llh.pred =  -3982.134 	best.ind =  3 
length(flag)  553  it =  1 
fitting smoothing spline with gcv lambda =  1e-04 .
fitting smoothing spline with gcv lambda =  1e-04 .
fitting smoothing spline with gcv lambda =  1e-04 .
fitting smoothing spline with gcv lambda =  1e-04 .
fitting smoothing spline with gcv lambda =  1e-04 .
fitting smoothing spline with gcv lambda =  1e-04 .
fitting smoothing spline with gcv lambda =  1e-04 .
fitting smoothing spline with gcv lambda =  1e-04 .
fitting smoothing spline with gcv lambda =  1e-04 .
fitting smoothing spline with gcv lambda =  1e-04 .
fitting smoothing spline with gcv lambda =  1e-04 .
fitting smoothing spline with gcv lambda =  1e-04 .
length(flag)  0  it =  1 
fitting smoothing spline: calculating gcv lambda... 
cat2 	length(flag)  0  it =  1 
fitting smoothing spline: calculating gcv lambda... 
length(flag)  0  it =  1 
fitting smoothing spline: calculating gcv lambda... 
length(flag)  0  it =  1 
fitting smoothing spline: calculating gcv lambda... 
llh.pred =  -4043.113 	best.ind =  1 
length(flag)  578  it =  2 
length(flag)  0  it =  1 
fitting smoothing spline: calculating gcv lambda... 
cat2 	length(flag)  0  it =  1 
fitting smoothing spline: calculating gcv lambda... 
length(flag)  0  it =  1 
fitting smoothing spline: calculating gcv lambda... 
llh.pred =  -3979.446 	best.ind =  1 
length(flag)  578  it =  2 
length(flag)  0  it =  1 
fitting smoothing spline: calculating gcv lambda... 
length(flag)  0  it =  1 
fitting smoothing spline: calculating gcv lambda... 
length(flag)  0  it =  1 
fitting smoothing spline: calculating gcv lambda... 
length(flag)  0  it =  1 
fitting smoothing spline: calculating gcv lambda... 
cat2 	llh.pred =  -4007.217 	llh.pred =  -3935.489 	best.ind =  2 
length(flag)  556  it =  2 
length(flag)  0  it =  1 
fitting smoothing spline: calculating gcv lambda... 
fitting smoothing spline with gcv lambda =  1e-04 .
cat2 	llh.pred =  -3951.951 	best.ind =  1 
length(flag)  546  it =  2 
length(flag)  0  it =  1 
fitting smoothing spline: calculating gcv lambda... 
cat2 	llh.pred =  -3990.65 	llh.pred =  -3979.44 	llh.pred =  -3960.276 	llh.pred =  -3927.617 	best.ind =  4 
length(flag)  555  it =  2 
cat2 	llh.pred =  -3994.866 	llh.pred =  -3984.66 	llh.pred =  -3978.161 	llh.pred =  -3951.023 	llh.pred =  -3938.067 	best.ind =  5 
length(flag)  556  it =  2 
cat2 	llh.pred =  -4004.766 	llh.pred =  -3999.294 	llh.pred =  -3994.51 	llh.pred =  -3971.492 	llh.pred =  -3948.736 	best.ind =  5 
length(flag)  549  it =  2 
fitting smoothing spline with gcv lambda =  1e-04 .
fitting smoothing spline with gcv lambda =  1e-04 .
fitting smoothing spline with gcv lambda =  1e-04 .
fitting smoothing spline with gcv lambda =  1e-04 .
fitting smoothing spline with gcv lambda =  1e-04 .
fitting smoothing spline with gcv lambda =  1e-04 .
fitting smoothing spline with gcv lambda =  1e-04 .
fitting smoothing spline with gcv lambda =  1e-04 .
fitting smoothing spline with gcv lambda =  1e-04 .
cat2 	fitting smoothing spline with gcv lambda =  1e-04 .
fitting smoothing spline with gcv lambda =  1e-04 .
llh.pred =  -4003.217 	best.ind =  1 
length(flag)  578  it =  3 
fitting smoothing spline with gcv lambda =  1e-04 .
cat2 	llh.pred =  -4042.879 	cat2 	llh.pred =  -4005.78 	cat2 	llh.pred =  -3976.316 	llh.pred =  -3957.615 	best.ind =  1 
length(flag)  552  it =  3 
llh.pred =  -3977.605 	best.ind =  3 
length(flag)  556  it =  3 
llh.pred =  -3972.293 	best.ind =  2 
length(flag)  572  it =  3 
fitting smoothing spline with gcv lambda =  1e-04 .
cat2 	llh.pred =  -3990.542 	llh.pred =  -3984.926 	llh.pred =  -3955.819 	best.ind =  3 
length(flag)  561  it =  3 
cat2 	llh.pred =  -3998.071 	llh.pred =  -3996.246 	llh.pred =  -3987.945 	best.ind =  3 
length(flag)  565  it =  3 
cat2 	llh.pred =  -3944.629 	best.ind =  1 
length(flag)  563  it =  4 
cat2 	cat1 	fitting smoothing spline: calculating gcv lambda... 
llh.pred =  -4008.287 	llh.pred =  -3995.569 	llh.pred =  -3985.894 	llh.pred =  -3978.278 	llh.pred =  -3950.57 	best.ind =  5 
length(flag)  551  it =  3 
cat2 	llh.pred =  -3951.527 	best.ind =  1 
length(flag)  551  it =  4 
cat2 	llh.pred =  -3981.354 	llh.pred =  -3977.888 	best.ind =  2 
length(flag)  576  it =  4 
cat2 	llh.pred =  -3990.542 	llh.pred =  -3988.266 	llh.pred =  -3956.98 	best.ind =  3 
length(flag)  561  it =  4 
cat2 	llh.pred =  -3994.497 	llh.pred =  -3988.511 	llh.pred =  -3937.34 	best.ind =  3 
length(flag)  556  it =  4 
cat2 	fitting smoothing spline with gcv lambda =  1e-04 .
llh.pred =  -4006.561 	best.ind =  1 
length(flag)  583  it =  5 
length(flag)  0  it =  4 
fitting smoothing spline: calculating gcv lambda... 
cat2 	llh.pred =  -3951.527 	best.ind =  1 
length(flag)  551  it =  5 
fitting smoothing spline: calculating gcv lambda... 
cat2 	llh.pred =  -3981.036 	cat2 	llh.pred =  -3971.496 	best.ind =  2 
length(flag)  571  it =  5 
llh.pred =  -4009.76 	llh.pred =  -3996.53 	llh.pred =  -3987.013 	llh.pred =  -3951.107 	best.ind =  4 
length(flag)  550  it =  4 
cat2 	llh.pred =  -3988.266 	llh.pred =  -3958.792 	best.ind =  2 
length(flag)  562  it =  5 
fitting smoothing spline with gcv lambda =  1e-09 .
fitting smoothing spline with gcv lambda =  1e-04 .
cat2 	cat2 	llh.pred =  -4004.522 	llh.pred =  -3996.088 	llh.pred =  -3995.607 	llh.pred =  -3988.127 	llh.pred =  -3972.27 	llh.pred =  -3980.708 	llh.pred =  -3942.076 	best.ind =  4 
length(flag)  560  it =  6 
llh.pred =  -3947.218 	llh.pred =  -3928.524 	best.ind =  5 
length(flag)  551  it =  5 
cat2 	llh.pred =  -3976.57 	best.ind =  1 
length(flag)  575  it =  6 
cat2 	llh.pred =  -4008.336 	llh.pred =  -3996.53 	llh.pred =  -3987.013 	llh.pred =  -3950.216 	best.ind =  4 
length(flag)  550  it =  5 
fitting smoothing spline: calculating gcv lambda... 
cat2 	llh.pred =  -3991.544 	llh.pred =  -3985.675 	llh.pred =  -3958.792 	best.ind =  3 
length(flag)  562  it =  6 
fitting smoothing spline: calculating gcv lambda... 
cat2 	llh.pred =  -4006.561 	best.ind =  1 
length(flag)  583  it =  7 
fitting smoothing spline: calculating gcv lambda... 
cat2 	llh.pred =  -3979.018 	llh.pred =  -3971.496 	llh.pred =  -3933.04 	best.ind =  3 
length(flag)  562  it =  7 
cat2 	llh.pred =  -3995.584 	llh.pred =  -3986.46 	fitting smoothing spline with gcv lambda =  1e-09 .
llh.pred =  -3982.782 	llh.pred =  -3930.934 	best.ind =  4 
length(flag)  551  it =  6 
fitting smoothing spline: calculating gcv lambda... 
fitting smoothing spline with gcv lambda =  1e-05 .
fitting smoothing spline with gcv lambda =  1e-04 .
fitting smoothing spline with gcv lambda =  1e-09 .
cat2 	llh.pred =  -3986.064 	llh.pred =  -3977.188 	best.ind =  2 
length(flag)  575  it =  8 
cat2 	llh.pred =  -3987.092 	llh.pred =  -3982.365 	llh.pred =  -3971.496 	best.ind =  3 
length(flag)  571  it =  9 
fitting smoothing spline: calculating gcv lambda... 
fitting smoothing spline with gcv lambda =  1e-04 .
inner it =  5 
rep =  2 
rep =  1 
rep =  3 
rep =  4 
rep =  5 
rep =  6 
rep =  7 
rep =  8 
rep =  9 
rep =  10 
rep =  11 
rep =  12 
rep =  13 
rep =  14 
rep =  15 
rep =  16 
rep =  17 
rep =  18 
rep =  19 
rep =  20 
cat1 	fitting smoothing spline: calculating gcv lambda... 
cat1 	fitting smoothing spline: calculating gcv lambda... 
cat1 	fitting smoothing spline: calculating gcv lambda... 
cat1 	fitting smoothing spline: calculating gcv lambda... 
cat1 	fitting smoothing spline: calculating gcv lambda... 
cat1 	fitting smoothing spline: calculating gcv lambda... 
cat1 	fitting smoothing spline: calculating gcv lambda... 
cat1 	fitting smoothing spline: calculating gcv lambda... 
cat1 	fitting smoothing spline: calculating gcv lambda... 
cat1 	fitting smoothing spline: calculating gcv lambda... 
cat1 	fitting smoothing spline: calculating gcv lambda... 
cat1 	fitting smoothing spline: calculating gcv lambda... 
cat2 	cat2 	llh.pred =  -4029.816 	best.ind =  1 
length(flag)  579  it =  1 
llh.pred =  -4043.991 	best.ind =  1 
length(flag)  574  it =  1 
cat2 	llh.pred =  -4076.279 	llh.pred =  -4067.681 	best.ind =  2 
length(flag)  604  it =  1 
cat2 	llh.pred =  -4038.199 	cat2 	llh.pred =  -4029.22 	llh.pred =  -3994.806 	llh.pred =  -4023.749 	best.ind =  3 
length(flag)  579  it =  1 
llh.pred =  -3996.161 	llh.pred =  -3991.761 	best.ind =  3 
length(flag)  590  it =  1 
cat2 	cat2 	llh.pred =  -4007.961 	llh.pred =  -4021.132 	llh.pred =  -4008.833 	llh.pred =  -4017.525 	llh.pred =  -4004.047 	llh.pred =  -4027.564 	llh.pred =  -3976.46 	best.ind =  4 
length(flag)  584  it =  1 
llh.pred =  -4016.182 	best.ind =  4 
length(flag)  585  it =  1 
cat2 	llh.pred =  -3988.804 	llh.pred =  -4004.089 	llh.pred =  -3999.004 	llh.pred =  -3995.634 	llh.pred =  -3975.044 	best.ind =  5 
length(flag)  547  it =  1 
fitting smoothing spline with gcv lambda =  1e-04 .
fitting smoothing spline with gcv lambda =  1e-04 .
cat1 	fitting smoothing spline: calculating gcv lambda... 
fitting smoothing spline with gcv lambda =  1e-04 .
fitting smoothing spline with gcv lambda =  1e-04 .
fitting smoothing spline with gcv lambda =  1e-04 .
fitting smoothing spline with gcv lambda =  1e-04 .
fitting smoothing spline with gcv lambda =  1e-04 .
fitting smoothing spline with gcv lambda =  1e-04 .
fitting smoothing spline with gcv lambda =  1e-04 .
fitting smoothing spline with gcv lambda =  1e-04 .
fitting smoothing spline with gcv lambda =  1e-04 .
fitting smoothing spline with gcv lambda =  1e-04 .
length(flag)  0  it =  1 
fitting smoothing spline: calculating gcv lambda... 
length(flag)  0  it =  1 
fitting smoothing spline: calculating gcv lambda... 
length(flag)  0  it =  1 
fitting smoothing spline: calculating gcv lambda... 
length(flag)  0  it =  1 
fitting smoothing spline: calculating gcv lambda... 
length(flag)  0  it =  1 
fitting smoothing spline: calculating gcv lambda... 
cat1 	fitting smoothing spline: calculating gcv lambda... 
length(flag)  0  it =  1 
fitting smoothing spline: calculating gcv lambda... 
length(flag)  0  it =  1 
fitting smoothing spline: calculating gcv lambda... 
length(flag)  0  it =  1 
fitting smoothing spline: calculating gcv lambda... 
length(flag)  0  it =  1 
fitting smoothing spline: calculating gcv lambda... 
length(flag)  0  it =  1 
fitting smoothing spline: calculating gcv lambda... 
length(flag)  0  it =  1 
fitting smoothing spline: calculating gcv lambda... 
length(flag)  0  it =  1 
fitting smoothing spline: calculating gcv lambda... 
cat1 	fitting smoothing spline: calculating gcv lambda... 
cat2 	llh.pred =  -4037.816 	llh.pred =  -4031.913 	best.ind =  2 
length(flag)  588  it =  2 
cat2 	llh.pred =  -3939.743 	best.ind =  1 
length(flag)  554  it =  2 
cat2 	llh.pred =  -4046.55 	llh.pred =  -4036.15 	cat2 	llh.pred =  -4033.249 	llh.pred =  -4037.385 	llh.pred =  -4024.574 	llh.pred =  -4024.63 	llh.pred =  -3997.84 	llh.pred =  -4018.868 	best.ind =  3 
length(flag)  581  it =  2 
llh.pred =  -3966.058 	best.ind =  6 
length(flag)  545  it =  2 
fitting smoothing spline with gcv lambda =  1e-04 .
fitting smoothing spline with gcv lambda =  1e-04 .
fitting smoothing spline with gcv lambda =  1e-04 .
length(flag)  0  it =  2 
fitting smoothing spline: calculating gcv lambda... 
fitting smoothing spline with gcv lambda =  1e-04 .
fitting smoothing spline with gcv lambda =  1e-04 .
fitting smoothing spline with gcv lambda =  1e-04 .
fitting smoothing spline with gcv lambda =  1e-04 .
fitting smoothing spline with gcv lambda =  1e-04 .
fitting smoothing spline with gcv lambda =  1e-04 .
fitting smoothing spline with gcv lambda =  1e-04 .
fitting smoothing spline with gcv lambda =  1e-04 .
fitting smoothing spline with gcv lambda =  1e-04 .
fitting smoothing spline with gcv lambda =  1e-04 .
fitting smoothing spline with gcv lambda =  1e-04 .
fitting smoothing spline with gcv lambda =  1e-04 .
length(flag)  0  it =  2 
fitting smoothing spline: calculating gcv lambda... 
cat2 	length(flag)  0  it =  2 
fitting smoothing spline: calculating gcv lambda... 
llh.pred =  -4017.74 	llh.pred =  -4000.827 	llh.pred =  -3999.291 	llh.pred =  -3995.053 	cat2 	llh.pred =  -3975.571 	cat2 	llh.pred =  -3936.751 	best.ind =  6 
length(flag)  532  it =  2 
llh.pred =  -4047.165 	best.ind =  1 
length(flag)  592  it =  3 
llh.pred =  -4003.639 	best.ind =  1 
length(flag)  583  it =  3 
cat1 	fitting smoothing spline: calculating gcv lambda... 
cat2 	llh.pred =  -4031.834 	llh.pred =  -4030.245 	llh.pred =  -4025.4 	llh.pred =  -4012.179 	best.ind =  4 
length(flag)  581  it =  3 
fitting smoothing spline with gcv lambda =  1e-04 .
fitting smoothing spline with gcv lambda =  1e-04 .
cat1 	fitting smoothing spline: calculating gcv lambda... 
fitting smoothing spline with gcv lambda =  1e-04 .
cat2 	llh.pred =  -4003.949 	llh.pred =  -3994.354 	best.ind =  2 
length(flag)  578  it =  4 
fitting smoothing spline with gcv lambda =  1e-04 .
length(flag)  0  it =  3 
fitting smoothing spline: calculating gcv lambda... 
cat2 	llh.pred =  -3987.86 	llh.pred =  -4012.44 	llh.pred =  -4003.787 	llh.pred =  -3977.431 	llh.pred =  -3980.867 	llh.pred =  -3935.377 	best.ind =  6 
length(flag)  531  it =  3 
cat2 	llh.pred =  -4027.834 	fitting smoothing spline with gcv lambda =  1e-04 .
llh.pred =  -4025.832 	llh.pred =  -4010.944 	best.ind =  3 
length(flag)  581  it =  4 
length(flag)  0  it =  4 
fitting smoothing spline: calculating gcv lambda... 
cat2 	llh.pred =  -4010.763 	llh.pred =  -3998.008 	best.ind =  2 
length(flag)  578  it =  5 
fitting smoothing spline with gcv lambda =  1e-04 .
fitting smoothing spline with gcv lambda =  1e-04 .
cat2 	llh.pred =  -4027.834 	cat2 	llh.pred =  -4025.832 	best.ind =  2 
length(flag)  587  it =  5 
llh.pred =  -3994.18 	llh.pred =  -4010.118 	llh.pred =  -3993.269 	cat2 	llh.pred =  -3979.504 	llh.pred =  -3935.377 	best.ind =  5 
length(flag)  531  it =  4 
fitting smoothing spline: calculating gcv lambda... 
llh.pred =  -3998.008 	best.ind =  1 
length(flag)  578  it =  6 
fitting smoothing spline: calculating gcv lambda... 
fitting smoothing spline with gcv lambda =  1e-04 .
fitting smoothing spline with gcv lambda =  1e-09 .
cat2 	llh.pred =  -4027.633 	llh.pred =  -4023.229 	llh.pred =  -4010.019 	best.ind =  3 
length(flag)  579  it =  6 
cat2 	llh.pred =  -4027.834 	llh.pred =  -4025.91 	llh.pred =  -4012.319 	best.ind =  3 
length(flag)  581  it =  7 
fitting smoothing spline: calculating gcv lambda... 
fitting smoothing spline with gcv lambda =  1e-04 .
inner it =  6 
rep =  1 
rep =  2 
rep =  3 
rep =  4 
rep =  5 
rep =  6 
rep =  7 
rep =  8 
rep =  9 
rep =  10 
rep =  11 
rep =  12 
rep =  13 
rep =  14 
rep =  15 
rep =  16 
rep =  17 
rep =  18 
rep =  20 
rep =  19 
cat1 	fitting smoothing spline: calculating gcv lambda... 
cat1 	fitting smoothing spline: calculating gcv lambda... 
cat1 	fitting smoothing spline: calculating gcv lambda... 
cat1 	fitting smoothing spline: calculating gcv lambda... 
cat1 	fitting smoothing spline: calculating gcv lambda... 
cat1 	fitting smoothing spline: calculating gcv lambda... 
cat1 	fitting smoothing spline: calculating gcv lambda... 
cat1 	fitting smoothing spline: calculating gcv lambda... 
cat1 	fitting smoothing spline: calculating gcv lambda... 
cat1 	fitting smoothing spline: calculating gcv lambda... 
cat1 	fitting smoothing spline: calculating gcv lambda... 
cat1 	fitting smoothing spline: calculating gcv lambda... 
cat1 	fitting smoothing spline: calculating gcv lambda... 
cat1 	fitting smoothing spline: calculating gcv lambda... 
cat1 	fitting smoothing spline: calculating gcv lambda... 
cat1 	fitting smoothing spline: calculating gcv lambda... 
cat1 	fitting smoothing spline: calculating gcv lambda... 
cat1 	fitting smoothing spline: calculating gcv lambda... 
cat1 	fitting smoothing spline: calculating gcv lambda... 
cat2 	llh.pred =  -4005.618 	llh.pred =  -4001.004 	best.ind =  2 
length(flag)  565  it =  1 
fitting smoothing spline with gcv lambda =  1e-04 .
fitting smoothing spline with gcv lambda =  1e-04 .
fitting smoothing spline with gcv lambda =  1e-04 .
fitting smoothing spline with gcv lambda =  1e-04 .
fitting smoothing spline with gcv lambda =  1e-04 .
fitting smoothing spline with gcv lambda =  1e-04 .
fitting smoothing spline with gcv lambda =  1e-04 .
fitting smoothing spline with gcv lambda =  1e-04 .
fitting smoothing spline with gcv lambda =  1e-04 .
fitting smoothing spline with gcv lambda =  1e-04 .
fitting smoothing spline with gcv lambda =  1e-04 .
fitting smoothing spline with gcv lambda =  1e-04 .
fitting smoothing spline with gcv lambda =  1e-04 .
fitting smoothing spline with gcv lambda =  1e-04 .
fitting smoothing spline with gcv lambda =  1e-04 .
fitting smoothing spline with gcv lambda =  1e-04 .
fitting smoothing spline with gcv lambda =  1e-04 .
length(flag)  0  it =  1 
fitting smoothing spline: calculating gcv lambda... 
fitting smoothing spline with gcv lambda =  1e-04 .
length(flag)  0  it =  1 
fitting smoothing spline: calculating gcv lambda... 
length(flag)  0  it =  1 
fitting smoothing spline: calculating gcv lambda... 
length(flag)  0  it =  1 
fitting smoothing spline: calculating gcv lambda... 
length(flag)  0  it =  1 
fitting smoothing spline: calculating gcv lambda... 
length(flag)  0  it =  1 
fitting smoothing spline: calculating gcv lambda... 
length(flag)  0  it =  1 
fitting smoothing spline: calculating gcv lambda... 
length(flag)  0  it =  1 
fitting smoothing spline: calculating gcv lambda... 
length(flag)  0  it =  1 
fitting smoothing spline: calculating gcv lambda... 
length(flag)  0  it =  1 
fitting smoothing spline: calculating gcv lambda... 
length(flag)  0  it =  1 
fitting smoothing spline: calculating gcv lambda... 
length(flag)  0  it =  1 
fitting smoothing spline: calculating gcv lambda... 
length(flag)  0  it =  1 
fitting smoothing spline: calculating gcv lambda... 
fitting smoothing spline with gcv lambda =  1e-04 .
length(flag)  0  it =  1 
fitting smoothing spline: calculating gcv lambda... 
length(flag)  0  it =  1 
fitting smoothing spline: calculating gcv lambda... 
length(flag)  0  it =  1 
fitting smoothing spline: calculating gcv lambda... 
length(flag)  0  it =  1 
fitting smoothing spline: calculating gcv lambda... 
length(flag)  0  it =  1 
fitting smoothing spline: calculating gcv lambda... 
length(flag)  0  it =  1 
fitting smoothing spline: calculating gcv lambda... 
cat2 	llh.pred =  -4009.39 	llh.pred =  -3998.024 	llh.pred =  -3937.413 	best.ind =  3 
length(flag)  550  it =  2 
fitting smoothing spline with gcv lambda =  1e-04 .
fitting smoothing spline with gcv lambda =  1e-04 .
fitting smoothing spline with gcv lambda =  1e-04 .
fitting smoothing spline with gcv lambda =  1e-04 .
fitting smoothing spline with gcv lambda =  1e-04 .
fitting smoothing spline with gcv lambda =  1e-04 .
fitting smoothing spline with gcv lambda =  1e-04 .
fitting smoothing spline with gcv lambda =  1e-04 .
fitting smoothing spline with gcv lambda =  1e-04 .
fitting smoothing spline with gcv lambda =  1e-04 .
fitting smoothing spline with gcv lambda =  1e-04 .
fitting smoothing spline with gcv lambda =  1e-04 .
fitting smoothing spline with gcv lambda =  1e-04 .
fitting smoothing spline with gcv lambda =  1e-04 .
fitting smoothing spline with gcv lambda =  1e-04 .
fitting smoothing spline with gcv lambda =  1e-04 .
fitting smoothing spline with gcv lambda =  1e-04 .
fitting smoothing spline with gcv lambda =  1e-04 .
cat1 	fitting smoothing spline: calculating gcv lambda... 
fitting smoothing spline with gcv lambda =  1e-04 .
fitting smoothing spline with gcv lambda =  1e-04 .
length(flag)  0  it =  3 
fitting smoothing spline: calculating gcv lambda... 
fitting smoothing spline with gcv lambda =  1e-04 .
inner it =  7 
rep =  1 
rep =  2 
rep =  3 
rep =  4 
rep =  5 
rep =  6 
rep =  7 
rep =  8 
rep =  9 
rep =  10 
rep =  11 
rep =  12 
rep =  13 
rep =  14 
rep =  15 
rep =  16 
rep =  17 
rep =  18 
rep =  19 
rep =  20 
cat1 	fitting smoothing spline: calculating gcv lambda... 
cat1 	fitting smoothing spline: calculating gcv lambda... 
cat1 	fitting smoothing spline: calculating gcv lambda... 
cat1 	fitting smoothing spline: calculating gcv lambda... 
cat1 	fitting smoothing spline: calculating gcv lambda... 
cat1 	fitting smoothing spline: calculating gcv lambda... 
cat1 	fitting smoothing spline: calculating gcv lambda... 
cat1 	fitting smoothing spline: calculating gcv lambda... 
cat1 	fitting smoothing spline: calculating gcv lambda... 
cat1 	fitting smoothing spline: calculating gcv lambda... 
cat1 	fitting smoothing spline: calculating gcv lambda... 
cat1 	fitting smoothing spline: calculating gcv lambda... 
cat1 	fitting smoothing spline: calculating gcv lambda... 
cat1 	fitting smoothing spline: calculating gcv lambda... 
cat1 	fitting smoothing spline: calculating gcv lambda... 
cat1 	fitting smoothing spline: calculating gcv lambda... 
cat1 	fitting smoothing spline: calculating gcv lambda... 
cat1 	fitting smoothing spline: calculating gcv lambda... 
cat1 	fitting smoothing spline: calculating gcv lambda... 
cat1 	fitting smoothing spline: calculating gcv lambda... 
fitting smoothing spline with gcv lambda =  1e-04 .
fitting smoothing spline with gcv lambda =  1e-04 .
fitting smoothing spline with gcv lambda =  1e-04 .
fitting smoothing spline with gcv lambda =  1e-04 .
fitting smoothing spline with gcv lambda =  1e-04 .
fitting smoothing spline with gcv lambda =  1e-04 .
fitting smoothing spline with gcv lambda =  1e-04 .
fitting smoothing spline with gcv lambda =  1e-04 .
fitting smoothing spline with gcv lambda =  1e-04 .
fitting smoothing spline with gcv lambda =  1e-04 .
fitting smoothing spline with gcv lambda =  1e-04 .
fitting smoothing spline with gcv lambda =  1e-04 .
fitting smoothing spline with gcv lambda =  1e-04 .
fitting smoothing spline with gcv lambda =  1e-04 .
fitting smoothing spline with gcv lambda =  1e-04 .
fitting smoothing spline with gcv lambda =  1e-04 .
fitting smoothing spline with gcv lambda =  1e-04 .
fitting smoothing spline with gcv lambda =  1e-04 .
fitting smoothing spline with gcv lambda =  1e-04 .
length(flag)  0  it =  1 
fitting smoothing spline: calculating gcv lambda... 
length(flag)  0  it =  1 
fitting smoothing spline: calculating gcv lambda... 
length(flag)  0  it =  1 
fitting smoothing spline: calculating gcv lambda... 
length(flag)  0  it =  1 
fitting smoothing spline: calculating gcv lambda... 
length(flag)  0  it =  1 
fitting smoothing spline: calculating gcv lambda... 
length(flag)  0  it =  1 
fitting smoothing spline: calculating gcv lambda... 
length(flag)  0  it =  1 
fitting smoothing spline: calculating gcv lambda... 
length(flag)  0  it =  1 
fitting smoothing spline: calculating gcv lambda... 
length(flag)  0  it =  1 
fitting smoothing spline: calculating gcv lambda... 
length(flag)  0  it =  1 
fitting smoothing spline: calculating gcv lambda... 
length(flag)  0  it =  1 
fitting smoothing spline: calculating gcv lambda... 
length(flag)  0  it =  1 
fitting smoothing spline: calculating gcv lambda... 
length(flag) length(flag)   00   it =  it =   11  

fitting smoothing spline: calculating gcv lambda... 
fitting smoothing spline: calculating gcv lambda... 
length(flag)  0  it =  1 
fitting smoothing spline: calculating gcv lambda... 
fitting smoothing spline with gcv lambda =  1e-04 .
length(flag)  0  it =  1 
fitting smoothing spline: calculating gcv lambda... 
length(flag)  0  it =  1 
fitting smoothing spline: calculating gcv lambda... 
length(flag)  0  it =  1 
fitting smoothing spline: calculating gcv lambda... 
length(flag)  0  it =  1 
fitting smoothing spline: calculating gcv lambda... 
length(flag)  0  it =  1 
fitting smoothing spline: calculating gcv lambda... 
fitting smoothing spline with gcv lambda =  1e-04 .
fitting smoothing spline with gcv lambda =  1e-04 .
fitting smoothing spline with gcv lambda =  1e-04 .
fitting smoothing spline with gcv lambda =  1e-04 .
fitting smoothing spline with gcv lambda =  1e-04 .
fitting smoothing spline with gcv lambda =  1e-04 .
fitting smoothing spline with gcv lambda =  1e-04 .
fitting smoothing spline with gcv lambda =  1e-04 .
fitting smoothing spline with gcv lambda =  1e-04 .
fitting smoothing spline with gcv lambda =  1e-04 .
fitting smoothing spline with gcv lambda =  1e-04 .
fitting smoothing spline with gcv lambda =  1e-04 .
fitting smoothing spline with gcv lambda =  1e-04 .
fitting smoothing spline with gcv lambda =  1e-04 .
fitting smoothing spline with gcv lambda =  1e-04 .
fitting smoothing spline with gcv lambda =  1e-04 .
fitting smoothing spline with gcv lambda =  1e-04 .
fitting smoothing spline with gcv lambda =  1e-04 .
fitting smoothing spline with gcv lambda =  1e-04 .
fitting smoothing spline with gcv lambda =  1e-04 .
inner it =  8 
rep =  2 
rep =  1 
rep =  3 
rep =  4 
rep =  5 
rep =  6 
rep =  7 
rep =  8 
rep =  9 
rep =  10 
rep =  11 
rep =  12 
rep =  13 
rep =  14 
rep =  15 
rep =  16 
rep =  17 
rep =  18 
rep =  19 
rep =  20 
cat1 	fitting smoothing spline: calculating gcv lambda... 
cat1 	fitting smoothing spline: calculating gcv lambda... 
cat1 	fitting smoothing spline: calculating gcv lambda... 
cat1 	fitting smoothing spline: calculating gcv lambda... 
cat1 	fitting smoothing spline: calculating gcv lambda... 
cat1 	fitting smoothing spline: calculating gcv lambda... 
cat1 	fitting smoothing spline: calculating gcv lambda... 
cat1 	fitting smoothing spline: calculating gcv lambda... 
cat1 	fitting smoothing spline: calculating gcv lambda... 
cat1 	fitting smoothing spline: calculating gcv lambda... 
cat1 	fitting smoothing spline: calculating gcv lambda... 
cat1 	fitting smoothing spline: calculating gcv lambda... 
cat1 	fitting smoothing spline: calculating gcv lambda... 
cat1 	fitting smoothing spline: calculating gcv lambda... 
cat1 	fitting smoothing spline: calculating gcv lambda... 
cat1 	fitting smoothing spline: calculating gcv lambda... 
cat1 	fitting smoothing spline: calculating gcv lambda... 
cat1 	fitting smoothing spline: calculating gcv lambda... 
cat1 	fitting smoothing spline: calculating gcv lambda... 
cat1 	fitting smoothing spline: calculating gcv lambda... 
fitting smoothing spline with gcv lambda =  1e-04 .
fitting smoothing spline with gcv lambda =  1e-04 .
fitting smoothing spline with gcv lambda =  1e-04 .
fitting smoothing spline with gcv lambda =  1e-04 .
fitting smoothing spline with gcv lambda =  1e-04 .
fitting smoothing spline with gcv lambda =  1e-04 .
fitting smoothing spline with gcv lambda =  1e-04 .
fitting smoothing spline with gcv lambda =  1e-04 .
fitting smoothing spline with gcv lambda =  1e-04 .
fitting smoothing spline with gcv lambda =  1e-04 .
fitting smoothing spline with gcv lambda =  1e-04 .
fitting smoothing spline with gcv lambda =  1e-04 .
fitting smoothing spline with gcv lambda =  1e-04 .
fitting smoothing spline with gcv lambda =  1e-04 .
length(flag)  0  it =  1 
fitting smoothing spline: calculating gcv lambda... 
length(flag)  0  it =  1 
fitting smoothing spline: calculating gcv lambda... 
length(flag)  0  it =  1 
fitting smoothing spline: calculating gcv lambda... 
fitting smoothing spline with gcv lambda =  1e-04 .
fitting smoothing spline with gcv lambda =  1e-04 .
length(flag)  0  it =  1 
fitting smoothing spline: calculating gcv lambda... 
length(flag)  0  it =  1 
fitting smoothing spline: calculating gcv lambda... 
length(flag)  0  it =  1 
fitting smoothing spline: calculating gcv lambda... 
length(flag)  0  it =  1 
fitting smoothing spline: calculating gcv lambda... 
length(flag)  0  it =  1 
fitting smoothing spline: calculating gcv lambda... 
length(flag)  0  it =  1 
fitting smoothing spline: calculating gcv lambda... 
length(flag)  0  it =  1 
fitting smoothing spline: calculating gcv lambda... 
length(flag)  0  it =  1 
fitting smoothing spline: calculating gcv lambda... 
length(flag)  0  it =  1 
fitting smoothing spline: calculating gcv lambda... 
length(flag)  0  it =  1 
fitting smoothing spline: calculating gcv lambda... 
length(flag)  0  it =  1 
fitting smoothing spline: calculating gcv lambda... 
fitting smoothing spline with gcv lambda =  1e-04 .
length(flag)  0  it =  1 
fitting smoothing spline: calculating gcv lambda... 
length(flag)  0  it =  1 
fitting smoothing spline: calculating gcv lambda... 
fitting smoothing spline with gcv lambda =  1e-04 .
fitting smoothing spline with gcv lambda =  1e-04 .
length(flag)  0  it =  1 
fitting smoothing spline: calculating gcv lambda... 
length(flag)  0  it =  1 
fitting smoothing spline: calculating gcv lambda... 
length(flag)  0  it =  1 
fitting smoothing spline: calculating gcv lambda... 
fitting smoothing spline with gcv lambda =  1e-04 .
length(flag)  0  it =  1 
fitting smoothing spline: calculating gcv lambda... 
fitting smoothing spline with gcv lambda =  1e-04 .
fitting smoothing spline with gcv lambda =  1e-04 .
fitting smoothing spline with gcv lambda =  1e-04 .
fitting smoothing spline with gcv lambda =  1e-04 .
fitting smoothing spline with gcv lambda =  1e-04 .
fitting smoothing spline with gcv lambda =  1e-04 .
fitting smoothing spline with gcv lambda =  1e-04 .
fitting smoothing spline with gcv lambda =  1e-04 .
fitting smoothing spline with gcv lambda =  1e-04 .
fitting smoothing spline with gcv lambda =  1e-04 .
fitting smoothing spline with gcv lambda =  1e-04 .
fitting smoothing spline with gcv lambda =  1e-04 .
fitting smoothing spline with gcv lambda =  1e-04 .
fitting smoothing spline with gcv lambda =  1e-04 .
fitting smoothing spline with gcv lambda =  1e-04 .
fitting smoothing spline with gcv lambda =  1e-04 .
fitting smoothing spline with gcv lambda =  1e-04 .
fitting smoothing spline with gcv lambda =  1e-04 .
fitting smoothing spline with gcv lambda =  1e-04 .
fitting smoothing spline with gcv lambda =  1e-04 .
inner it =  9 
rep =  1 
rep =  2 
rep =  3 
rep =  4 
rep =  5 
rep =  6 
rep =  7 
rep =  8 
rep =  9 
rep =  10 
rep =  11 
rep =  12 
rep =  13 
rep =  14 
rep =  15 
rep =  16 
rep =  17 
rep =  19 
rep =  18 
rep =  20 
cat1 	fitting smoothing spline: calculating gcv lambda... 
cat1 	fitting smoothing spline: calculating gcv lambda... 
cat1 	fitting smoothing spline: calculating gcv lambda... 
cat1 	fitting smoothing spline: calculating gcv lambda... 
cat1 	fitting smoothing spline: calculating gcv lambda... 
cat1 	fitting smoothing spline: calculating gcv lambda... 
cat1 	fitting smoothing spline: calculating gcv lambda... 
cat1 	fitting smoothing spline: calculating gcv lambda... 
cat1 	fitting smoothing spline: calculating gcv lambda... 
cat1 	fitting smoothing spline: calculating gcv lambda... 
cat1 	fitting smoothing spline: calculating gcv lambda... 
cat1 	fitting smoothing spline: calculating gcv lambda... 
cat1 	fitting smoothing spline: calculating gcv lambda... 
cat1 	fitting smoothing spline: calculating gcv lambda... 
cat1 	fitting smoothing spline: calculating gcv lambda... 
cat1 	fitting smoothing spline: calculating gcv lambda... 
cat1 	fitting smoothing spline: calculating gcv lambda... 
cat1 	fitting smoothing spline: calculating gcv lambda... 
cat1 	fitting smoothing spline: calculating gcv lambda... 
cat1 	fitting smoothing spline: calculating gcv lambda... 
fitting smoothing spline with gcv lambda =  1e-04 .
fitting smoothing spline with gcv lambda =  1e-04 .
fitting smoothing spline with gcv lambda =  1e-04 .
fitting smoothing spline with gcv lambda =  1e-04 .
fitting smoothing spline with gcv lambda =  1e-04 .
fitting smoothing spline with gcv lambda =  1e-04 .
fitting smoothing spline with gcv lambda =  1e-04 .
fitting smoothing spline with gcv lambda =  1e-04 .
fitting smoothing spline with gcv lambda =  1e-04 .
fitting smoothing spline with gcv lambda =  1e-04 .
fitting smoothing spline with gcv lambda =  1e-04 .
fitting smoothing spline with gcv lambda =  1e-04 .
fitting smoothing spline with gcv lambda =  1e-04 .
fitting smoothing spline with gcv lambda =  1e-04 .
fitting smoothing spline with gcv lambda =  1e-04 .
fitting smoothing spline with gcv lambda =  1e-04 .
fitting smoothing spline with gcv lambda =  1e-04 .
fitting smoothing spline with gcv lambda =  1e-04 .
length(flag)  0  it =  1 
fitting smoothing spline: calculating gcv lambda... 
length(flag)  0  it =  1 
fitting smoothing spline: calculating gcv lambda... 
length(flag)  0  it =  1 
fitting smoothing spline: calculating gcv lambda... 
length(flag)  0  it =  1 
fitting smoothing spline: calculating gcv lambda... 
length(flag)  0  it =  1 
fitting smoothing spline: calculating gcv lambda... 
length(flag)  0  it =  1 
fitting smoothing spline: calculating gcv lambda... 
length(flag)  0  it =  1 
fitting smoothing spline: calculating gcv lambda... 
length(flag)  0  it =  1 
fitting smoothing spline: calculating gcv lambda... 
length(flag)  0  it =  1 
fitting smoothing spline: calculating gcv lambda... 
length(flag)  0  it =  1 
fitting smoothing spline: calculating gcv lambda... 
length(flag)  0  it =  1 
fitting smoothing spline: calculating gcv lambda... 
length(flag)  0  it =  1 
fitting smoothing spline: calculating gcv lambda... 
length(flag)  0  it =  1 
fitting smoothing spline: calculating gcv lambda... 
length(flag)  0  it =  1 
fitting smoothing spline: calculating gcv lambda... 
length(flag)  0  it =  1 
fitting smoothing spline: calculating gcv lambda... 
length(flag)  0  it =  1 
fitting smoothing spline: calculating gcv lambda... 
length(flag)  0  it =  1 
fitting smoothing spline: calculating gcv lambda... 
length(flag)  0  it =  1 
fitting smoothing spline: calculating gcv lambda... 
fitting smoothing spline with gcv lambda =  1e-04 .
fitting smoothing spline with gcv lambda =  1e-04 .
length(flag)  0  it =  1 
fitting smoothing spline: calculating gcv lambda... 
length(flag)  0  it =  1 
fitting smoothing spline: calculating gcv lambda... 
fitting smoothing spline with gcv lambda =  1e-04 .
fitting smoothing spline with gcv lambda =  1e-04 .
fitting smoothing spline with gcv lambda =  1e-04 .
fitting smoothing spline with gcv lambda =  1e-04 .
fitting smoothing spline with gcv lambda =  1e-04 .
fitting smoothing spline with gcv lambda =  1e-04 .
fitting smoothing spline with gcv lambda =  1e-04 .
fitting smoothing spline with gcv lambda =  1e-04 .
fitting smoothing spline with gcv lambda =  1e-04 .
fitting smoothing spline with gcv lambda =  1e-04 .
fitting smoothing spline with gcv lambda =  1e-04 .
fitting smoothing spline with gcv lambda =  1e-04 .
fitting smoothing spline with gcv lambda =  1e-04 .
fitting smoothing spline with gcv lambda =  1e-04 .
fitting smoothing spline with gcv lambda =  1e-04 .
fitting smoothing spline with gcv lambda =  1e-04 .
fitting smoothing spline with gcv lambda =  1e-04 .
fitting smoothing spline with gcv lambda =  1e-04 .
fitting smoothing spline with gcv lambda =  1e-04 .
fitting smoothing spline with gcv lambda =  1e-04 .
inner it =  10 
rep =  1 
rep =  2 
rep =  3 
rep =  4 
rep =  5 
rep =  6 
rep =  7 
rep =  8 
rep =  9 
rep =  10 
rep =  11 
rep =  12 
rep =  13 
rep =  14 
rep = rep =   1516  

rep =  17 
rep =  18 
rep =  20 
rep =  19 
cat1 	fitting smoothing spline: calculating gcv lambda... 
cat1 	fitting smoothing spline: calculating gcv lambda... 
cat1 	fitting smoothing spline: calculating gcv lambda... 
cat1 	fitting smoothing spline: calculating gcv lambda... 
cat1 	fitting smoothing spline: calculating gcv lambda... 
cat1 	fitting smoothing spline: calculating gcv lambda... 
cat1 	fitting smoothing spline: calculating gcv lambda... 
cat1 	fitting smoothing spline: calculating gcv lambda... 
cat1 	fitting smoothing spline: calculating gcv lambda... 
cat1 	fitting smoothing spline: calculating gcv lambda... 
cat1 	fitting smoothing spline: calculating gcv lambda... 
cat1 	fitting smoothing spline: calculating gcv lambda... 
cat1 	fitting smoothing spline: calculating gcv lambda... 
cat1 	fitting smoothing spline: calculating gcv lambda... 
cat1 	fitting smoothing spline: calculating gcv lambda... 
cat1 	fitting smoothing spline: calculating gcv lambda... 
cat1 	fitting smoothing spline: calculating gcv lambda... 
cat1 	fitting smoothing spline: calculating gcv lambda... 
cat1 	fitting smoothing spline: calculating gcv lambda... 
cat1 	fitting smoothing spline: calculating gcv lambda... 
fitting smoothing spline with gcv lambda =  1e-04 .
fitting smoothing spline with gcv lambda =  1e-04 .
fitting smoothing spline with gcv lambda =  1e-04 .
fitting smoothing spline with gcv lambda =  1e-04 .
fitting smoothing spline with gcv lambda =  1e-04 .
fitting smoothing spline with gcv lambda =  1e-04 .
fitting smoothing spline with gcv lambda =  1e-04 .
fitting smoothing spline with gcv lambda =  1e-04 .
fitting smoothing spline with gcv lambda =  1e-04 .
fitting smoothing spline with gcv lambda =  1e-04 .
fitting smoothing spline with gcv lambda =  1e-04 .
fitting smoothing spline with gcv lambda =  1e-04 .
fitting smoothing spline with gcv lambda =  1e-04 .
fitting smoothing spline with gcv lambda =  1e-04 .
fitting smoothing spline with gcv lambda =  1e-04 .
fitting smoothing spline with gcv lambda =  1e-04 .
fitting smoothing spline with gcv lambda =  1e-04 .
fitting smoothing spline with gcv lambda =  1e-04 .
fitting smoothing spline with gcv lambda =  1e-04 .
fitting smoothing spline with gcv lambda =  1e-04 .
length(flag)  0  it =  1 
fitting smoothing spline: calculating gcv lambda... 
length(flag)  0  it =  1 
fitting smoothing spline: calculating gcv lambda... 
length(flag)  0  it =  1 
fitting smoothing spline: calculating gcv lambda... 
length(flag)  0  it =  1 
fitting smoothing spline: calculating gcv lambda... 
length(flag)  0  it =  1 
fitting smoothing spline: calculating gcv lambda... 
length(flag)  0  it =  1 
fitting smoothing spline: calculating gcv lambda... 
length(flag)  0  it =  1 
fitting smoothing spline: calculating gcv lambda... 
length(flag)  0  it =  1 
fitting smoothing spline: calculating gcv lambda... 
length(flag)  0  it =  1 
fitting smoothing spline: calculating gcv lambda... 
length(flag)  0  it =  1 
fitting smoothing spline: calculating gcv lambda... 
length(flag)  0  it =  1 
fitting smoothing spline: calculating gcv lambda... 
length(flag)  0  it =  1 
fitting smoothing spline: calculating gcv lambda... 
length(flag)  0  it =  1 
fitting smoothing spline: calculating gcv lambda... 
length(flag)  0  it =  1 
fitting smoothing spline: calculating gcv lambda... 
length(flag)  0  it =  1 
fitting smoothing spline: calculating gcv lambda... 
length(flag)  0  it =  1 
fitting smoothing spline: calculating gcv lambda... 
length(flag)  0  it =  1 
fitting smoothing spline: calculating gcv lambda... 
length(flag)  0  it =  1 
fitting smoothing spline: calculating gcv lambda... 
length(flag)  0  it =  1 
fitting smoothing spline: calculating gcv lambda... 
length(flag)  0  it =  1 
fitting smoothing spline: calculating gcv lambda... 
fitting smoothing spline with gcv lambda =  1e-04 .
fitting smoothing spline with gcv lambda =  1e-04 .
fitting smoothing spline with gcv lambda =  1e-04 .
fitting smoothing spline with gcv lambda =  1e-04 .
fitting smoothing spline with gcv lambda =  1e-04 .
fitting smoothing spline with gcv lambda =  1e-04 .
fitting smoothing spline with gcv lambda =  1e-04 .
fitting smoothing spline with gcv lambda =  1e-04 .
fitting smoothing spline with gcv lambda =  1e-04 .
fitting smoothing spline with gcv lambda =  1e-04 .
fitting smoothing spline with gcv lambda =  1e-04 .
fitting smoothing spline with gcv lambda =  1e-04 .
fitting smoothing spline with gcv lambda =  1e-04 .
fitting smoothing spline with gcv lambda =  1e-04 .
fitting smoothing spline with gcv lambda =  1e-04 .
fitting smoothing spline with gcv lambda =  1e-04 .
fitting smoothing spline with gcv lambda =  1e-04 .
fitting smoothing spline with gcv lambda =  1e-04 .
fitting smoothing spline with gcv lambda =  1e-04 .
fitting smoothing spline with gcv lambda =  1e-04 .
 
Job Ended at Fri Dec 18 13:18:27 EST 2020
 
