 
 
Job started on comp-sc-0043.acib.production.int.aci.ics.psu.edu at Fri Dec 18 13:46:58 EST 2020
 
Loading required package: doParallel
Loading required package: foreach
Loading required package: iterators
Loading required package: parallel
Loading required package: dplyr

Attaching package: 'dplyr'

The following objects are masked from 'package:stats':

    filter, lag

The following objects are masked from 'package:base':

    intersect, setdiff, setequal, union

Loading required package: plotly
Loading required package: ggplot2

Attaching package: 'plotly'

The following object is masked from 'package:ggplot2':

    last_plot

The following object is masked from 'package:stats':

    filter

The following object is masked from 'package:graphics':

    layout

Loading required package: RColorBrewer
Loading required package: fda
Loading required package: splines
Loading required package: Matrix

Attaching package: 'fda'

The following object is masked from 'package:graphics':

    matplot

19 	 9 	 0.001 
inner it =  1 
rep =  1 
rep =  2 
rep =  3 
rep =  4 
rep =  5 
rep =  6 
rep =  7 
rep =  8 
rep =  9 
rep =  10 
rep =  11 
rep =  12 
rep =  13 
rep =  14 
rep =  15 
rep =  16 
rep =  17 
rep =  18 
rep =  20 
rep =  19 
cat1 	fitting smoothing spline: calculating gcv lambda... 
cat1 	fitting smoothing spline: calculating gcv lambda... 
cat1 	fitting smoothing spline: calculating gcv lambda... 
cat1 	fitting smoothing spline: calculating gcv lambda... 
cat1 	fitting smoothing spline: calculating gcv lambda... 
cat1 	fitting smoothing spline: calculating gcv lambda... 
cat1 	fitting smoothing spline: calculating gcv lambda... 
cat1 	fitting smoothing spline: calculating gcv lambda... 
cat1 	fitting smoothing spline: calculating gcv lambda... 
cat1 	fitting smoothing spline: calculating gcv lambda... 
cat1 	fitting smoothing spline: calculating gcv lambda... 
cat1 	fitting smoothing spline: calculating gcv lambda... 
cat1 	fitting smoothing spline: calculating gcv lambda... 
cat1 	fitting smoothing spline: calculating gcv lambda... 
cat1 	fitting smoothing spline: calculating gcv lambda... 
cat1 	fitting smoothing spline: calculating gcv lambda... 
cat1 	fitting smoothing spline: calculating gcv lambda... 
cat1 	fitting smoothing spline: calculating gcv lambda... 
cat1 	fitting smoothing spline: calculating gcv lambda... 
cat1 	fitting smoothing spline: calculating gcv lambda... 
fitting smoothing spline with gcv lambda =  1e-05 .
fitting smoothing spline with gcv lambda =  1e-05 .
fitting smoothing spline with gcv lambda =  1e-05 .
fitting smoothing spline with gcv lambda =  1e-05 .
fitting smoothing spline with gcv lambda =  1e-05 .
fitting smoothing spline with gcv lambda =  1e-05 .
fitting smoothing spline with gcv lambda =  1e-05 .
fitting smoothing spline with gcv lambda =  1e-05 .
fitting smoothing spline with gcv lambda =  1e-05 .
fitting smoothing spline with gcv lambda =  1e-05 .
fitting smoothing spline with gcv lambda =  1e-05 .
fitting smoothing spline with gcv lambda =  1e-05 .
fitting smoothing spline with gcv lambda =  1e-05 .
fitting smoothing spline with gcv lambda =  1e-05 .
fitting smoothing spline with gcv lambda =  1e-05 .
fitting smoothing spline with gcv lambda =  1e-05 .
fitting smoothing spline with gcv lambda =  1e-05 .
fitting smoothing spline with gcv lambda =  1e-05 .
fitting smoothing spline with gcv lambda =  1e-05 .
length(flag)  0  it =  1 
fitting smoothing spline: calculating gcv lambda... 
length(flag)  0  it =  1 
fitting smoothing spline: calculating gcv lambda... 
length(flag)  0  it =  1 
fitting smoothing spline: calculating gcv lambda... 
length(flag)  0  it =  1 
fitting smoothing spline: calculating gcv lambda... 
length(flag)  0  it =  1 
fitting smoothing spline: calculating gcv lambda... 
length(flag)  0  it =  1 
fitting smoothing spline: calculating gcv lambda... 
length(flag)  0  it =  1 
fitting smoothing spline: calculating gcv lambda... 
length(flag)  0  it =  1 
fitting smoothing spline: calculating gcv lambda... 
length(flag)  0  it =  1 
fitting smoothing spline: calculating gcv lambda... 
length(flag)  0  it =  1 
fitting smoothing spline: calculating gcv lambda... 
length(flag)  0  it =  1 
fitting smoothing spline: calculating gcv lambda... 
length(flag)  0  it =  1 
fitting smoothing spline: calculating gcv lambda... 
length(flag)  0  it =  1 
fitting smoothing spline: calculating gcv lambda... 
length(flag)  0  it =  1 
fitting smoothing spline: calculating gcv lambda... 
length(flag)  0  it =  1 
fitting smoothing spline: calculating gcv lambda... 
length(flag)  0  it =  1 
fitting smoothing spline: calculating gcv lambda... 
length(flag)  0  it =  1 
fitting smoothing spline: calculating gcv lambda... 
length(flag)  0  it =  1 
fitting smoothing spline: calculating gcv lambda... 
length(flag)  0  it =  1 
fitting smoothing spline: calculating gcv lambda... 
fitting smoothing spline with gcv lambda =  1e-05 .
length(flag)  0  it =  1 
fitting smoothing spline: calculating gcv lambda... 
fitting smoothing spline with gcv lambda =  1e-05 .
fitting smoothing spline with gcv lambda =  1e-05 .
fitting smoothing spline with gcv lambda =  1e-05 .
fitting smoothing spline with gcv lambda =  1e-05 .
fitting smoothing spline with gcv lambda =  1e-05 .
fitting smoothing spline with gcv lambda =  1e-05 .
fitting smoothing spline with gcv lambda =  1e-05 .
fitting smoothing spline with gcv lambda =  1e-05 .
fitting smoothing spline with gcv lambda =  1e-05 .
fitting smoothing spline with gcv lambda =  1e-05 .
fitting smoothing spline with gcv lambda =  1e-05 .
fitting smoothing spline with gcv lambda =  1e-05 .
fitting smoothing spline with gcv lambda =  1e-05 .
fitting smoothing spline with gcv lambda =  1e-05 .
fitting smoothing spline with gcv lambda =  1e-05 .
fitting smoothing spline with gcv lambda =  1e-05 .
fitting smoothing spline with gcv lambda =  1e-05 .
fitting smoothing spline with gcv lambda =  1e-05 .
fitting smoothing spline with gcv lambda =  1e-05 .
fitting smoothing spline with gcv lambda =  1e-05 .
inner it =  2 
rep =  1 
rep =  2 
rep =  3 
rep =  4 
rep =  5 
rep =  6 
rep =  7 
rep =  8 
rep =  9 
rep =  10 
rep =  11 
rep =  12 
rep =  13 
rep =  14 
rep =  15 
rep =  16 
rep =  17 
rep =  18 
rep =  19 
rep =  20 
cat1 	fitting smoothing spline: calculating gcv lambda... 
cat1 	fitting smoothing spline: calculating gcv lambda... 
cat1 	fitting smoothing spline: calculating gcv lambda... 
cat1 	fitting smoothing spline: calculating gcv lambda... 
cat1 	fitting smoothing spline: calculating gcv lambda... 
cat1 	fitting smoothing spline: calculating gcv lambda... 
cat1 	fitting smoothing spline: calculating gcv lambda... 
cat1 	fitting smoothing spline: calculating gcv lambda... 
cat1 	fitting smoothing spline: calculating gcv lambda... 
cat1 	fitting smoothing spline: calculating gcv lambda... 
cat1 	fitting smoothing spline: calculating gcv lambda... 
cat1 	fitting smoothing spline: calculating gcv lambda... 
cat1 	fitting smoothing spline: calculating gcv lambda... 
cat1 	fitting smoothing spline: calculating gcv lambda... 
cat1 	fitting smoothing spline: calculating gcv lambda... 
cat1 	fitting smoothing spline: calculating gcv lambda... 
cat1 	fitting smoothing spline: calculating gcv lambda... 
cat1 	fitting smoothing spline: calculating gcv lambda... 
cat1 	fitting smoothing spline: calculating gcv lambda... 
cat1 	fitting smoothing spline: calculating gcv lambda... 
fitting smoothing spline with gcv lambda =  1e-04 .
fitting smoothing spline with gcv lambda =  1e-05 .
fitting smoothing spline with gcv lambda =  1e-05 .
fitting smoothing spline with gcv lambda =  1e-05 .
fitting smoothing spline with gcv lambda =  1e-04 .
fitting smoothing spline with gcv lambda =  1e-04 .
fitting smoothing spline with gcv lambda =  1e-05 .
fitting smoothing spline with gcv lambda =  1e-05 .
fitting smoothing spline with gcv lambda =  1e-04 .
fitting smoothing spline with gcv lambda =  1e-05 .
fitting smoothing spline with gcv lambda =  1e-05 .
fitting smoothing spline with gcv lambda =  1e-04 .
fitting smoothing spline with gcv lambda =  1e-05 .
fitting smoothing spline with gcv lambda =  1e-05 .
fitting smoothing spline with gcv lambda =  1e-05 .
fitting smoothing spline with gcv lambda =  1e-05 .
fitting smoothing spline with gcv lambda =  1e-04 .
fitting smoothing spline with gcv lambda =  1e-05 .
fitting smoothing spline with gcv lambda =  1e-05 .
length(flag)  0  it =  1 
fitting smoothing spline: calculating gcv lambda... 
length(flag)  0  it =  1 
fitting smoothing spline: calculating gcv lambda... 
length(flag)  0  it =  1 
fitting smoothing spline: calculating gcv lambda... 
length(flag)  0  it =  1 
fitting smoothing spline: calculating gcv lambda... 
length(flag)  0  it =  1 
fitting smoothing spline: calculating gcv lambda... 
length(flag)  0  it =  1 
fitting smoothing spline: calculating gcv lambda... 
length(flag)  0  it =  1 
fitting smoothing spline: calculating gcv lambda... 
length(flag)  0  it =  1 
fitting smoothing spline: calculating gcv lambda... 
length(flag)  0  it =  1 
fitting smoothing spline: calculating gcv lambda... 
length(flag)  0  it =  1 
fitting smoothing spline: calculating gcv lambda... 
length(flag)  0  it =  1 
fitting smoothing spline: calculating gcv lambda... 
length(flag)  0  it =  1 
fitting smoothing spline: calculating gcv lambda... 
length(flag)  0  it =  1 
fitting smoothing spline: calculating gcv lambda... 
length(flag)  0  it =  1 
fitting smoothing spline: calculating gcv lambda... 
length(flag)  0  it =  1 
fitting smoothing spline: calculating gcv lambda... 
length(flag)  0  it =  1 
fitting smoothing spline: calculating gcv lambda... 
length(flag) length(flag)   00   it =  it =   11  

fitting smoothing spline: calculating gcv lambda... 
fitting smoothing spline: calculating gcv lambda... 
length(flag)  0  it =  1 
fitting smoothing spline: calculating gcv lambda... 
fitting smoothing spline with gcv lambda =  1e-05 .
length(flag)  0  it =  1 
fitting smoothing spline: calculating gcv lambda... 
fitting smoothing spline with gcv lambda =  1e-04 .
fitting smoothing spline with gcv lambda =  1e-05 .
fitting smoothing spline with gcv lambda =  1e-05 .
fitting smoothing spline with gcv lambda =  1e-05 .
fitting smoothing spline with gcv lambda =  1e-04 .
fitting smoothing spline with gcv lambda =  1e-05 .
fitting smoothing spline with gcv lambda =  1e-04 .
fitting smoothing spline with gcv lambda =  1e-05 .
fitting smoothing spline with gcv lambda =  1e-04 .
fitting smoothing spline with gcv lambda =  1e-05 .
fitting smoothing spline with gcv lambda =  1e-05 .
fitting smoothing spline with gcv lambda =  1e-04 .
fitting smoothing spline with gcv lambda =  1e-05 .
fitting smoothing spline with gcv lambda =  1e-05 .
fitting smoothing spline with gcv lambda =  1e-05 .
fitting smoothing spline with gcv lambda =  1e-05 .
fitting smoothing spline with gcv lambda =  1e-05 .
fitting smoothing spline with gcv lambda =  1e-04 .
fitting smoothing spline with gcv lambda =  1e-05 .
fitting smoothing spline with gcv lambda =  1e-05 .
inner it =  3 
rep =  1 
rep =  2 
rep =  3 
rep =  4 
rep =  5 
rep =  6 
rep =  7 
rep =  8 
rep =  9 
rep =  10 
rep =  11 
rep =  12 
rep =  13 
rep =  14 
rep =  15 
rep =  16 
rep =  17 
rep =  18 
rep =  20 
rep =  19 
cat1 	fitting smoothing spline: calculating gcv lambda... 
cat1 	fitting smoothing spline: calculating gcv lambda... 
cat1 	cat1 	fitting smoothing spline: calculating gcv lambda... 
fitting smoothing spline: calculating gcv lambda... 
cat1 	fitting smoothing spline: calculating gcv lambda... 
cat1 	fitting smoothing spline: calculating gcv lambda... 
cat1 	fitting smoothing spline: calculating gcv lambda... 
cat1 	fitting smoothing spline: calculating gcv lambda... 
cat1 	cat1 	fitting smoothing spline: calculating gcv lambda... 
fitting smoothing spline: calculating gcv lambda... 
cat1 	fitting smoothing spline: calculating gcv lambda... 
cat1 	fitting smoothing spline: calculating gcv lambda... 
cat1 	fitting smoothing spline: calculating gcv lambda... 
cat1 	fitting smoothing spline: calculating gcv lambda... 
cat1 	fitting smoothing spline: calculating gcv lambda... 
cat1 	fitting smoothing spline: calculating gcv lambda... 
cat1 	fitting smoothing spline: calculating gcv lambda... 
cat1 	fitting smoothing spline: calculating gcv lambda... 
cat1 	fitting smoothing spline: calculating gcv lambda... 
cat2 	llh.pred =  -1985.498 	best.ind =  1 
length(flag)  293  it =  1 
fitting smoothing spline with gcv lambda =  1e-04 .
fitting smoothing spline with gcv lambda =  1e-05 .
fitting smoothing spline with gcv lambda =  1e-04 .
fitting smoothing spline with gcv lambda =  1e-05 .
fitting smoothing spline with gcv lambda =  1e-04 .
fitting smoothing spline with gcv lambda =  1e-05 .
fitting smoothing spline with gcv lambda =  1e-05 .
fitting smoothing spline with gcv lambda =  1e-04 .
fitting smoothing spline with gcv lambda =  1e-05 .
fitting smoothing spline with gcv lambda =  1e-05 .
fitting smoothing spline with gcv lambda =  1e-04 .
fitting smoothing spline with gcv lambda =  1e-04 .
fitting smoothing spline with gcv lambda =  1e-04 .
fitting smoothing spline with gcv lambda =  1e-05 .
fitting smoothing spline with gcv lambda =  1e-04 .
length(flag)  0  it =  1 
fitting smoothing spline: calculating gcv lambda... 
fitting smoothing spline with gcv lambda =  1e-04 .
length(flag)  0  it =  1 
fitting smoothing spline: calculating gcv lambda... 
fitting smoothing spline with gcv lambda =  1e-04 .
length(flag)  0  it =  1 
fitting smoothing spline: calculating gcv lambda... 
fitting smoothing spline with gcv lambda =  1e-04 .
length(flag)  0  it =  1 
fitting smoothing spline: calculating gcv lambda... 
length(flag)  0  it =  1 
fitting smoothing spline: calculating gcv lambda... 
length(flag)  0  it =  1 
fitting smoothing spline: calculating gcv lambda... 
length(flag)  0  it =  1 
fitting smoothing spline: calculating gcv lambda... 
length(flag)  0  it =  1 
fitting smoothing spline: calculating gcv lambda... 
length(flag)  0  it =  1 
length(flag)  0  it =  1 
fitting smoothing spline: calculating gcv lambda... 
fitting smoothing spline: calculating gcv lambda... 
length(flag)  0  it =  1 
fitting smoothing spline: calculating gcv lambda... 
length(flag)  0  it =  1 
fitting smoothing spline: calculating gcv lambda... 
length(flag)  0  it =  1 
fitting smoothing spline: calculating gcv lambda... 
length(flag)  0  it =  1 
fitting smoothing spline: calculating gcv lambda... 
length(flag)  0  it =  1 
fitting smoothing spline: calculating gcv lambda... 
length(flag)  0  it =  1 
fitting smoothing spline: calculating gcv lambda... 
length(flag)  0  it =  1 
fitting smoothing spline: calculating gcv lambda... 
fitting smoothing spline with gcv lambda =  1e-04 .
length(flag)  0  it =  1 
fitting smoothing spline: calculating gcv lambda... 
length(flag)  0  it =  1 
fitting smoothing spline: calculating gcv lambda... 
cat2 	llh.pred =  -1976.48 	llh.pred =  -1981.531 	llh.pred =  -1980.159 	llh.pred =  -1968.313 	llh.pred =  -1950.153 	llh.pred =  -1929.994 	best.ind =  6 
length(flag)  284  it =  2 
fitting smoothing spline with gcv lambda =  1e-04 .
fitting smoothing spline with gcv lambda =  1e-05 .
fitting smoothing spline with gcv lambda =  1e-04 .
fitting smoothing spline with gcv lambda =  1e-04 .
fitting smoothing spline with gcv lambda =  1e-05 .
fitting smoothing spline with gcv lambda =  1e-05 .
fitting smoothing spline with gcv lambda =  1e-05 .
fitting smoothing spline with gcv lambda =  1e-04 .
fitting smoothing spline with gcv lambda =  1e-04 .
fitting smoothing spline with gcv lambda =  1e-05 .
fitting smoothing spline with gcv lambda =  1e-05 .
fitting smoothing spline with gcv lambda =  1e-04 .
fitting smoothing spline with gcv lambda =  1e-04 .
fitting smoothing spline with gcv lambda =  1e-05 .
fitting smoothing spline with gcv lambda =  1e-04 .
fitting smoothing spline with gcv lambda =  1e-04 .
fitting smoothing spline with gcv lambda =  1e-04 .
fitting smoothing spline with gcv lambda =  1e-04 .
fitting smoothing spline with gcv lambda =  1e-04 .
cat2 	llh.pred =  -1975.514 	llh.pred =  -1982.248 	llh.pred =  -1944.659 	llh.pred =  -1920.701 	best.ind =  4 
length(flag)  276  it =  3 
cat2 	llh.pred =  -1980.835 	llh.pred =  -1942.063 	llh.pred =  -1907.045 	best.ind =  3 
length(flag)  265  it =  4 
cat2 	llh.pred =  -1971.312 	llh.pred =  -1982.39 	llh.pred =  -1960.254 	llh.pred =  -1929.05 	llh.pred =  -1905.063 	best.ind =  5 
length(flag)  264  it =  5 
cat2 	llh.pred =  -1978.456 	llh.pred =  -1982.39 	llh.pred =  -1961.306 	llh.pred =  -1918.993 	llh.pred =  -1905.063 	best.ind =  5 
length(flag)  264  it =  6 
fitting smoothing spline: calculating gcv lambda... 
fitting smoothing spline with gcv lambda =  1e-09 .
inner it =  4 
rep =  1 
rep =  2 
rep =  3 
rep =  4 
rep = rep =   65  

rep =  7 
rep =  8 
rep =  9 
rep =  10 
rep =  11 
rep =  12 
rep =  13 
rep =  14 
rep =  15 
rep =  16 
rep =  17 
rep =  18 
rep =  19 
rep =  20 
cat1 	fitting smoothing spline: calculating gcv lambda... 
cat1 	fitting smoothing spline: calculating gcv lambda... 
cat1 	fitting smoothing spline: calculating gcv lambda... 
cat1 	fitting smoothing spline: calculating gcv lambda... 
cat1 	fitting smoothing spline: calculating gcv lambda... 
cat1 	fitting smoothing spline: calculating gcv lambda... 
cat1 	fitting smoothing spline: calculating gcv lambda... 
cat1 	fitting smoothing spline: calculating gcv lambda... 
cat1 	fitting smoothing spline: calculating gcv lambda... 
cat1 	fitting smoothing spline: calculating gcv lambda... 
cat1 	fitting smoothing spline: calculating gcv lambda... 
cat1 	fitting smoothing spline: calculating gcv lambda... 
cat1 	fitting smoothing spline: calculating gcv lambda... 
cat1 	fitting smoothing spline: calculating gcv lambda... 
cat1 	fitting smoothing spline: calculating gcv lambda... 
cat1 	fitting smoothing spline: calculating gcv lambda... 
cat1 	cat1 	fitting smoothing spline: calculating gcv lambda... 
fitting smoothing spline: calculating gcv lambda... 
cat2 	llh.pred =  -2002.695 	best.ind =  1 
length(flag)  300  it =  1 
cat2 	llh.pred =  -1967.187 	llh.pred =  -1961.585 	llh.pred =  -1945.118 	best.ind =  3 
length(flag)  288  it =  1 
fitting smoothing spline with gcv lambda =  1e-05 .
fitting smoothing spline with gcv lambda =  1e-04 .
fitting smoothing spline with gcv lambda =  1e-04 .
fitting smoothing spline with gcv lambda =  1e-04 .
fitting smoothing spline with gcv lambda =  1e-04 .
fitting smoothing spline with gcv lambda =  1e-04 .
fitting smoothing spline with gcv lambda =  1e-04 .
fitting smoothing spline with gcv lambda =  1e-04 .
fitting smoothing spline with gcv lambda =  1e-05 .
fitting smoothing spline with gcv lambda =  1e-05 .
fitting smoothing spline with gcv lambda =  1e-05 .
fitting smoothing spline with gcv lambda =  1e-04 .
fitting smoothing spline with gcv lambda =  1e-04 .
fitting smoothing spline with gcv lambda =  1e-04 .
fitting smoothing spline with gcv lambda =  1e-04 .
fitting smoothing spline with gcv lambda =  1e-05 .
fitting smoothing spline with gcv lambda =  1e-05 .
fitting smoothing spline with gcv lambda =  1e-05 .
length(flag)  0  it =  1 
fitting smoothing spline: calculating gcv lambda... 
length(flag)  0  it =  1 
fitting smoothing spline: calculating gcv lambda... 
length(flag)  0  it =  1 
fitting smoothing spline: calculating gcv lambda... 
length(flag)  0  it =  1 
fitting smoothing spline: calculating gcv lambda... 
length(flag)  0  it =  1 
fitting smoothing spline: calculating gcv lambda... 
length(flag)  0  it =  1 
fitting smoothing spline: calculating gcv lambda... 
length(flag)  0  it =  1 
fitting smoothing spline: calculating gcv lambda... 
length(flag)  0  it =  1 
fitting smoothing spline: calculating gcv lambda... 
length(flag)  0  it =  1 
fitting smoothing spline: calculating gcv lambda... 
length(flag)  0  it =  1 
fitting smoothing spline: calculating gcv lambda... 
length(flag)  0  it =  1 
fitting smoothing spline: calculating gcv lambda... 
length(flag)  0  it =  1 
fitting smoothing spline: calculating gcv lambda... 
length(flag)  0  it =  1 
fitting smoothing spline: calculating gcv lambda... 
length(flag)  0  it =  1 
fitting smoothing spline: calculating gcv lambda... 
length(flag)  0  it =  1 
fitting smoothing spline: calculating gcv lambda... 
length(flag)  0  it =  1 
fitting smoothing spline: calculating gcv lambda... 
length(flag)  0  it =  1 
fitting smoothing spline: calculating gcv lambda... 
length(flag)  0  it =  1 
fitting smoothing spline: calculating gcv lambda... 
cat2 	llh.pred =  -1977.258 	llh.pred =  -1951.131 	llh.pred =  -1935.566 	best.ind =  3 
length(flag)  275  it =  2 
cat2 	llh.pred =  -1956.515 	llh.pred =  -1963.139 	llh.pred =  -1968.44 	llh.pred =  -1966.513 	llh.pred =  -1956.807 	llh.pred =  -1931.686 	llh.pred =  -1909.419 	best.ind =  7 
length(flag)  272  it =  2 
fitting smoothing spline with gcv lambda =  1e-05 .
fitting smoothing spline with gcv lambda =  1e-04 .
fitting smoothing spline with gcv lambda =  1e-04 .
fitting smoothing spline with gcv lambda =  1e-04 .
fitting smoothing spline with gcv lambda =  1e-04 .
fitting smoothing spline with gcv lambda =  1e-04 .
fitting smoothing spline with gcv lambda =  1e-04 .
fitting smoothing spline with gcv lambda =  1e-05 .
fitting smoothing spline with gcv lambda =  1e-05 .
fitting smoothing spline with gcv lambda =  1e-04 .
fitting smoothing spline with gcv lambda =  1e-04 .
fitting smoothing spline with gcv lambda =  1e-05 .
fitting smoothing spline with gcv lambda =  1e-04 .
fitting smoothing spline with gcv lambda =  1e-04 .
fitting smoothing spline with gcv lambda =  1e-04 .
fitting smoothing spline with gcv lambda =  1e-05 .
fitting smoothing spline with gcv lambda =  1e-05 .
fitting smoothing spline with gcv lambda =  1e-05 .
cat2 	llh.pred =  -1960.76 	llh.pred =  -1933.294 	best.ind =  2 
length(flag)  271  it =  3 
cat2 	llh.pred =  -1963.139 	llh.pred =  -1955.012 	llh.pred =  -1924.227 	llh.pred =  -1909.779 	best.ind =  4 
length(flag)  268  it =  3 
cat2 	llh.pred =  -1960.06 	llh.pred =  -1922.804 	best.ind =  2 
length(flag)  266  it =  4 
cat2 	llh.pred =  -1965.921 	llh.pred =  -1956.809 	llh.pred =  -1925.083 	llh.pred =  -1895.376 	best.ind =  4 
length(flag)  256  it =  4 
cat2 	llh.pred =  -1978.29 	llh.pred =  -1921.202 	best.ind =  2 
length(flag)  264  it =  5 
cat2 	llh.pred =  -1971.772 	llh.pred =  -1941.776 	llh.pred =  -1919.178 	llh.pred =  -1895.171 	best.ind =  4 
length(flag)  256  it =  5 
cat2 	llh.pred =  -1978.627 	llh.pred =  -1959.127 	llh.pred =  -1919.964 	best.ind =  3 
length(flag)  263  it =  6 
cat2 	llh.pred =  -1981.466 	llh.pred =  -1964.056 	llh.pred =  -1943.08 	llh.pred =  -1914.851 	llh.pred =  -1891.442 	best.ind =  5 
length(flag)  255  it =  6 
cat2 	llh.pred =  -1978.627 	llh.pred =  -1953.229 	llh.pred =  -1919.29 	best.ind =  3 
length(flag)  262  it =  7 
cat2 	llh.pred =  -1970.811 	llh.pred =  -1941.42 	llh.pred =  -1917.189 	llh.pred =  -1885.727 	best.ind =  4 
length(flag)  250  it =  7 
cat2 	llh.pred =  -1978.084 	llh.pred =  -1952.043 	llh.pred =  -1916.787 	best.ind =  3 
length(flag)  262  it =  8 
fitting smoothing spline: calculating gcv lambda... 
cat2 	llh.pred =  -1969.034 	llh.pred =  -1947.21 	llh.pred =  -1913.785 	fitting smoothing spline with gcv lambda =  1e-09 .
llh.pred =  -1884.314 	best.ind =  4 
length(flag)  249  it =  8 
cat2 	llh.pred =  -1981.466 	llh.pred =  -1961.748 	llh.pred =  -1947.21 	llh.pred =  -1913.785 	llh.pred =  -1890.688 	best.ind =  5 
length(flag)  253  it =  9 
cat2 	llh.pred =  -1981.466 	llh.pred =  -1963.55 	llh.pred =  -1948.292 	llh.pred =  -1897.587 	llh.pred =  -1885.184 	best.ind =  5 
length(flag)  249  it =  10 
fitting smoothing spline: calculating gcv lambda... 
fitting smoothing spline with gcv lambda =  1e-08 .
inner it =  5 
rep =  1 
rep =  2 
rep =  3 
rep =  4 
rep =  5 
rep =  6 
rep =  7 
rep =  8 
rep =  9 
rep =  10 
rep =  11 
rep =  12 
rep =  13 
rep =  14 
rep =  15 
rep =  16 
rep =  17 
rep =  18 
rep =  20 
rep =  19 
cat1 	fitting smoothing spline: calculating gcv lambda... 
cat1 	fitting smoothing spline: calculating gcv lambda... 
cat1 	fitting smoothing spline: calculating gcv lambda... 
cat1 	fitting smoothing spline: calculating gcv lambda... 
cat1 	fitting smoothing spline: calculating gcv lambda... 
cat1 	fitting smoothing spline: calculating gcv lambda... 
cat1 	fitting smoothing spline: calculating gcv lambda... 
cat1 	fitting smoothing spline: calculating gcv lambda... 
cat1 	fitting smoothing spline: calculating gcv lambda... 
cat1 	fitting smoothing spline: calculating gcv lambda... 
cat1 	cat1 	fitting smoothing spline: calculating gcv lambda... 
fitting smoothing spline: calculating gcv lambda... 
cat1 	fitting smoothing spline: calculating gcv lambda... 
cat1 	fitting smoothing spline: calculating gcv lambda... 
cat1 	fitting smoothing spline: calculating gcv lambda... 
cat1 	fitting smoothing spline: calculating gcv lambda... 
cat1 	fitting smoothing spline: calculating gcv lambda... 
cat1 	fitting smoothing spline: calculating gcv lambda... 
cat1 	fitting smoothing spline: calculating gcv lambda... 
cat1 	fitting smoothing spline: calculating gcv lambda... 
fitting smoothing spline with gcv lambda =  1e-05 .
fitting smoothing spline with gcv lambda =  1e-05 .
fitting smoothing spline with gcv lambda =  1e-04 .
fitting smoothing spline with gcv lambda =  1e-04 .
fitting smoothing spline with gcv lambda =  1e-04 .
fitting smoothing spline with gcv lambda =  1e-04 .
fitting smoothing spline with gcv lambda =  1e-05 .
fitting smoothing spline with gcv lambda =  1e-05 .
fitting smoothing spline with gcv lambda =  1e-04 .
fitting smoothing spline with gcv lambda =  1e-04 .
fitting smoothing spline with gcv lambda =  1e-04 .
fitting smoothing spline with gcv lambda =  1e-04 .
fitting smoothing spline with gcv lambda =  1e-05 .
fitting smoothing spline with gcv lambda =  1e-04 .
fitting smoothing spline with gcv lambda =  1e-05 .
fitting smoothing spline with gcv lambda =  1e-04 .
fitting smoothing spline with gcv lambda =  1e-04 .
fitting smoothing spline with gcv lambda =  1e-04 .
fitting smoothing spline with gcv lambda =  1e-05 .
length(flag)  0  it =  1 
fitting smoothing spline: calculating gcv lambda... 
length(flag)  0  it =  1 
fitting smoothing spline: calculating gcv lambda... 
length(flag)  0  it =  1 
fitting smoothing spline: calculating gcv lambda... 
length(flag)  0  it =  1 
fitting smoothing spline: calculating gcv lambda... 
length(flag)  0  it =  1 
fitting smoothing spline: calculating gcv lambda... 
length(flag)  0  it =  1 
fitting smoothing spline: calculating gcv lambda... 
length(flag)  0  it =  1 
fitting smoothing spline: calculating gcv lambda... 
length(flag)  0  it =  1 
fitting smoothing spline: calculating gcv lambda... 
length(flag)  0  it =  1 
fitting smoothing spline: calculating gcv lambda... 
length(flag)  0  it =  1 
fitting smoothing spline: calculating gcv lambda... 
length(flag)  0  it =  1 
length(flag)  0  it =  1 
fitting smoothing spline: calculating gcv lambda... 
fitting smoothing spline: calculating gcv lambda... 
length(flag)  0  it =  1 
fitting smoothing spline: calculating gcv lambda... 
length(flag)  0  it =  1 
fitting smoothing spline: calculating gcv lambda... 
length(flag)  0  it =  1 
fitting smoothing spline: calculating gcv lambda... 
length(flag)  0  it =  1 
fitting smoothing spline: calculating gcv lambda... 
length(flag)  0  it =  1 
fitting smoothing spline: calculating gcv lambda... 
length(flag)  0  it =  1 
fitting smoothing spline: calculating gcv lambda... 
length(flag)  0  it =  1 
fitting smoothing spline: calculating gcv lambda... 
fitting smoothing spline with gcv lambda =  1e-04 .
length(flag)  0  it =  1 
fitting smoothing spline: calculating gcv lambda... 
fitting smoothing spline with gcv lambda =  1e-05 .
fitting smoothing spline with gcv lambda =  1e-05 .
fitting smoothing spline with gcv lambda =  1e-04 .
fitting smoothing spline with gcv lambda =  1e-04 .
fitting smoothing spline with gcv lambda =  1e-04 .
fitting smoothing spline with gcv lambda =  1e-05 .
fitting smoothing spline with gcv lambda =  1e-04 .
fitting smoothing spline with gcv lambda =  1e-04 .
fitting smoothing spline with gcv lambda =  1e-04 .
fitting smoothing spline with gcv lambda =  1e-05 .
fitting smoothing spline with gcv lambda =  1e-04 .
fitting smoothing spline with gcv lambda =  1e-04 .
fitting smoothing spline with gcv lambda =  1e-05 .
fitting smoothing spline with gcv lambda =  1e-04 .
fitting smoothing spline with gcv lambda =  1e-04 .
fitting smoothing spline with gcv lambda =  1e-05 .
fitting smoothing spline with gcv lambda =  1e-05 .
fitting smoothing spline with gcv lambda =  1e-04 .
fitting smoothing spline with gcv lambda =  1e-04 .
fitting smoothing spline with gcv lambda =  1e-04 .
inner it =  6 
rep =  1 
rep =  2 
rep =  3 
rep =  4 
rep =  5 
rep =  6 
rep =  7 
rep =  8 
rep =  9 
rep =  10 
rep =  11 
rep =  12 
rep =  13 
rep =  14 
rep =  15 
rep =  16 
rep =  17 
rep =  18 
rep =  19 
rep =  20 
cat1 	fitting smoothing spline: calculating gcv lambda... 
cat1 	fitting smoothing spline: calculating gcv lambda... 
cat1 	fitting smoothing spline: calculating gcv lambda... 
cat1 	fitting smoothing spline: calculating gcv lambda... 
cat1 	fitting smoothing spline: calculating gcv lambda... 
cat1 	fitting smoothing spline: calculating gcv lambda... 
cat1 	fitting smoothing spline: calculating gcv lambda... 
cat1 	fitting smoothing spline: calculating gcv lambda... 
cat1 	fitting smoothing spline: calculating gcv lambda... 
cat1 	fitting smoothing spline: calculating gcv lambda... 
cat1 	fitting smoothing spline: calculating gcv lambda... 
cat1 	fitting smoothing spline: calculating gcv lambda... 
cat1 	fitting smoothing spline: calculating gcv lambda... 
cat1 	fitting smoothing spline: calculating gcv lambda... 
cat1 	fitting smoothing spline: calculating gcv lambda... 
cat1 	fitting smoothing spline: calculating gcv lambda... 
cat1 	fitting smoothing spline: calculating gcv lambda... 
cat1 	fitting smoothing spline: calculating gcv lambda... 
cat1 	fitting smoothing spline: calculating gcv lambda... 
cat2 	llh.pred =  -1946.606 	best.ind =  1 
length(flag)  277  it =  1 
fitting smoothing spline with gcv lambda =  1e-04 .
fitting smoothing spline with gcv lambda =  1e-04 .
fitting smoothing spline with gcv lambda =  1e-05 .
fitting smoothing spline with gcv lambda =  1e-04 .
fitting smoothing spline with gcv lambda =  1e-04 .
fitting smoothing spline with gcv lambda =  1e-05 .
fitting smoothing spline with gcv lambda =  1e-04 .
fitting smoothing spline with gcv lambda =  1e-05 .
fitting smoothing spline with gcv lambda =  1e-04 .
fitting smoothing spline with gcv lambda =  1e-04 .
fitting smoothing spline with gcv lambda =  1e-05 .
fitting smoothing spline with gcv lambda =  1e-05 .
fitting smoothing spline with gcv lambda =  1e-04 .
fitting smoothing spline with gcv lambda =  1e-04 .
fitting smoothing spline with gcv lambda =  1e-04 .
fitting smoothing spline with gcv lambda =  1e-04 .
fitting smoothing spline with gcv lambda =  1e-04 .
length(flag)  0  it =  1 
fitting smoothing spline: calculating gcv lambda... 
fitting smoothing spline with gcv lambda =  1e-04 .
length(flag)  0  it =  1 
fitting smoothing spline: calculating gcv lambda... 
length(flag)  0  it =  1 
fitting smoothing spline: calculating gcv lambda... 
length(flag)  0  it =  1 
fitting smoothing spline: calculating gcv lambda... 
length(flag)  0  it =  1 
fitting smoothing spline: calculating gcv lambda... 
length(flag)  0  it =  1 
fitting smoothing spline: calculating gcv lambda... 
length(flag)  0  it =  1 
fitting smoothing spline: calculating gcv lambda... 
length(flag)  0  it =  1 
length(flag)  0  it =  1 
fitting smoothing spline: calculating gcv lambda... 
fitting smoothing spline: calculating gcv lambda... 
length(flag)  0  it =  1 
length(flag)  0  it =  1 
fitting smoothing spline: calculating gcv lambda... 
fitting smoothing spline: calculating gcv lambda... 
length(flag)  0  it =  1 
fitting smoothing spline: calculating gcv lambda... 
length(flag)  0  it =  1 
fitting smoothing spline: calculating gcv lambda... 
length(flag)  0  it =  1 
fitting smoothing spline: calculating gcv lambda... 
length(flag)  0  it =  1 
fitting smoothing spline: calculating gcv lambda... 
length(flag)  0  it =  1 
fitting smoothing spline: calculating gcv lambda... 
length(flag)  0  it =  1 
fitting smoothing spline: calculating gcv lambda... 
length(flag)  0  it =  1 
fitting smoothing spline: calculating gcv lambda... 
fitting smoothing spline with gcv lambda =  1e-05 .
length(flag)  0  it =  1 
fitting smoothing spline: calculating gcv lambda... 
cat2 	llh.pred =  -1988.489 	llh.pred =  -1961.395 	llh.pred =  -1945.873 	llh.pred =  -1936.597 	llh.pred =  -1911.094 	best.ind =  5 
length(flag)  260  it =  2 
fitting smoothing spline with gcv lambda =  1e-04 .
fitting smoothing spline with gcv lambda =  1e-05 .
fitting smoothing spline with gcv lambda =  1e-04 .
fitting smoothing spline with gcv lambda =  1e-04 .
fitting smoothing spline with gcv lambda =  1e-04 .
fitting smoothing spline with gcv lambda =  1e-04 .
fitting smoothing spline with gcv lambda =  1e-04 .
fitting smoothing spline with gcv lambda =  1e-05 .
fitting smoothing spline with gcv lambda =  1e-05 .
fitting smoothing spline with gcv lambda =  1e-05 .
fitting smoothing spline with gcv lambda =  1e-04 .
fitting smoothing spline with gcv lambda =  1e-05 .
fitting smoothing spline with gcv lambda =  1e-04 .
fitting smoothing spline with gcv lambda =  1e-04 .
fitting smoothing spline with gcv lambda =  1e-04 .
fitting smoothing spline with gcv lambda =  1e-04 .
fitting smoothing spline with gcv lambda =  1e-04 .
fitting smoothing spline with gcv lambda =  1e-04 .
fitting smoothing spline with gcv lambda =  1e-05 .
cat2 	llh.pred =  -1988.489 	llh.pred =  -1964.795 	llh.pred =  -1935.702 	llh.pred =  -1908.484 	best.ind =  4 
length(flag)  253  it =  3 
cat2 	llh.pred =  -1987.527 	llh.pred =  -1969.698 	llh.pred =  -1963.637 	llh.pred =  -1950.643 	llh.pred =  -1930.761 	llh.pred =  -1895.878 	best.ind =  6 
length(flag)  248  it =  4 
cat2 	llh.pred =  -1985.926 	llh.pred =  -1968.991 	llh.pred =  -1960.145 	llh.pred =  -1928.701 	llh.pred =  -1898.653 	best.ind =  5 
length(flag)  248  it =  5 
fitting smoothing spline: calculating gcv lambda... 
fitting smoothing spline with gcv lambda =  1e-08 .
inner it =  7 
rep =  1 
rep =  2 
rep =  3 
rep =  4 
rep =  5 
rep =  6 
rep =  7 
rep =  8 
rep =  9 
rep =  10 
rep =  11 
rep =  12 
rep =  13 
rep =  14 
rep =  15 
rep =  16 
rep =  17 
rep =  18 
rep =  20 
rep =  19 
cat1 	fitting smoothing spline: calculating gcv lambda... 
cat1 	fitting smoothing spline: calculating gcv lambda... 
cat1 	fitting smoothing spline: calculating gcv lambda... 
cat1 	fitting smoothing spline: calculating gcv lambda... 
cat1 	fitting smoothing spline: calculating gcv lambda... 
cat1 	fitting smoothing spline: calculating gcv lambda... 
cat1 	cat1 	fitting smoothing spline: calculating gcv lambda... 
fitting smoothing spline: calculating gcv lambda... 
cat1 	fitting smoothing spline: calculating gcv lambda... 
cat1 	fitting smoothing spline: calculating gcv lambda... 
cat1 	fitting smoothing spline: calculating gcv lambda... 
cat1 	fitting smoothing spline: calculating gcv lambda... 
cat1 	fitting smoothing spline: calculating gcv lambda... 
cat1 	fitting smoothing spline: calculating gcv lambda... 
cat1 	fitting smoothing spline: calculating gcv lambda... 
cat1 	fitting smoothing spline: calculating gcv lambda... 
cat1 	fitting smoothing spline: calculating gcv lambda... 
cat1 	fitting smoothing spline: calculating gcv lambda... 
cat1 	fitting smoothing spline: calculating gcv lambda... 
cat2 	llh.pred =  -2254.254 	llh.pred =  -2254.254 	llh.pred =  -2234.789 	best.ind =  3 
length(flag)  318  it =  1 
fitting smoothing spline with gcv lambda =  1e-04 .
fitting smoothing spline with gcv lambda =  1e-04 .
fitting smoothing spline with gcv lambda =  1e-04 .
fitting smoothing spline with gcv lambda =  1e-04 .
fitting smoothing spline with gcv lambda =  1e-04 .
fitting smoothing spline with gcv lambda =  1e-04 .
fitting smoothing spline with gcv lambda =  1e-04 .
fitting smoothing spline with gcv lambda =  1e-04 .
fitting smoothing spline with gcv lambda =  1e-04 .
fitting smoothing spline with gcv lambda =  1e-04 .
fitting smoothing spline with gcv lambda =  1e-04 .
fitting smoothing spline with gcv lambda =  1e-04 .
fitting smoothing spline with gcv lambda =  1e-04 .
fitting smoothing spline with gcv lambda =  1e-04 .
fitting smoothing spline with gcv lambda =  1e-04 .
fitting smoothing spline with gcv lambda =  1e-04 .
fitting smoothing spline with gcv lambda =  1e-04 .
length(flag)  0  it =  1 
fitting smoothing spline: calculating gcv lambda... 
length(flag)  0  it =  1 
fitting smoothing spline: calculating gcv lambda... 
length(flag)  0  it =  1 
fitting smoothing spline: calculating gcv lambda... 
length(flag)  0  it =  1 
fitting smoothing spline: calculating gcv lambda... 
length(flag)  0  it =  1 
fitting smoothing spline: calculating gcv lambda... 
length(flag)  0  it =  1 
length(flag)  0  it =  1 
fitting smoothing spline: calculating gcv lambda... 
fitting smoothing spline: calculating gcv lambda... 
length(flag)  0  it =  1 
fitting smoothing spline: calculating gcv lambda... 
length(flag)  0  it =  1 
fitting smoothing spline: calculating gcv lambda... 
length(flag)  0  it =  1 
length(flag)  0  it =  1 
fitting smoothing spline: calculating gcv lambda... 
fitting smoothing spline: calculating gcv lambda... 
length(flag)  0  it =  1 
fitting smoothing spline: calculating gcv lambda... 
length(flag)  0  it =  1 
fitting smoothing spline: calculating gcv lambda... 
length(flag)  0  it =  1 
fitting smoothing spline: calculating gcv lambda... 
length(flag)  0  it =  1 
fitting smoothing spline: calculating gcv lambda... 
length(flag)  0  it =  1 
fitting smoothing spline: calculating gcv lambda... 
length(flag)  0  it =  1 
fitting smoothing spline: calculating gcv lambda... 
fitting smoothing spline with gcv lambda =  1e-04 .
fitting smoothing spline with gcv lambda =  1e-04 .
length(flag)  0  it =  1 
fitting smoothing spline: calculating gcv lambda... 
length(flag)  0  it =  1 
fitting smoothing spline: calculating gcv lambda... 
cat2 	llh.pred =  -1980.353 	llh.pred =  -1971.931 	llh.pred =  -1961.811 	llh.pred =  -1959.798 	llh.pred =  -1950.946 	llh.pred =  -1921.764 	best.ind =  6 
length(flag)  257  it =  2 
fitting smoothing spline with gcv lambda =  1e-04 .
fitting smoothing spline with gcv lambda =  1e-04 .
fitting smoothing spline with gcv lambda =  1e-04 .
fitting smoothing spline with gcv lambda =  1e-04 .
fitting smoothing spline with gcv lambda =  1e-04 .
fitting smoothing spline with gcv lambda =  1e-04 .
fitting smoothing spline with gcv lambda =  1e-04 .
fitting smoothing spline with gcv lambda =  1e-04 .
fitting smoothing spline with gcv lambda =  1e-04 .
fitting smoothing spline with gcv lambda =  1e-04 .
fitting smoothing spline with gcv lambda =  1e-04 .
fitting smoothing spline with gcv lambda =  1e-04 .
fitting smoothing spline with gcv lambda =  1e-04 .
fitting smoothing spline with gcv lambda =  1e-04 .
fitting smoothing spline with gcv lambda =  1e-04 .
fitting smoothing spline with gcv lambda =  1e-04 .
fitting smoothing spline with gcv lambda =  1e-04 .
fitting smoothing spline with gcv lambda =  1e-04 .
fitting smoothing spline with gcv lambda =  1e-04 .
cat2 	llh.pred =  -1924.242 	best.ind =  1 
length(flag)  272  it =  3 
cat2 	llh.pred =  -1947.077 	llh.pred =  -1921.46 	best.ind =  2 
length(flag)  275  it =  4 
cat2 	llh.pred =  -1946.873 	llh.pred =  -1924.435 	best.ind =  2 
length(flag)  278  it =  5 
cat2 	llh.pred =  -1946.022 	best.ind =  1 
length(flag)  288  it =  6 
cat2 	llh.pred =  -1941.331 	llh.pred =  -1912.369 	best.ind =  2 
length(flag)  270  it =  7 
cat2 	llh.pred =  -1948.083 	llh.pred =  -1922.894 	best.ind =  2 
length(flag)  276  it =  8 
cat1 	fitting smoothing spline: calculating gcv lambda... 
fitting smoothing spline with gcv lambda =  1e-04 .
length(flag)  0  it =  9 
fitting smoothing spline: calculating gcv lambda... 
fitting smoothing spline with gcv lambda =  1e-04 .
inner it =  8 
rep =  1 
rep =  2 
rep =  3 
rep =  4 
rep =  5 
rep =  6 
rep =  7 
rep =  8 
rep =  9 
rep =  10 
rep =  11 
rep =  12 
rep =  13 
rep =  14 
rep =  15 
rep =  16 
rep =  17 
rep =  18 
rep =  20 
rep =  19 
cat1 	fitting smoothing spline: calculating gcv lambda... 
cat1 	fitting smoothing spline: calculating gcv lambda... 
cat1 	fitting smoothing spline: calculating gcv lambda... 
cat1 	fitting smoothing spline: calculating gcv lambda... 
cat1 	fitting smoothing spline: calculating gcv lambda... 
cat1 	fitting smoothing spline: calculating gcv lambda... 
cat1 	fitting smoothing spline: calculating gcv lambda... 
cat1 	fitting smoothing spline: calculating gcv lambda... 
cat1 	fitting smoothing spline: calculating gcv lambda... 
cat1 	fitting smoothing spline: calculating gcv lambda... 
cat1 	fitting smoothing spline: calculating gcv lambda... 
cat1 	cat1 	fitting smoothing spline: calculating gcv lambda... 
fitting smoothing spline: calculating gcv lambda... 
cat1 	fitting smoothing spline: calculating gcv lambda... 
cat1 	fitting smoothing spline: calculating gcv lambda... 
cat1 	fitting smoothing spline: calculating gcv lambda... 
cat1 	fitting smoothing spline: calculating gcv lambda... 
cat1 	fitting smoothing spline: calculating gcv lambda... 
cat1 	fitting smoothing spline: calculating gcv lambda... 
cat1 	fitting smoothing spline: calculating gcv lambda... 
fitting smoothing spline with gcv lambda =  1e-04 .
fitting smoothing spline with gcv lambda =  1e-04 .
fitting smoothing spline with gcv lambda =  1e-04 .
fitting smoothing spline with gcv lambda =  1e-04 .
fitting smoothing spline with gcv lambda =  1e-04 .
fitting smoothing spline with gcv lambda =  1e-04 .
fitting smoothing spline with gcv lambda =  1e-04 .
fitting smoothing spline with gcv lambda =  1e-04 .
fitting smoothing spline with gcv lambda =  1e-05 .
fitting smoothing spline with gcv lambda =  1e-04 .
fitting smoothing spline with gcv lambda =  1e-04 .
fitting smoothing spline with gcv lambda =  1e-04 .
fitting smoothing spline with gcv lambda =  1e-04 .
fitting smoothing spline with gcv lambda =  1e-04 .
fitting smoothing spline with gcv lambda =  1e-04 .
fitting smoothing spline with gcv lambda =  1e-04 .
fitting smoothing spline with gcv lambda =  1e-04 .
fitting smoothing spline with gcv lambda =  1e-04 .
fitting smoothing spline with gcv lambda =  1e-04 .
fitting smoothing spline with gcv lambda =  1e-04 .
length(flag)  0  it =  1 
fitting smoothing spline: calculating gcv lambda... 
length(flag)  0  it =  1 
fitting smoothing spline: calculating gcv lambda... 
length(flag)  0  it =  1 
fitting smoothing spline: calculating gcv lambda... 
length(flag)  0  it =  1 
fitting smoothing spline: calculating gcv lambda... 
length(flag)  0  it =  1 
fitting smoothing spline: calculating gcv lambda... 
length(flag)  0  it =  1 
fitting smoothing spline: calculating gcv lambda... 
length(flag)  0  it =  1 
fitting smoothing spline: calculating gcv lambda... 
length(flag)  0  it =  1 
fitting smoothing spline: calculating gcv lambda... 
length(flag)  0  it =  1 
fitting smoothing spline: calculating gcv lambda... 
length(flag)  0  it =  1 
fitting smoothing spline: calculating gcv lambda... 
length(flag)  0  it =  1 
fitting smoothing spline: calculating gcv lambda... 
length(flag)  0  it =  1 
fitting smoothing spline: calculating gcv lambda... 
length(flag) length(flag)   00   it =  it =   11  

fitting smoothing spline: calculating gcv lambda... 
fitting smoothing spline: calculating gcv lambda... 
length(flag)  0  it =  1 
fitting smoothing spline: calculating gcv lambda... 
length(flag)  0  it =  1 
fitting smoothing spline: calculating gcv lambda... 
length(flag)  0  it =  1 
fitting smoothing spline: calculating gcv lambda... 
length(flag)  0  it =  1 
fitting smoothing spline: calculating gcv lambda... 
length(flag)  0  it =  1 
fitting smoothing spline: calculating gcv lambda... 
length(flag)  0  it =  1 
fitting smoothing spline: calculating gcv lambda... 
fitting smoothing spline with gcv lambda =  1e-04 .
fitting smoothing spline with gcv lambda =  1e-04 .
fitting smoothing spline with gcv lambda =  1e-04 .
fitting smoothing spline with gcv lambda =  1e-04 .
fitting smoothing spline with gcv lambda =  1e-04 .
fitting smoothing spline with gcv lambda =  1e-04 .
fitting smoothing spline with gcv lambda =  1e-05 .
fitting smoothing spline with gcv lambda =  1e-04 .
fitting smoothing spline with gcv lambda =  1e-04 .
fitting smoothing spline with gcv lambda =  1e-04 .
fitting smoothing spline with gcv lambda =  1e-04 .
fitting smoothing spline with gcv lambda =  1e-04 .
fitting smoothing spline with gcv lambda =  1e-04 .
fitting smoothing spline with gcv lambda =  1e-04 .
fitting smoothing spline with gcv lambda =  1e-04 .
fitting smoothing spline with gcv lambda =  1e-04 .
fitting smoothing spline with gcv lambda =  1e-04 .
fitting smoothing spline with gcv lambda =  1e-04 .
fitting smoothing spline with gcv lambda =  1e-04 .
fitting smoothing spline with gcv lambda =  1e-04 .
inner it =  9 
rep =  1 
rep =  2 
rep =  3 
rep =  4 
rep =  5 
rep =  6 
rep =  7 
rep =  8 
rep =  9 
rep =  10 
rep =  11 
rep =  12 
rep =  13 
rep =  14 
rep =  15 
rep =  16 
rep =  17 
rep =  18 
rep =  20 
rep =  19 
cat1 	fitting smoothing spline: calculating gcv lambda... 
cat1 	fitting smoothing spline: calculating gcv lambda... 
cat1 	fitting smoothing spline: calculating gcv lambda... 
cat1 	fitting smoothing spline: calculating gcv lambda... 
cat1 	fitting smoothing spline: calculating gcv lambda... 
cat1 	fitting smoothing spline: calculating gcv lambda... 
cat1 	fitting smoothing spline: calculating gcv lambda... 
cat1 	fitting smoothing spline: calculating gcv lambda... 
cat1 	fitting smoothing spline: calculating gcv lambda... 
cat1 	cat1 	fitting smoothing spline: calculating gcv lambda... 
fitting smoothing spline: calculating gcv lambda... 
cat1 	fitting smoothing spline: calculating gcv lambda... 
cat1 	fitting smoothing spline: calculating gcv lambda... 
cat1 	fitting smoothing spline: calculating gcv lambda... 
cat1 	fitting smoothing spline: calculating gcv lambda... 
cat1 	fitting smoothing spline: calculating gcv lambda... 
cat1 	fitting smoothing spline: calculating gcv lambda... 
cat1 	fitting smoothing spline: calculating gcv lambda... 
cat1 	fitting smoothing spline: calculating gcv lambda... 
cat1 	fitting smoothing spline: calculating gcv lambda... 
fitting smoothing spline with gcv lambda =  1e-04 .
fitting smoothing spline with gcv lambda =  1e-04 .
fitting smoothing spline with gcv lambda =  1e-04 .
fitting smoothing spline with gcv lambda =  1e-04 .
fitting smoothing spline with gcv lambda =  1e-04 .
fitting smoothing spline with gcv lambda =  1e-04 .
fitting smoothing spline with gcv lambda =  1e-04 .
fitting smoothing spline with gcv lambda =  1e-04 .
fitting smoothing spline with gcv lambda =  1e-04 .
fitting smoothing spline with gcv lambda =  1e-04 .
fitting smoothing spline with gcv lambda =  1e-04 .
fitting smoothing spline with gcv lambda =  1e-04 .
fitting smoothing spline with gcv lambda =  1e-04 .
fitting smoothing spline with gcv lambda =  1e-04 .
fitting smoothing spline with gcv lambda =  1e-04 .
fitting smoothing spline with gcv lambda =  1e-04 .
length(flag)  0  it =  1 
fitting smoothing spline: calculating gcv lambda... 
fitting smoothing spline with gcv lambda =  1e-04 .
length(flag) length(flag)   00   it =  it =   11  

fitting smoothing spline: calculating gcv lambda... 
fitting smoothing spline: calculating gcv lambda... 
length(flag)  0  it =  1 
fitting smoothing spline: calculating gcv lambda... 
length(flag)  0  it =  1 
fitting smoothing spline: calculating gcv lambda... 
fitting smoothing spline with gcv lambda =  1e-04 .
fitting smoothing spline with gcv lambda =  1e-04 .
length(flag)  0  it =  1 
fitting smoothing spline: calculating gcv lambda... 
length(flag)  0  it =  1 
fitting smoothing spline: calculating gcv lambda... 
length(flag)  0  it =  1 
fitting smoothing spline: calculating gcv lambda... 
length(flag)  0  it =  1 
fitting smoothing spline: calculating gcv lambda... 
length(flag)  0  it =  1 
fitting smoothing spline: calculating gcv lambda... 
length(flag)  0  it =  1 
fitting smoothing spline: calculating gcv lambda... 
length(flag)  0  it =  1 
fitting smoothing spline: calculating gcv lambda... 
length(flag)  0  it =  1 
fitting smoothing spline: calculating gcv lambda... 
length(flag)  0  it =  1 
fitting smoothing spline: calculating gcv lambda... 
length(flag)  0  it =  1 
fitting smoothing spline: calculating gcv lambda... 
length(flag)  0  it =  1 
fitting smoothing spline: calculating gcv lambda... 
length(flag)  0  it =  1 
fitting smoothing spline: calculating gcv lambda... 
fitting smoothing spline with gcv lambda =  1e-04 .
length(flag)  0  it =  1 
fitting smoothing spline: calculating gcv lambda... 
length(flag)  0  it =  1 
fitting smoothing spline: calculating gcv lambda... 
length(flag)  0  it =  1 
fitting smoothing spline: calculating gcv lambda... 
fitting smoothing spline with gcv lambda =  1e-04 .
fitting smoothing spline with gcv lambda =  1e-04 .
fitting smoothing spline with gcv lambda =  1e-04 .
fitting smoothing spline with gcv lambda =  1e-04 .
fitting smoothing spline with gcv lambda =  1e-04 .
fitting smoothing spline with gcv lambda =  1e-04 .
fitting smoothing spline with gcv lambda =  1e-04 .
fitting smoothing spline with gcv lambda =  1e-04 .
fitting smoothing spline with gcv lambda =  1e-04 .
fitting smoothing spline with gcv lambda =  1e-04 .
fitting smoothing spline with gcv lambda =  1e-04 .
fitting smoothing spline with gcv lambda =  1e-04 .
fitting smoothing spline with gcv lambda =  1e-04 .
fitting smoothing spline with gcv lambda =  1e-04 .
fitting smoothing spline with gcv lambda =  1e-04 .
fitting smoothing spline with gcv lambda =  1e-04 .
fitting smoothing spline with gcv lambda =  1e-04 .
fitting smoothing spline with gcv lambda =  1e-04 .
fitting smoothing spline with gcv lambda =  1e-04 .
fitting smoothing spline with gcv lambda =  1e-04 .
inner it =  10 
rep =  1 
rep =  2 
rep =  3 
rep =  4 
rep =  5 
rep =  6 
rep =  7 
rep =  8 
rep =  9 
rep =  10 
rep =  11 
rep =  12 
rep =  13 
rep =  14 
rep =  15 
rep =  16 
rep =  17 
rep =  18 
rep =  20 
rep =  19 
cat1 	fitting smoothing spline: calculating gcv lambda... 
cat1 	cat1 	fitting smoothing spline: calculating gcv lambda... 
fitting smoothing spline: calculating gcv lambda... 
cat1 	fitting smoothing spline: calculating gcv lambda... 
cat1 	fitting smoothing spline: calculating gcv lambda... 
cat1 	fitting smoothing spline: calculating gcv lambda... 
cat1 	fitting smoothing spline: calculating gcv lambda... 
cat1 	fitting smoothing spline: calculating gcv lambda... 
cat1 	fitting smoothing spline: calculating gcv lambda... 
cat1 	cat1 	fitting smoothing spline: calculating gcv lambda... 
fitting smoothing spline: calculating gcv lambda... 
cat1 	fitting smoothing spline: calculating gcv lambda... 
cat1 	cat1 	fitting smoothing spline: calculating gcv lambda... 
fitting smoothing spline: calculating gcv lambda... 
cat1 	fitting smoothing spline: calculating gcv lambda... 
cat1 	fitting smoothing spline: calculating gcv lambda... 
cat1 	fitting smoothing spline: calculating gcv lambda... 
cat1 	fitting smoothing spline: calculating gcv lambda... 
cat1 	fitting smoothing spline: calculating gcv lambda... 
cat1 	fitting smoothing spline: calculating gcv lambda... 
fitting smoothing spline with gcv lambda =  1e-04 .
fitting smoothing spline with gcv lambda =  1e-04 .
fitting smoothing spline with gcv lambda =  1e-04 .
fitting smoothing spline with gcv lambda =  1e-04 .
fitting smoothing spline with gcv lambda =  1e-04 .
fitting smoothing spline with gcv lambda =  1e-04 .
fitting smoothing spline with gcv lambda =  1e-04 .
fitting smoothing spline with gcv lambda =  1e-04 .
fitting smoothing spline with gcv lambda =  1e-04 .
fitting smoothing spline with gcv lambda =  1e-04 .
fitting smoothing spline with gcv lambda =  1e-04 .
fitting smoothing spline with gcv lambda =  1e-04 .
fitting smoothing spline with gcv lambda =  1e-04 .
fitting smoothing spline with gcv lambda =  1e-04 .
fitting smoothing spline with gcv lambda =  1e-04 .
fitting smoothing spline with gcv lambda =  1e-04 .
fitting smoothing spline with gcv lambda =  1e-04 .
fitting smoothing spline with gcv lambda =  1e-04 .
length(flag)  0  it =  1 
fitting smoothing spline: calculating gcv lambda... 
fitting smoothing spline with gcv lambda =  1e-04 .
length(flag)  0  it =  1 
fitting smoothing spline: calculating gcv lambda... 
length(flag)  0  it =  1 
fitting smoothing spline: calculating gcv lambda... 
length(flag)  0  it =  1 
length(flag)  0  it =  1 
fitting smoothing spline: calculating gcv lambda... 
fitting smoothing spline: calculating gcv lambda... 
length(flag)  0  it =  1 
fitting smoothing spline: calculating gcv lambda... 
length(flag)  0  it =  1 
fitting smoothing spline: calculating gcv lambda... 
length(flag)  0  it =  1 
fitting smoothing spline: calculating gcv lambda... 
length(flag)  0  it =  1 
fitting smoothing spline: calculating gcv lambda... 
length(flag)  0  it =  1 
fitting smoothing spline: calculating gcv lambda... 
length(flag) length(flag)   00   it =  it =   11  

fitting smoothing spline: calculating gcv lambda... 
fitting smoothing spline: calculating gcv lambda... 
length(flag)  0  it =  1 
fitting smoothing spline: calculating gcv lambda... 
length(flag)  0  it =  1 
fitting smoothing spline: calculating gcv lambda... 
length(flag)  0  it =  1 
fitting smoothing spline: calculating gcv lambda... 
length(flag)  0  it =  1 
fitting smoothing spline: calculating gcv lambda... 
length(flag)  0  it =  1 
fitting smoothing spline: calculating gcv lambda... 
length(flag)  0  it =  1 
fitting smoothing spline: calculating gcv lambda... 
length(flag)  0  it =  1 
fitting smoothing spline: calculating gcv lambda... 
fitting smoothing spline with gcv lambda =  1e-04 .
length(flag)  0  it =  1 
fitting smoothing spline: calculating gcv lambda... 
fitting smoothing spline with gcv lambda =  1e-04 .
fitting smoothing spline with gcv lambda =  1e-04 .
fitting smoothing spline with gcv lambda =  1e-04 .
fitting smoothing spline with gcv lambda =  1e-04 .
fitting smoothing spline with gcv lambda =  1e-04 .
fitting smoothing spline with gcv lambda =  1e-04 .
fitting smoothing spline with gcv lambda =  1e-04 .
fitting smoothing spline with gcv lambda =  1e-04 .
fitting smoothing spline with gcv lambda =  1e-04 .
fitting smoothing spline with gcv lambda =  1e-04 .
fitting smoothing spline with gcv lambda =  1e-04 .
fitting smoothing spline with gcv lambda =  1e-04 .
fitting smoothing spline with gcv lambda =  1e-04 .
fitting smoothing spline with gcv lambda =  1e-04 .
fitting smoothing spline with gcv lambda =  1e-04 .
fitting smoothing spline with gcv lambda =  1e-04 .
fitting smoothing spline with gcv lambda =  1e-04 .
fitting smoothing spline with gcv lambda =  1e-04 .
fitting smoothing spline with gcv lambda =  1e-04 .
fitting smoothing spline with gcv lambda =  1e-04 .
 
Job Ended at Fri Dec 18 14:06:54 EST 2020
 
