 
 
Job started on comp-sc-0469.acib.production.int.aci.ics.psu.edu at Fri Dec 18 13:01:08 EST 2020
 
Loading required package: doParallel
Loading required package: foreach
Loading required package: iterators
Loading required package: parallel
Loading required package: dplyr

Attaching package: 'dplyr'

The following objects are masked from 'package:stats':

    filter, lag

The following objects are masked from 'package:base':

    intersect, setdiff, setequal, union

Loading required package: plotly
Loading required package: ggplot2

Attaching package: 'plotly'

The following object is masked from 'package:ggplot2':

    last_plot

The following object is masked from 'package:stats':

    filter

The following object is masked from 'package:graphics':

    layout

Loading required package: RColorBrewer
Loading required package: fda
Loading required package: splines
Loading required package: Matrix

Attaching package: 'fda'

The following object is masked from 'package:graphics':

    matplot

10 	 10 	 5e-04 
inner it =  1 
rep =  1 
rep =  2 
rep =  3 
rep =  4 
rep =  5 
rep =  6 
rep =  7 
rep =  8 
rep =  9 
rep =  10 
rep =  11 
rep =  12 
rep =  13 
rep =  14 
rep =  15 
rep =  16 
rep =  20 
rep =  17 
rep =  19 
rep =  18 
cat1 	fitting smoothing spline: calculating gcv lambda... 
cat1 	fitting smoothing spline: calculating gcv lambda... 
cat1 	fitting smoothing spline: calculating gcv lambda... 
cat1 	fitting smoothing spline: calculating gcv lambda... 
cat1 	fitting smoothing spline: calculating gcv lambda... 
cat1 	fitting smoothing spline: calculating gcv lambda... 
cat1 	fitting smoothing spline: calculating gcv lambda... 
cat1 	fitting smoothing spline: calculating gcv lambda... 
cat1 	fitting smoothing spline: calculating gcv lambda... 
cat1 	fitting smoothing spline: calculating gcv lambda... 
cat1 	fitting smoothing spline: calculating gcv lambda... 
cat1 	fitting smoothing spline: calculating gcv lambda... 
cat1 	fitting smoothing spline: calculating gcv lambda... 
cat1 	fitting smoothing spline: calculating gcv lambda... 
cat1 	fitting smoothing spline: calculating gcv lambda... 
cat1 	fitting smoothing spline: calculating gcv lambda... 
cat1 	fitting smoothing spline: calculating gcv lambda... 
cat1 	fitting smoothing spline: calculating gcv lambda... 
cat1 	fitting smoothing spline: calculating gcv lambda... 
cat1 	fitting smoothing spline: calculating gcv lambda... 
fitting smoothing spline with gcv lambda =  1e-04 .
fitting smoothing spline with gcv lambda =  1e-04 .
fitting smoothing spline with gcv lambda =  1e-04 .
fitting smoothing spline with gcv lambda =  1e-04 .
fitting smoothing spline with gcv lambda =  1e-04 .
fitting smoothing spline with gcv lambda =  1e-04 .
fitting smoothing spline with gcv lambda =  1e-04 .
fitting smoothing spline with gcv lambda =  1e-04 .
length(flag)  0  it =  1 
fitting smoothing spline: calculating gcv lambda... 
length(flag)  0  it =  1 
fitting smoothing spline: calculating gcv lambda... 
length(flag)  0  it =  1 
fitting smoothing spline: calculating gcv lambda... 
length(flag)  0  it =  1 
fitting smoothing spline: calculating gcv lambda... 
length(flag)  0  it =  1 
fitting smoothing spline: calculating gcv lambda... 
length(flag)  0  it =  1 
fitting smoothing spline: calculating gcv lambda... 
length(flag)  0  it =  1 
fitting smoothing spline: calculating gcv lambda... 
length(flag)  0  it =  1 
fitting smoothing spline: calculating gcv lambda... 
fitting smoothing spline with gcv lambda =  1e-04 .
fitting smoothing spline with gcv lambda =  1e-04 .
fitting smoothing spline with gcv lambda =  1e-04 .
fitting smoothing spline with gcv lambda =  1e-04 .
fitting smoothing spline with gcv lambda =  1e-04 .
fitting smoothing spline with gcv lambda =  1e-04 .
fitting smoothing spline with gcv lambda =  1e-04 .
fitting smoothing spline with gcv lambda =  1e-04 .
fitting smoothing spline with gcv lambda =  1e-04 .
fitting smoothing spline with gcv lambda =  1e-04 .
fitting smoothing spline with gcv lambda =  1e-04 .
fitting smoothing spline with gcv lambda =  1e-04 .
length(flag)  0  it =  1 
fitting smoothing spline: calculating gcv lambda... 
length(flag)  0  it =  1 
fitting smoothing spline: calculating gcv lambda... 
length(flag)  0  it =  1 
fitting smoothing spline: calculating gcv lambda... 
length(flag)  0  it =  1 
fitting smoothing spline: calculating gcv lambda... 
length(flag)  0  it =  1 
fitting smoothing spline: calculating gcv lambda... 
length(flag)  0  it =  1 
fitting smoothing spline: calculating gcv lambda... 
length(flag)  0  it =  1 
fitting smoothing spline: calculating gcv lambda... 
length(flag)  0  it =  1 
fitting smoothing spline: calculating gcv lambda... 
length(flag)  0  it =  1 
fitting smoothing spline: calculating gcv lambda... 
length(flag)  0  it =  1 
fitting smoothing spline: calculating gcv lambda... 
length(flag)  0  it =  1 
fitting smoothing spline: calculating gcv lambda... 
length(flag)  0  it =  1 
fitting smoothing spline: calculating gcv lambda... 
fitting smoothing spline with gcv lambda =  1e-04 .
fitting smoothing spline with gcv lambda =  1e-04 .
fitting smoothing spline with gcv lambda =  1e-04 .
fitting smoothing spline with gcv lambda =  1e-04 .
fitting smoothing spline with gcv lambda =  1e-04 .
fitting smoothing spline with gcv lambda =  1e-04 .
fitting smoothing spline with gcv lambda =  1e-04 .
fitting smoothing spline with gcv lambda =  1e-04 .
fitting smoothing spline with gcv lambda =  1e-04 .
fitting smoothing spline with gcv lambda =  1e-04 .
fitting smoothing spline with gcv lambda =  1e-04 .
fitting smoothing spline with gcv lambda =  1e-04 .
fitting smoothing spline with gcv lambda =  1e-04 .
fitting smoothing spline with gcv lambda =  1e-04 .
fitting smoothing spline with gcv lambda =  1e-04 .
fitting smoothing spline with gcv lambda =  1e-04 .
fitting smoothing spline with gcv lambda =  1e-04 .
fitting smoothing spline with gcv lambda =  1e-04 .
fitting smoothing spline with gcv lambda =  1e-04 .
fitting smoothing spline with gcv lambda =  1e-04 .
inner it =  2 
rep =  1 
rep =  2 
rep =  3 
rep =  4 
rep =  5 
rep =  6 
rep =  7 
rep =  8 
rep =  9 
rep =  10 
rep =  11 
rep =  12 
rep =  13 
rep =  14 
rep =  15 
rep =  16 
rep =  17 
rep =  18 
rep =  19 
rep =  20 
cat1 	fitting smoothing spline: calculating gcv lambda... 
cat1 	fitting smoothing spline: calculating gcv lambda... 
cat1 	fitting smoothing spline: calculating gcv lambda... 
cat1 	fitting smoothing spline: calculating gcv lambda... 
cat1 	fitting smoothing spline: calculating gcv lambda... 
cat1 	fitting smoothing spline: calculating gcv lambda... 
cat1 	cat1 	fitting smoothing spline: calculating gcv lambda... 
fitting smoothing spline: calculating gcv lambda... 
cat1 	fitting smoothing spline: calculating gcv lambda... 
cat1 	fitting smoothing spline: calculating gcv lambda... 
cat1 	fitting smoothing spline: calculating gcv lambda... 
cat1 	fitting smoothing spline: calculating gcv lambda... 
cat1 	fitting smoothing spline: calculating gcv lambda... 
cat1 	fitting smoothing spline: calculating gcv lambda... 
cat1 	fitting smoothing spline: calculating gcv lambda... 
cat1 	fitting smoothing spline: calculating gcv lambda... 
cat1 	fitting smoothing spline: calculating gcv lambda... 
cat1 	fitting smoothing spline: calculating gcv lambda... 
cat1 	fitting smoothing spline: calculating gcv lambda... 
cat1 	fitting smoothing spline: calculating gcv lambda... 
fitting smoothing spline with gcv lambda =  1e-04 .
fitting smoothing spline with gcv lambda =  1e-04 .
fitting smoothing spline with gcv lambda =  1e-04 .
fitting smoothing spline with gcv lambda =  1e-04 .
fitting smoothing spline with gcv lambda =  1e-04 .
fitting smoothing spline with gcv lambda =  1e-04 .
fitting smoothing spline with gcv lambda =  1e-04 .
fitting smoothing spline with gcv lambda =  1e-04 .
length(flag)  0  it =  1 
fitting smoothing spline: calculating gcv lambda... 
length(flag)  0  it =  1 
fitting smoothing spline: calculating gcv lambda... 
length(flag)  0  it =  1 
fitting smoothing spline: calculating gcv lambda... 
length(flag)  0  it =  1 
fitting smoothing spline: calculating gcv lambda... 
length(flag)  0  it =  1 
fitting smoothing spline: calculating gcv lambda... 
length(flag)  0  it =  1 
fitting smoothing spline: calculating gcv lambda... 
length(flag)  0  it =  1 
fitting smoothing spline: calculating gcv lambda... 
length(flag)  0  it =  1 
fitting smoothing spline: calculating gcv lambda... 
fitting smoothing spline with gcv lambda =  1e-04 .
fitting smoothing spline with gcv lambda =  1e-04 .
fitting smoothing spline with gcv lambda =  1e-04 .
fitting smoothing spline with gcv lambda =  1e-04 .
fitting smoothing spline with gcv lambda =  1e-04 .
fitting smoothing spline with gcv lambda =  1e-04 .
fitting smoothing spline with gcv lambda =  1e-04 .
fitting smoothing spline with gcv lambda =  1e-04 .
fitting smoothing spline with gcv lambda =  1e-04 .
fitting smoothing spline with gcv lambda =  1e-04 .
fitting smoothing spline with gcv lambda =  1e-04 .
fitting smoothing spline with gcv lambda =  1e-04 .
length(flag)  0  it =  1 
fitting smoothing spline: calculating gcv lambda... 
length(flag)  0  it =  1 
fitting smoothing spline: calculating gcv lambda... 
length(flag)  0  it =  1 
fitting smoothing spline: calculating gcv lambda... 
length(flag)  0  it =  1 
fitting smoothing spline: calculating gcv lambda... 
length(flag)  0  it =  1 
fitting smoothing spline: calculating gcv lambda... 
length(flag)  0  it =  1 
fitting smoothing spline: calculating gcv lambda... 
length(flag)  0  it =  1 
fitting smoothing spline: calculating gcv lambda... 
length(flag)  0  it =  1 
fitting smoothing spline: calculating gcv lambda... 
length(flag)  0  it =  1 
fitting smoothing spline: calculating gcv lambda... 
length(flag)  0  it =  1 
fitting smoothing spline: calculating gcv lambda... 
length(flag)  0  it =  1 
fitting smoothing spline: calculating gcv lambda... 
length(flag)  0  it =  1 
fitting smoothing spline: calculating gcv lambda... 
fitting smoothing spline with gcv lambda =  1e-04 .
fitting smoothing spline with gcv lambda =  1e-04 .
fitting smoothing spline with gcv lambda =  1e-04 .
fitting smoothing spline with gcv lambda =  1e-04 .
fitting smoothing spline with gcv lambda =  1e-04 .
fitting smoothing spline with gcv lambda =  1e-04 .
fitting smoothing spline with gcv lambda =  1e-04 .
fitting smoothing spline with gcv lambda =  1e-04 .
fitting smoothing spline with gcv lambda =  1e-04 .
fitting smoothing spline with gcv lambda =  1e-04 .
fitting smoothing spline with gcv lambda =  1e-04 .
fitting smoothing spline with gcv lambda =  1e-04 .
fitting smoothing spline with gcv lambda =  1e-04 .
fitting smoothing spline with gcv lambda =  1e-04 .
fitting smoothing spline with gcv lambda =  1e-04 .
fitting smoothing spline with gcv lambda =  1e-04 .
fitting smoothing spline with gcv lambda =  1e-04 .
fitting smoothing spline with gcv lambda =  1e-04 .
fitting smoothing spline with gcv lambda =  1e-04 .
fitting smoothing spline with gcv lambda =  1e-04 .
inner it =  3 
rep =  1 
rep =  2 
rep =  3 
rep =  4 
rep =  5 
rep =  6 
rep =  7 
rep =  8 
rep =  9 
rep =  10 
rep =  11 
rep =  12 
rep =  13 
rep =  14 
rep =  15 
rep =  16 
rep =  17 
rep =  18 
rep =  19 
rep =  20 
cat1 	fitting smoothing spline: calculating gcv lambda... 
cat1 	fitting smoothing spline: calculating gcv lambda... 
cat1 	fitting smoothing spline: calculating gcv lambda... 
cat1 	fitting smoothing spline: calculating gcv lambda... 
cat1 	fitting smoothing spline: calculating gcv lambda... 
cat1 	fitting smoothing spline: calculating gcv lambda... 
cat1 	fitting smoothing spline: calculating gcv lambda... 
cat1 	fitting smoothing spline: calculating gcv lambda... 
cat1 	fitting smoothing spline: calculating gcv lambda... 
cat1 	fitting smoothing spline: calculating gcv lambda... 
cat1 	fitting smoothing spline: calculating gcv lambda... 
cat1 	fitting smoothing spline: calculating gcv lambda... 
cat1 	fitting smoothing spline: calculating gcv lambda... 
cat1 	fitting smoothing spline: calculating gcv lambda... 
cat1 	fitting smoothing spline: calculating gcv lambda... 
cat1 	fitting smoothing spline: calculating gcv lambda... 
cat1 	fitting smoothing spline: calculating gcv lambda... 
cat1 	fitting smoothing spline: calculating gcv lambda... 
cat1 	fitting smoothing spline: calculating gcv lambda... 
cat1 	fitting smoothing spline: calculating gcv lambda... 
fitting smoothing spline with gcv lambda =  1e-04 .
fitting smoothing spline with gcv lambda =  1e-04 .
fitting smoothing spline with gcv lambda =  1e-04 .
fitting smoothing spline with gcv lambda =  1e-04 .
fitting smoothing spline with gcv lambda =  1e-04 .
fitting smoothing spline with gcv lambda =  1e-04 .
fitting smoothing spline with gcv lambda =  1e-04 .
fitting smoothing spline with gcv lambda =  1e-04 .
length(flag)  0  it =  1 
fitting smoothing spline: calculating gcv lambda... 
length(flag)  0  it =  1 
fitting smoothing spline: calculating gcv lambda... 
length(flag)  0  it =  1 
fitting smoothing spline: calculating gcv lambda... 
length(flag)  0  it =  1 
fitting smoothing spline: calculating gcv lambda... 
length(flag)  0  it =  1 
fitting smoothing spline: calculating gcv lambda... 
length(flag)  0  it =  1 
fitting smoothing spline: calculating gcv lambda... 
length(flag)  0  it =  1 
fitting smoothing spline: calculating gcv lambda... 
length(flag)  0  it =  1 
fitting smoothing spline: calculating gcv lambda... 
fitting smoothing spline with gcv lambda =  1e-04 .
fitting smoothing spline with gcv lambda =  1e-04 .
fitting smoothing spline with gcv lambda =  1e-04 .
fitting smoothing spline with gcv lambda =  1e-04 .
fitting smoothing spline with gcv lambda =  1e-04 .
fitting smoothing spline with gcv lambda =  1e-04 .
fitting smoothing spline with gcv lambda =  1e-04 .
fitting smoothing spline with gcv lambda =  1e-04 .
fitting smoothing spline with gcv lambda =  1e-04 .
fitting smoothing spline with gcv lambda =  1e-04 .
fitting smoothing spline with gcv lambda =  1e-04 .
fitting smoothing spline with gcv lambda =  1e-04 .
length(flag)  0  it =  1 
fitting smoothing spline: calculating gcv lambda... 
length(flag)  0  it =  1 
fitting smoothing spline: calculating gcv lambda... 
length(flag)  0  it =  1 
fitting smoothing spline: calculating gcv lambda... 
length(flag)  0  it =  1 
fitting smoothing spline: calculating gcv lambda... 
length(flag)  0  it =  1 
fitting smoothing spline: calculating gcv lambda... 
length(flag)  0  it =  1 
fitting smoothing spline: calculating gcv lambda... 
length(flag)  0  it =  1 
fitting smoothing spline: calculating gcv lambda... 
length(flag)  0  it =  1 
fitting smoothing spline: calculating gcv lambda... 
length(flag)  0  it =  1 
fitting smoothing spline: calculating gcv lambda... 
length(flag)  0  it =  1 
fitting smoothing spline: calculating gcv lambda... 
length(flag)  0  it =  1 
fitting smoothing spline: calculating gcv lambda... 
length(flag)  0  it =  1 
fitting smoothing spline: calculating gcv lambda... 
fitting smoothing spline with gcv lambda =  1e-04 .
fitting smoothing spline with gcv lambda =  1e-04 .
fitting smoothing spline with gcv lambda =  1e-04 .
fitting smoothing spline with gcv lambda =  1e-04 .
fitting smoothing spline with gcv lambda =  1e-04 .
fitting smoothing spline with gcv lambda =  1e-04 .
fitting smoothing spline with gcv lambda =  1e-04 .
fitting smoothing spline with gcv lambda =  1e-04 .
fitting smoothing spline with gcv lambda =  1e-04 .
fitting smoothing spline with gcv lambda =  1e-04 .
fitting smoothing spline with gcv lambda =  1e-04 .
fitting smoothing spline with gcv lambda =  1e-04 .
fitting smoothing spline with gcv lambda =  1e-04 .
fitting smoothing spline with gcv lambda =  1e-04 .
fitting smoothing spline with gcv lambda =  1e-04 .
fitting smoothing spline with gcv lambda =  1e-04 .
fitting smoothing spline with gcv lambda =  1e-04 .
fitting smoothing spline with gcv lambda =  1e-04 .
fitting smoothing spline with gcv lambda =  1e-04 .
fitting smoothing spline with gcv lambda =  1e-04 .
inner it =  4 
rep =  1 
rep =  2 
rep =  3 
rep =  4 
rep =  5 
rep =  6 
rep =  7 
rep =  8 
rep =  9 
rep =  10 
rep =  11 
rep =  12 
rep =  13 
rep =  14 
rep =  15 
rep =  16 
rep =  17 
rep =  18 
rep =  19 
rep =  20 
cat1 	fitting smoothing spline: calculating gcv lambda... 
cat1 	fitting smoothing spline: calculating gcv lambda... 
cat1 	fitting smoothing spline: calculating gcv lambda... 
cat1 	fitting smoothing spline: calculating gcv lambda... 
cat1 	fitting smoothing spline: calculating gcv lambda... 
cat1 	fitting smoothing spline: calculating gcv lambda... 
cat1 	fitting smoothing spline: calculating gcv lambda... 
cat1 	fitting smoothing spline: calculating gcv lambda... 
cat1 	fitting smoothing spline: calculating gcv lambda... 
cat1 	fitting smoothing spline: calculating gcv lambda... 
cat1 	fitting smoothing spline: calculating gcv lambda... 
cat1 	fitting smoothing spline: calculating gcv lambda... 
cat1 	fitting smoothing spline: calculating gcv lambda... 
cat1 	fitting smoothing spline: calculating gcv lambda... 
cat1 	fitting smoothing spline: calculating gcv lambda... 
cat1 	fitting smoothing spline: calculating gcv lambda... 
cat1 	fitting smoothing spline: calculating gcv lambda... 
cat1 	fitting smoothing spline: calculating gcv lambda... 
cat1 	fitting smoothing spline: calculating gcv lambda... 
cat1 	fitting smoothing spline: calculating gcv lambda... 
fitting smoothing spline with gcv lambda =  1e-04 .
fitting smoothing spline with gcv lambda =  1e-04 .
fitting smoothing spline with gcv lambda =  1e-04 .
fitting smoothing spline with gcv lambda =  1e-04 .
fitting smoothing spline with gcv lambda =  1e-04 .
fitting smoothing spline with gcv lambda =  1e-04 .
fitting smoothing spline with gcv lambda =  1e-04 .
fitting smoothing spline with gcv lambda =  1e-04 .
length(flag)  0  it =  1 
fitting smoothing spline: calculating gcv lambda... 
length(flag)  0  it =  1 
fitting smoothing spline: calculating gcv lambda... 
length(flag)  0  it =  1 
fitting smoothing spline: calculating gcv lambda... 
length(flag)  0  it =  1 
fitting smoothing spline: calculating gcv lambda... 
length(flag)  0  it =  1 
fitting smoothing spline: calculating gcv lambda... 
length(flag)  0  it =  1 
fitting smoothing spline: calculating gcv lambda... 
length(flag)  0  it =  1 
fitting smoothing spline: calculating gcv lambda... 
length(flag)  0  it =  1 
fitting smoothing spline: calculating gcv lambda... 
fitting smoothing spline with gcv lambda =  1e-04 .
fitting smoothing spline with gcv lambda =  1e-04 .
fitting smoothing spline with gcv lambda =  1e-04 .
fitting smoothing spline with gcv lambda =  1e-04 .
fitting smoothing spline with gcv lambda =  1e-04 .
fitting smoothing spline with gcv lambda =  1e-04 .
fitting smoothing spline with gcv lambda =  1e-04 .
fitting smoothing spline with gcv lambda =  1e-04 .
fitting smoothing spline with gcv lambda =  1e-04 .
fitting smoothing spline with gcv lambda =  1e-04 .
fitting smoothing spline with gcv lambda =  1e-04 .
fitting smoothing spline with gcv lambda =  1e-04 .
length(flag)  0  it =  1 
fitting smoothing spline: calculating gcv lambda... 
length(flag)  0  it =  1 
fitting smoothing spline: calculating gcv lambda... 
length(flag)  0  it =  1 
fitting smoothing spline: calculating gcv lambda... 
length(flag)  0  it =  1 
fitting smoothing spline: calculating gcv lambda... 
length(flag)  0  it =  1 
fitting smoothing spline: calculating gcv lambda... 
length(flag)  0  it =  1 
fitting smoothing spline: calculating gcv lambda... 
length(flag)  0  it =  1 
fitting smoothing spline: calculating gcv lambda... 
length(flag)  0  it =  1 
fitting smoothing spline: calculating gcv lambda... 
length(flag)  0  it =  1 
fitting smoothing spline: calculating gcv lambda... 
length(flag)  0  it =  1 
fitting smoothing spline: calculating gcv lambda... 
length(flag)  0  it =  1 
fitting smoothing spline: calculating gcv lambda... 
length(flag)  0  it =  1 
fitting smoothing spline: calculating gcv lambda... 
fitting smoothing spline with gcv lambda =  1e-04 .
fitting smoothing spline with gcv lambda =  1e-04 .
fitting smoothing spline with gcv lambda =  1e-04 .
fitting smoothing spline with gcv lambda =  1e-04 .
fitting smoothing spline with gcv lambda =  1e-04 .
fitting smoothing spline with gcv lambda =  1e-04 .
fitting smoothing spline with gcv lambda =  1e-04 .
fitting smoothing spline with gcv lambda =  1e-04 .
fitting smoothing spline with gcv lambda =  1e-04 .
fitting smoothing spline with gcv lambda =  1e-04 .
fitting smoothing spline with gcv lambda =  1e-04 .
fitting smoothing spline with gcv lambda =  1e-04 .
fitting smoothing spline with gcv lambda =  1e-04 .
fitting smoothing spline with gcv lambda =  1e-04 .
fitting smoothing spline with gcv lambda =  1e-04 .
fitting smoothing spline with gcv lambda =  1e-04 .
fitting smoothing spline with gcv lambda =  1e-04 .
fitting smoothing spline with gcv lambda =  1e-04 .
fitting smoothing spline with gcv lambda =  1e-04 .
fitting smoothing spline with gcv lambda =  1e-04 .
inner it =  5 
rep =  1 
rep =  2 
rep =  3 
rep =  4 
rep =  5 
rep =  6 
rep =  7 
rep =  8 
rep =  9 
rep =  10 
rep =  11 
rep =  12 
rep =  13 
rep =  14 
rep =  15 
rep =  16 
rep =  17 
rep =  18 
rep =  19 
rep =  20 
cat1 	fitting smoothing spline: calculating gcv lambda... 
cat1 	fitting smoothing spline: calculating gcv lambda... 
cat1 	fitting smoothing spline: calculating gcv lambda... 
cat1 	fitting smoothing spline: calculating gcv lambda... 
cat1 	fitting smoothing spline: calculating gcv lambda... 
cat1 	fitting smoothing spline: calculating gcv lambda... 
cat1 	fitting smoothing spline: calculating gcv lambda... 
cat1 	fitting smoothing spline: calculating gcv lambda... 
cat1 	fitting smoothing spline: calculating gcv lambda... 
cat1 	fitting smoothing spline: calculating gcv lambda... 
cat1 	fitting smoothing spline: calculating gcv lambda... 
cat1 	fitting smoothing spline: calculating gcv lambda... 
cat1 	fitting smoothing spline: calculating gcv lambda... 
cat1 	fitting smoothing spline: calculating gcv lambda... 
cat1 	fitting smoothing spline: calculating gcv lambda... 
cat1 	fitting smoothing spline: calculating gcv lambda... 
cat1 	fitting smoothing spline: calculating gcv lambda... 
cat1 	fitting smoothing spline: calculating gcv lambda... 
cat1 	fitting smoothing spline: calculating gcv lambda... 
cat1 	fitting smoothing spline: calculating gcv lambda... 
fitting smoothing spline with gcv lambda =  1e-04 .
fitting smoothing spline with gcv lambda =  1e-04 .
fitting smoothing spline with gcv lambda =  1e-04 .
fitting smoothing spline with gcv lambda =  1e-04 .
fitting smoothing spline with gcv lambda =  1e-04 .
fitting smoothing spline with gcv lambda =  1e-04 .
fitting smoothing spline with gcv lambda =  1e-04 .
fitting smoothing spline with gcv lambda =  1e-04 .
length(flag)  0  it =  1 
fitting smoothing spline: calculating gcv lambda... 
length(flag)  0  it =  1 
fitting smoothing spline: calculating gcv lambda... 
length(flag)  0  it =  1 
fitting smoothing spline: calculating gcv lambda... 
length(flag)  0  it =  1 
fitting smoothing spline: calculating gcv lambda... 
length(flag)  0  it =  1 
fitting smoothing spline: calculating gcv lambda... 
length(flag)  0  it =  1 
fitting smoothing spline: calculating gcv lambda... 
length(flag)  0  it =  1 
length(flag)  0  it =  1 
fitting smoothing spline: calculating gcv lambda... 
fitting smoothing spline: calculating gcv lambda... 
fitting smoothing spline with gcv lambda =  1e-04 .
fitting smoothing spline with gcv lambda =  1e-04 .
fitting smoothing spline with gcv lambda =  1e-04 .
fitting smoothing spline with gcv lambda =  1e-04 .
fitting smoothing spline with gcv lambda =  1e-04 .
fitting smoothing spline with gcv lambda =  1e-04 .
fitting smoothing spline with gcv lambda =  1e-04 .
fitting smoothing spline with gcv lambda =  1e-04 .
fitting smoothing spline with gcv lambda =  1e-04 .
fitting smoothing spline with gcv lambda =  1e-04 .
fitting smoothing spline with gcv lambda =  1e-04 .
fitting smoothing spline with gcv lambda =  1e-04 .
length(flag)  0  it =  1 
fitting smoothing spline: calculating gcv lambda... 
length(flag)  0  it =  1 
fitting smoothing spline: calculating gcv lambda... 
length(flag)  0  it =  1 
fitting smoothing spline: calculating gcv lambda... 
length(flag)  0  it =  1 
fitting smoothing spline: calculating gcv lambda... 
length(flag)  0  it =  1 
fitting smoothing spline: calculating gcv lambda... 
length(flag)  0  it =  1 
fitting smoothing spline: calculating gcv lambda... 
length(flag)  0  it =  1 
fitting smoothing spline: calculating gcv lambda... 
length(flag)  0  it =  1 
fitting smoothing spline: calculating gcv lambda... 
length(flag)  0  it =  1 
fitting smoothing spline: calculating gcv lambda... 
length(flag)  0  it =  1 
fitting smoothing spline: calculating gcv lambda... 
length(flag)  0  it =  1 
fitting smoothing spline: calculating gcv lambda... 
length(flag)  0  it =  1 
fitting smoothing spline: calculating gcv lambda... 
fitting smoothing spline with gcv lambda =  1e-04 .
fitting smoothing spline with gcv lambda =  1e-04 .
fitting smoothing spline with gcv lambda =  1e-04 .
fitting smoothing spline with gcv lambda =  1e-04 .
fitting smoothing spline with gcv lambda =  1e-04 .
fitting smoothing spline with gcv lambda =  1e-04 .
fitting smoothing spline with gcv lambda =  1e-04 .
fitting smoothing spline with gcv lambda =  1e-04 .
fitting smoothing spline with gcv lambda =  1e-04 .
fitting smoothing spline with gcv lambda =  1e-04 .
fitting smoothing spline with gcv lambda =  1e-04 .
fitting smoothing spline with gcv lambda =  1e-04 .
fitting smoothing spline with gcv lambda =  1e-04 .
fitting smoothing spline with gcv lambda =  1e-04 .
fitting smoothing spline with gcv lambda =  1e-04 .
fitting smoothing spline with gcv lambda =  1e-04 .
fitting smoothing spline with gcv lambda =  1e-04 .
fitting smoothing spline with gcv lambda =  1e-04 .
fitting smoothing spline with gcv lambda =  1e-04 .
fitting smoothing spline with gcv lambda =  1e-04 .
inner it =  6 
rep =  1 
rep =  2 
rep =  3 
rep =  4 
rep =  5 
rep =  6 
rep =  7 
rep =  8 
rep =  9 
rep =  10 
rep =  11 
rep =  12 
rep =  13 
rep =  14 
rep =  15 
rep =  16 
rep =  17 
rep =  18 
rep =  19 
rep =  20 
cat1 	fitting smoothing spline: calculating gcv lambda... 
cat1 	fitting smoothing spline: calculating gcv lambda... 
cat1 	fitting smoothing spline: calculating gcv lambda... 
cat1 	fitting smoothing spline: calculating gcv lambda... 
cat1 	fitting smoothing spline: calculating gcv lambda... 
cat1 	fitting smoothing spline: calculating gcv lambda... 
cat1 	fitting smoothing spline: calculating gcv lambda... 
cat1 	fitting smoothing spline: calculating gcv lambda... 
cat1 	fitting smoothing spline: calculating gcv lambda... 
cat1 	fitting smoothing spline: calculating gcv lambda... 
cat1 	fitting smoothing spline: calculating gcv lambda... 
cat1 	fitting smoothing spline: calculating gcv lambda... 
cat1 	fitting smoothing spline: calculating gcv lambda... 
cat1 	fitting smoothing spline: calculating gcv lambda... 
cat1 	fitting smoothing spline: calculating gcv lambda... 
cat1 	fitting smoothing spline: calculating gcv lambda... 
cat1 	fitting smoothing spline: calculating gcv lambda... 
cat1 	fitting smoothing spline: calculating gcv lambda... 
cat1 	fitting smoothing spline: calculating gcv lambda... 
cat1 	fitting smoothing spline: calculating gcv lambda... 
fitting smoothing spline with gcv lambda =  1e-04 .
fitting smoothing spline with gcv lambda =  1e-04 .
fitting smoothing spline with gcv lambda =  1e-04 .
fitting smoothing spline with gcv lambda =  1e-04 .
fitting smoothing spline with gcv lambda =  1e-04 .
fitting smoothing spline with gcv lambda =  1e-04 .
fitting smoothing spline with gcv lambda =  1e-04 .
fitting smoothing spline with gcv lambda =  1e-04 .
length(flag)  0  it =  1 
fitting smoothing spline: calculating gcv lambda... 
length(flag)  0  it =  1 
fitting smoothing spline: calculating gcv lambda... 
length(flag)  0  it =  1 
fitting smoothing spline: calculating gcv lambda... 
length(flag)  0  it =  1 
fitting smoothing spline: calculating gcv lambda... 
length(flag)  0  it =  1 
fitting smoothing spline: calculating gcv lambda... 
length(flag)  0  it =  1 
fitting smoothing spline: calculating gcv lambda... 
length(flag)  0  it =  1 
fitting smoothing spline: calculating gcv lambda... 
length(flag)  0  it =  1 
fitting smoothing spline: calculating gcv lambda... 
fitting smoothing spline with gcv lambda =  1e-04 .
fitting smoothing spline with gcv lambda =  1e-04 .
fitting smoothing spline with gcv lambda =  1e-04 .
fitting smoothing spline with gcv lambda =  1e-04 .
fitting smoothing spline with gcv lambda =  1e-04 .
fitting smoothing spline with gcv lambda =  1e-04 .
fitting smoothing spline with gcv lambda =  1e-04 .
fitting smoothing spline with gcv lambda =  1e-04 .
fitting smoothing spline with gcv lambda =  1e-04 .
fitting smoothing spline with gcv lambda =  1e-04 .
fitting smoothing spline with gcv lambda =  1e-04 .
fitting smoothing spline with gcv lambda =  1e-04 .
length(flag)  0  it =  1 
fitting smoothing spline: calculating gcv lambda... 
length(flag)  0  it =  1 
fitting smoothing spline: calculating gcv lambda... 
length(flag)  0  it =  1 
fitting smoothing spline: calculating gcv lambda... 
length(flag)  0  it =  1 
fitting smoothing spline: calculating gcv lambda... 
length(flag)  0  it =  1 
fitting smoothing spline: calculating gcv lambda... 
length(flag)  0  it =  1 
fitting smoothing spline: calculating gcv lambda... 
length(flag)  0  it =  1 
fitting smoothing spline: calculating gcv lambda... 
length(flag)  0  it =  1 
fitting smoothing spline: calculating gcv lambda... 
length(flag)  0  it =  1 
fitting smoothing spline: calculating gcv lambda... 
length(flag)  0  it =  1 
fitting smoothing spline: calculating gcv lambda... 
length(flag)  0  it =  1 
fitting smoothing spline: calculating gcv lambda... 
length(flag)  0  it =  1 
fitting smoothing spline: calculating gcv lambda... 
fitting smoothing spline with gcv lambda =  1e-04 .
fitting smoothing spline with gcv lambda =  1e-04 .
fitting smoothing spline with gcv lambda =  1e-04 .
fitting smoothing spline with gcv lambda =  1e-04 .
fitting smoothing spline with gcv lambda =  1e-04 .
fitting smoothing spline with gcv lambda =  1e-04 .
fitting smoothing spline with gcv lambda =  1e-04 .
fitting smoothing spline with gcv lambda =  1e-04 .
fitting smoothing spline with gcv lambda =  1e-04 .
fitting smoothing spline with gcv lambda =  1e-04 .
fitting smoothing spline with gcv lambda =  1e-04 .
fitting smoothing spline with gcv lambda =  1e-04 .
fitting smoothing spline with gcv lambda =  1e-04 .
fitting smoothing spline with gcv lambda =  1e-04 .
fitting smoothing spline with gcv lambda =  1e-04 .
fitting smoothing spline with gcv lambda =  1e-04 .
fitting smoothing spline with gcv lambda =  1e-04 .
fitting smoothing spline with gcv lambda =  1e-04 .
fitting smoothing spline with gcv lambda =  1e-04 .
fitting smoothing spline with gcv lambda =  1e-04 .
inner it =  7 
rep =  1 
rep =  2 
rep =  3 
rep =  4 
rep =  5 
rep =  6 
rep =  7 
rep =  8 
rep =  9 
rep =  10 
rep =  11 
rep =  12 
rep =  13 
rep =  14 
rep =  15 
rep =  16 
rep =  17 
rep =  18 
rep =  19 
rep =  20 
cat1 	fitting smoothing spline: calculating gcv lambda... 
cat1 	fitting smoothing spline: calculating gcv lambda... 
cat1 	fitting smoothing spline: calculating gcv lambda... 
cat1 	fitting smoothing spline: calculating gcv lambda... 
cat1 	fitting smoothing spline: calculating gcv lambda... 
cat1 	fitting smoothing spline: calculating gcv lambda... 
cat1 	fitting smoothing spline: calculating gcv lambda... 
cat1 	fitting smoothing spline: calculating gcv lambda... 
cat1 	fitting smoothing spline: calculating gcv lambda... 
cat1 	fitting smoothing spline: calculating gcv lambda... 
cat1 	fitting smoothing spline: calculating gcv lambda... 
cat1 	fitting smoothing spline: calculating gcv lambda... 
cat1 	fitting smoothing spline: calculating gcv lambda... 
cat1 	fitting smoothing spline: calculating gcv lambda... 
cat1 	fitting smoothing spline: calculating gcv lambda... 
cat1 	fitting smoothing spline: calculating gcv lambda... 
cat1 	fitting smoothing spline: calculating gcv lambda... 
cat1 	fitting smoothing spline: calculating gcv lambda... 
cat1 	fitting smoothing spline: calculating gcv lambda... 
cat1 	fitting smoothing spline: calculating gcv lambda... 
fitting smoothing spline with gcv lambda =  1e-04 .
fitting smoothing spline with gcv lambda =  1e-04 .
fitting smoothing spline with gcv lambda =  1e-04 .
fitting smoothing spline with gcv lambda =  1e-04 .
fitting smoothing spline with gcv lambda =  1e-04 .
fitting smoothing spline with gcv lambda =  1e-04 .
fitting smoothing spline with gcv lambda =  1e-04 .
fitting smoothing spline with gcv lambda =  1e-04 .
length(flag)  0  it =  1 
fitting smoothing spline: calculating gcv lambda... 
length(flag)  0  it =  1 
fitting smoothing spline: calculating gcv lambda... 
length(flag)  0  it =  1 
fitting smoothing spline: calculating gcv lambda... 
length(flag)  0  it =  1 
fitting smoothing spline: calculating gcv lambda... 
length(flag)  0  it =  1 
fitting smoothing spline: calculating gcv lambda... 
length(flag)  0  it =  1 
fitting smoothing spline: calculating gcv lambda... 
length(flag)  0  it =  1 
fitting smoothing spline: calculating gcv lambda... 
length(flag)  0  it =  1 
fitting smoothing spline: calculating gcv lambda... 
fitting smoothing spline with gcv lambda =  1e-04 .
fitting smoothing spline with gcv lambda =  1e-04 .
fitting smoothing spline with gcv lambda =  1e-04 .
fitting smoothing spline with gcv lambda =  1e-04 .
fitting smoothing spline with gcv lambda =  1e-04 .
fitting smoothing spline with gcv lambda =  1e-04 .
fitting smoothing spline with gcv lambda =  1e-04 .
fitting smoothing spline with gcv lambda =  1e-04 .
fitting smoothing spline with gcv lambda =  1e-04 .
fitting smoothing spline with gcv lambda =  1e-04 .
fitting smoothing spline with gcv lambda =  1e-04 .
fitting smoothing spline with gcv lambda =  1e-04 .
length(flag)  0  it =  1 
fitting smoothing spline: calculating gcv lambda... 
length(flag)  0  it =  1 
fitting smoothing spline: calculating gcv lambda... 
length(flag)  0  it =  1 
fitting smoothing spline: calculating gcv lambda... 
length(flag)  0  it =  1 
fitting smoothing spline: calculating gcv lambda... 
length(flag)  0  it =  1 
fitting smoothing spline: calculating gcv lambda... 
length(flag)  0  it =  1 
fitting smoothing spline: calculating gcv lambda... 
length(flag)  0  it =  1 
fitting smoothing spline: calculating gcv lambda... 
length(flag)  0  it =  1 
fitting smoothing spline: calculating gcv lambda... 
length(flag)  0  it =  1 
fitting smoothing spline: calculating gcv lambda... 
length(flag)  0  it =  1 
fitting smoothing spline: calculating gcv lambda... 
length(flag)  0  it =  1 
fitting smoothing spline: calculating gcv lambda... 
length(flag)  0  it =  1 
fitting smoothing spline: calculating gcv lambda... 
fitting smoothing spline with gcv lambda =  1e-04 .
fitting smoothing spline with gcv lambda =  1e-04 .
fitting smoothing spline with gcv lambda =  1e-04 .
fitting smoothing spline with gcv lambda =  1e-04 .
fitting smoothing spline with gcv lambda =  1e-04 .
fitting smoothing spline with gcv lambda =  1e-04 .
fitting smoothing spline with gcv lambda =  1e-04 .
fitting smoothing spline with gcv lambda =  1e-04 .
fitting smoothing spline with gcv lambda =  1e-04 .
fitting smoothing spline with gcv lambda =  1e-04 .
fitting smoothing spline with gcv lambda =  1e-04 .
fitting smoothing spline with gcv lambda =  1e-04 .
fitting smoothing spline with gcv lambda =  1e-04 .
fitting smoothing spline with gcv lambda =  1e-04 .
fitting smoothing spline with gcv lambda =  1e-04 .
fitting smoothing spline with gcv lambda =  1e-04 .
fitting smoothing spline with gcv lambda =  1e-04 .
fitting smoothing spline with gcv lambda =  1e-04 .
fitting smoothing spline with gcv lambda =  1e-04 .
fitting smoothing spline with gcv lambda =  1e-04 .
inner it =  8 
rep =  1 
rep =  2 
rep =  3 
rep =  4 
rep =  5 
rep =  6 
rep =  7 
rep =  8 
rep =  9 
rep =  10 
rep =  11 
rep =  12 
rep =  13 
rep =  14 
rep =  15 
rep =  16 
rep =  17 
rep =  18 
rep =  19 
rep =  20 
cat1 	fitting smoothing spline: calculating gcv lambda... 
cat1 	fitting smoothing spline: calculating gcv lambda... 
cat1 	fitting smoothing spline: calculating gcv lambda... 
cat1 	fitting smoothing spline: calculating gcv lambda... 
cat1 	fitting smoothing spline: calculating gcv lambda... 
cat1 	fitting smoothing spline: calculating gcv lambda... 
cat1 	fitting smoothing spline: calculating gcv lambda... 
cat1 	fitting smoothing spline: calculating gcv lambda... 
cat1 	fitting smoothing spline: calculating gcv lambda... 
cat1 	fitting smoothing spline: calculating gcv lambda... 
cat1 	fitting smoothing spline: calculating gcv lambda... 
cat1 	fitting smoothing spline: calculating gcv lambda... 
cat1 	fitting smoothing spline: calculating gcv lambda... 
cat1 	fitting smoothing spline: calculating gcv lambda... 
cat1 	fitting smoothing spline: calculating gcv lambda... 
cat1 	fitting smoothing spline: calculating gcv lambda... 
cat1 	fitting smoothing spline: calculating gcv lambda... 
cat1 	fitting smoothing spline: calculating gcv lambda... 
cat1 	fitting smoothing spline: calculating gcv lambda... 
cat1 	fitting smoothing spline: calculating gcv lambda... 
fitting smoothing spline with gcv lambda =  1e-04 .
fitting smoothing spline with gcv lambda =  1e-04 .
fitting smoothing spline with gcv lambda =  1e-04 .
fitting smoothing spline with gcv lambda =  1e-04 .
fitting smoothing spline with gcv lambda =  1e-04 .
fitting smoothing spline with gcv lambda =  1e-04 .
fitting smoothing spline with gcv lambda =  1e-04 .
length(flag)  0  it =  1 
fitting smoothing spline: calculating gcv lambda... 
length(flag)  0  it =  1 
fitting smoothing spline: calculating gcv lambda... 
length(flag)  0  it =  1 
fitting smoothing spline: calculating gcv lambda... 
length(flag)  0  it =  1 
fitting smoothing spline: calculating gcv lambda... 
length(flag)  0  it =  1 
fitting smoothing spline: calculating gcv lambda... 
length(flag)  0  it =  1 
fitting smoothing spline: calculating gcv lambda... 
length(flag)  0  it =  1 
fitting smoothing spline: calculating gcv lambda... 
fitting smoothing spline with gcv lambda =  1e-04 .
fitting smoothing spline with gcv lambda =  1e-04 .
fitting smoothing spline with gcv lambda =  1e-04 .
fitting smoothing spline with gcv lambda =  1e-04 .
fitting smoothing spline with gcv lambda =  1e-04 .
fitting smoothing spline with gcv lambda =  1e-04 .
fitting smoothing spline with gcv lambda =  1e-04 .
fitting smoothing spline with gcv lambda =  1e-04 .
fitting smoothing spline with gcv lambda =  1e-04 .
fitting smoothing spline with gcv lambda =  1e-04 .
fitting smoothing spline with gcv lambda =  1e-04 .
fitting smoothing spline with gcv lambda =  1e-04 .
length(flag)  0  it =  1 
fitting smoothing spline: calculating gcv lambda... 
length(flag)  0  it =  1 
fitting smoothing spline: calculating gcv lambda... 
fitting smoothing spline with gcv lambda =  1e-04 .
length(flag)  0  it =  1 
fitting smoothing spline: calculating gcv lambda... 
length(flag)  0  it =  1 
fitting smoothing spline: calculating gcv lambda... 
length(flag)  0  it =  1 
fitting smoothing spline: calculating gcv lambda... 
length(flag)  0  it =  1 
fitting smoothing spline: calculating gcv lambda... 
length(flag)  0  it =  1 
fitting smoothing spline: calculating gcv lambda... 
length(flag)  0  it =  1 
fitting smoothing spline: calculating gcv lambda... 
length(flag)  0  it =  1 
fitting smoothing spline: calculating gcv lambda... 
length(flag)  0  it =  1 
fitting smoothing spline: calculating gcv lambda... 
length(flag)  0  it =  1 
fitting smoothing spline: calculating gcv lambda... 
length(flag)  0  it =  1 
fitting smoothing spline: calculating gcv lambda... 
length(flag)  0  it =  1 
fitting smoothing spline: calculating gcv lambda... 
fitting smoothing spline with gcv lambda =  1e-04 .
fitting smoothing spline with gcv lambda =  1e-04 .
fitting smoothing spline with gcv lambda =  1e-04 .
fitting smoothing spline with gcv lambda =  1e-04 .
fitting smoothing spline with gcv lambda =  1e-04 .
fitting smoothing spline with gcv lambda =  1e-04 .
fitting smoothing spline with gcv lambda =  1e-04 .
fitting smoothing spline with gcv lambda =  1e-04 .
fitting smoothing spline with gcv lambda =  1e-04 .
fitting smoothing spline with gcv lambda =  1e-04 .
fitting smoothing spline with gcv lambda =  1e-04 .
fitting smoothing spline with gcv lambda =  1e-04 .
fitting smoothing spline with gcv lambda =  1e-04 .
fitting smoothing spline with gcv lambda =  1e-04 .
fitting smoothing spline with gcv lambda =  1e-04 .
fitting smoothing spline with gcv lambda =  1e-04 .
fitting smoothing spline with gcv lambda =  1e-04 .
fitting smoothing spline with gcv lambda =  1e-04 .
fitting smoothing spline with gcv lambda =  1e-04 .
fitting smoothing spline with gcv lambda =  1e-04 .
inner it =  9 
rep =  1 
rep =  2 
rep =  3 
rep =  4 
rep =  5 
rep =  6 
rep =  7 
rep =  8 
rep =  9 
rep =  10 
rep =  11 
rep =  12 
rep =  13 
rep =  14 
rep =  15 
rep =  16 
rep =  17 
rep =  18 
rep =  19 
rep =  20 
cat1 	fitting smoothing spline: calculating gcv lambda... 
cat1 	fitting smoothing spline: calculating gcv lambda... 
cat1 	fitting smoothing spline: calculating gcv lambda... 
cat1 	fitting smoothing spline: calculating gcv lambda... 
cat1 	fitting smoothing spline: calculating gcv lambda... 
cat1 	fitting smoothing spline: calculating gcv lambda... 
cat1 	fitting smoothing spline: calculating gcv lambda... 
cat1 	fitting smoothing spline: calculating gcv lambda... 
cat1 	fitting smoothing spline: calculating gcv lambda... 
cat1 	fitting smoothing spline: calculating gcv lambda... 
cat1 	fitting smoothing spline: calculating gcv lambda... 
cat1 	fitting smoothing spline: calculating gcv lambda... 
cat1 	fitting smoothing spline: calculating gcv lambda... 
cat1 	fitting smoothing spline: calculating gcv lambda... 
cat1 	fitting smoothing spline: calculating gcv lambda... 
cat1 	fitting smoothing spline: calculating gcv lambda... 
cat1 	fitting smoothing spline: calculating gcv lambda... 
cat1 	fitting smoothing spline: calculating gcv lambda... 
cat1 	fitting smoothing spline: calculating gcv lambda... 
cat1 	fitting smoothing spline: calculating gcv lambda... 
fitting smoothing spline with gcv lambda =  1e-04 .
fitting smoothing spline with gcv lambda =  1e-04 .
fitting smoothing spline with gcv lambda =  1e-04 .
fitting smoothing spline with gcv lambda =  1e-04 .
fitting smoothing spline with gcv lambda =  1e-04 .
fitting smoothing spline with gcv lambda =  1e-04 .
fitting smoothing spline with gcv lambda =  1e-04 .
fitting smoothing spline with gcv lambda =  1e-04 .
length(flag)  0  it =  1 
fitting smoothing spline: calculating gcv lambda... 
length(flag)  0  it =  1 
fitting smoothing spline: calculating gcv lambda... 
length(flag)  0  it =  1 
fitting smoothing spline: calculating gcv lambda... 
length(flag)  0  it =  1 
fitting smoothing spline: calculating gcv lambda... 
length(flag)  0  it =  1 
fitting smoothing spline: calculating gcv lambda... 
length(flag)  0  it =  1 
fitting smoothing spline: calculating gcv lambda... 
length(flag)  0  it =  1 
fitting smoothing spline: calculating gcv lambda... 
length(flag)  0  it =  1 
fitting smoothing spline: calculating gcv lambda... 
fitting smoothing spline with gcv lambda =  1e-04 .
fitting smoothing spline with gcv lambda =  1e-04 .
fitting smoothing spline with gcv lambda =  1e-04 .
fitting smoothing spline with gcv lambda =  1e-04 .
fitting smoothing spline with gcv lambda =  1e-04 .
fitting smoothing spline with gcv lambda =  1e-04 .
fitting smoothing spline with gcv lambda =  1e-04 .
fitting smoothing spline with gcv lambda =  1e-04 .
fitting smoothing spline with gcv lambda =  1e-04 .
fitting smoothing spline with gcv lambda =  1e-04 .
fitting smoothing spline with gcv lambda =  1e-04 .
fitting smoothing spline with gcv lambda =  1e-04 .
length(flag)  0  it =  1 
fitting smoothing spline: calculating gcv lambda... 
length(flag)  0  it =  1 
fitting smoothing spline: calculating gcv lambda... 
length(flag)  0  it =  1 
fitting smoothing spline: calculating gcv lambda... 
length(flag)  0  it =  1 
fitting smoothing spline: calculating gcv lambda... 
length(flag)  0  it =  1 
fitting smoothing spline: calculating gcv lambda... 
length(flag)  0  it =  1 
fitting smoothing spline: calculating gcv lambda... 
length(flag)  0  it =  1 
fitting smoothing spline: calculating gcv lambda... 
length(flag)  0  it =  1 
fitting smoothing spline: calculating gcv lambda... 
length(flag)  0  it =  1 
fitting smoothing spline: calculating gcv lambda... 
length(flag)  0  it =  1 
fitting smoothing spline: calculating gcv lambda... 
length(flag)  0  it =  1 
fitting smoothing spline: calculating gcv lambda... 
length(flag)  0  it =  1 
fitting smoothing spline: calculating gcv lambda... 
fitting smoothing spline with gcv lambda =  1e-04 .
fitting smoothing spline with gcv lambda =  1e-04 .
fitting smoothing spline with gcv lambda =  1e-04 .
fitting smoothing spline with gcv lambda =  1e-04 .
fitting smoothing spline with gcv lambda =  1e-04 .
fitting smoothing spline with gcv lambda =  1e-04 .
fitting smoothing spline with gcv lambda =  1e-04 .
fitting smoothing spline with gcv lambda =  1e-04 .
fitting smoothing spline with gcv lambda =  1e-04 .
fitting smoothing spline with gcv lambda =  1e-04 .
fitting smoothing spline with gcv lambda =  1e-04 .
fitting smoothing spline with gcv lambda =  1e-04 .
fitting smoothing spline with gcv lambda =  1e-04 .
fitting smoothing spline with gcv lambda =  1e-04 .
fitting smoothing spline with gcv lambda =  1e-04 .
fitting smoothing spline with gcv lambda =  1e-04 .
fitting smoothing spline with gcv lambda =  1e-04 .
fitting smoothing spline with gcv lambda =  1e-04 .
fitting smoothing spline with gcv lambda =  1e-04 .
fitting smoothing spline with gcv lambda =  1e-04 .
inner it =  10 
rep =  1 
rep =  2 
rep =  3 
rep =  4 
rep =  5 
rep =  6 
rep =  7 
rep =  8 
rep =  9 
rep =  10 
rep =  11 
rep =  12 
rep =  13 
rep =  14 
rep =  15 
rep =  16 
rep =  17 
rep =  18 
rep =  19 
rep =  20 
cat1 	fitting smoothing spline: calculating gcv lambda... 
cat1 	fitting smoothing spline: calculating gcv lambda... 
cat1 	fitting smoothing spline: calculating gcv lambda... 
cat1 	fitting smoothing spline: calculating gcv lambda... 
cat1 	fitting smoothing spline: calculating gcv lambda... 
cat1 	fitting smoothing spline: calculating gcv lambda... 
cat1 	fitting smoothing spline: calculating gcv lambda... 
cat1 	fitting smoothing spline: calculating gcv lambda... 
cat1 	fitting smoothing spline: calculating gcv lambda... 
cat1 	fitting smoothing spline: calculating gcv lambda... 
cat1 	fitting smoothing spline: calculating gcv lambda... 
cat1 	fitting smoothing spline: calculating gcv lambda... 
cat1 	fitting smoothing spline: calculating gcv lambda... 
cat1 	fitting smoothing spline: calculating gcv lambda... 
cat1 	fitting smoothing spline: calculating gcv lambda... 
cat1 	fitting smoothing spline: calculating gcv lambda... 
cat1 	fitting smoothing spline: calculating gcv lambda... 
cat1 	fitting smoothing spline: calculating gcv lambda... 
cat1 	fitting smoothing spline: calculating gcv lambda... 
cat1 	fitting smoothing spline: calculating gcv lambda... 
fitting smoothing spline with gcv lambda =  1e-04 .
fitting smoothing spline with gcv lambda =  1e-04 .
fitting smoothing spline with gcv lambda =  1e-04 .
fitting smoothing spline with gcv lambda =  1e-04 .
fitting smoothing spline with gcv lambda =  1e-04 .
fitting smoothing spline with gcv lambda =  1e-04 .
fitting smoothing spline with gcv lambda =  1e-04 .
fitting smoothing spline with gcv lambda =  1e-04 .
length(flag)  0  it =  1 
fitting smoothing spline: calculating gcv lambda... 
length(flag)  0  it =  1 
fitting smoothing spline: calculating gcv lambda... 
length(flag)  0  it =  1 
fitting smoothing spline: calculating gcv lambda... 
length(flag)  0  it =  1 
fitting smoothing spline: calculating gcv lambda... 
length(flag)  0  it =  1 
fitting smoothing spline: calculating gcv lambda... 
length(flag)  0  it =  1 
fitting smoothing spline: calculating gcv lambda... 
length(flag)  0  it =  1 
fitting smoothing spline: calculating gcv lambda... 
length(flag)  0  it =  1 
fitting smoothing spline: calculating gcv lambda... 
fitting smoothing spline with gcv lambda =  1e-04 .
fitting smoothing spline with gcv lambda =  1e-04 .
fitting smoothing spline with gcv lambda =  1e-04 .
fitting smoothing spline with gcv lambda =  1e-04 .
fitting smoothing spline with gcv lambda =  1e-04 .
fitting smoothing spline with gcv lambda =  1e-04 .
fitting smoothing spline with gcv lambda =  1e-04 .
fitting smoothing spline with gcv lambda =  1e-04 .
fitting smoothing spline with gcv lambda =  1e-04 .
fitting smoothing spline with gcv lambda =  1e-04 .
fitting smoothing spline with gcv lambda =  1e-04 .
fitting smoothing spline with gcv lambda =  1e-04 .
length(flag)  0  it =  1 
fitting smoothing spline: calculating gcv lambda... 
length(flag)  0  it =  1 
fitting smoothing spline: calculating gcv lambda... 
length(flag)  0  it =  1 
fitting smoothing spline: calculating gcv lambda... 
length(flag)  0  it =  1 
fitting smoothing spline: calculating gcv lambda... 
length(flag)  0  it =  1 
fitting smoothing spline: calculating gcv lambda... 
length(flag)  0  it =  1 
fitting smoothing spline: calculating gcv lambda... 
length(flag)  0  it =  1 
fitting smoothing spline: calculating gcv lambda... 
length(flag)  0  it =  1 
fitting smoothing spline: calculating gcv lambda... 
length(flag)  0  it =  1 
fitting smoothing spline: calculating gcv lambda... 
length(flag)  0  it =  1 
fitting smoothing spline: calculating gcv lambda... 
length(flag)  0  it =  1 
fitting smoothing spline: calculating gcv lambda... 
length(flag)  0  it =  1 
fitting smoothing spline: calculating gcv lambda... 
fitting smoothing spline with gcv lambda =  1e-04 .
fitting smoothing spline with gcv lambda =  1e-04 .
fitting smoothing spline with gcv lambda =  1e-04 .
fitting smoothing spline with gcv lambda =  1e-04 .
fitting smoothing spline with gcv lambda =  1e-04 .
fitting smoothing spline with gcv lambda =  1e-04 .
fitting smoothing spline with gcv lambda =  1e-04 .
fitting smoothing spline with gcv lambda =  1e-04 .
fitting smoothing spline with gcv lambda =  1e-04 .
fitting smoothing spline with gcv lambda =  1e-04 .
fitting smoothing spline with gcv lambda =  1e-04 .
fitting smoothing spline with gcv lambda =  1e-04 .
fitting smoothing spline with gcv lambda =  1e-04 .
fitting smoothing spline with gcv lambda =  1e-04 .
fitting smoothing spline with gcv lambda =  1e-04 .
fitting smoothing spline with gcv lambda =  1e-04 .
fitting smoothing spline with gcv lambda =  1e-04 .
fitting smoothing spline with gcv lambda =  1e-04 .
fitting smoothing spline with gcv lambda =  1e-04 .
fitting smoothing spline with gcv lambda =  1e-04 .
 
Job Ended at Fri Dec 18 13:15:23 EST 2020
 
