 
 
Job started on comp-bc-0053.acib.production.int.aci.ics.psu.edu at Fri Dec 18 14:36:48 EST 2020
 
Loading required package: doParallel
Loading required package: foreach
Loading required package: iterators
Loading required package: parallel
Loading required package: dplyr

Attaching package: 'dplyr'

The following objects are masked from 'package:stats':

    filter, lag

The following objects are masked from 'package:base':

    intersect, setdiff, setequal, union

Loading required package: plotly
Loading required package: ggplot2

Attaching package: 'plotly'

The following object is masked from 'package:ggplot2':

    last_plot

The following object is masked from 'package:stats':

    filter

The following object is masked from 'package:graphics':

    layout

Loading required package: RColorBrewer
Loading required package: fda
Loading required package: splines
Loading required package: Matrix

Attaching package: 'fda'

The following object is masked from 'package:graphics':

    matplot

29 	 9 	 0.002 
inner it =  1 
rep =  1 
rep =  2 
rep =  3 
rep =  4 
rep =  5 
rep =  6 
rep =  7 
rep =  8 
rep =  9 
rep =  10 
rep =  11 
rep =  12 
rep =  13 
rep =  14 
rep =  15 
rep =  16 
rep =  17 
rep =  18 
rep =  19 
rep =  20 
cat1 	fitting smoothing spline: calculating gcv lambda... 
cat1 	fitting smoothing spline: calculating gcv lambda... 
cat1 	fitting smoothing spline: calculating gcv lambda... 
cat1 	fitting smoothing spline: calculating gcv lambda... 
cat1 	fitting smoothing spline: calculating gcv lambda... 
cat1 	cat1 	fitting smoothing spline: calculating gcv lambda... 
fitting smoothing spline: calculating gcv lambda... 
cat1 	fitting smoothing spline: calculating gcv lambda... 
cat1 	fitting smoothing spline: calculating gcv lambda... 
cat1 	fitting smoothing spline: calculating gcv lambda... 
cat1 	fitting smoothing spline: calculating gcv lambda... 
cat1 	cat1 	fitting smoothing spline: calculating gcv lambda... 
fitting smoothing spline: calculating gcv lambda... 
cat1 	fitting smoothing spline: calculating gcv lambda... 
cat1 	fitting smoothing spline: calculating gcv lambda... 
cat1 	fitting smoothing spline: calculating gcv lambda... 
cat1 	fitting smoothing spline: calculating gcv lambda... 
cat1 	fitting smoothing spline: calculating gcv lambda... 
cat1 	fitting smoothing spline: calculating gcv lambda... 
cat1 	fitting smoothing spline: calculating gcv lambda... 
fitting smoothing spline with gcv lambda =  1e-04 .
fitting smoothing spline with gcv lambda =  1e-04 .
fitting smoothing spline with gcv lambda =  1e-04 .
fitting smoothing spline with gcv lambda =  1e-04 .
fitting smoothing spline with gcv lambda =  1e-04 .
fitting smoothing spline with gcv lambda =  1e-04 .
fitting smoothing spline with gcv lambda =  1e-04 .
fitting smoothing spline with gcv lambda =  1e-04 .
fitting smoothing spline with gcv lambda =  1e-04 .
fitting smoothing spline with gcv lambda =  1e-04 .
length(flag)  0  it =  1 
fitting smoothing spline: calculating gcv lambda... 
fitting smoothing spline with gcv lambda =  1e-04 .
length(flag)  0  it =  1 
fitting smoothing spline: calculating gcv lambda... 
fitting smoothing spline with gcv lambda =  1e-04 .
fitting smoothing spline with gcv lambda =  1e-04 .
fitting smoothing spline with gcv lambda =  1e-04 .
length(flag)  0  it =  1 
fitting smoothing spline: calculating gcv lambda... 
fitting smoothing spline with gcv lambda =  1e-04 .
fitting smoothing spline with gcv lambda =  1e-04 .
fitting smoothing spline with gcv lambda =  1e-04 .
length(flag)  0  it =  1 
fitting smoothing spline: calculating gcv lambda... 
fitting smoothing spline with gcv lambda =  1e-04 .
length(flag)  0  it =  1 
fitting smoothing spline: calculating gcv lambda... 
length(flag)  0  it =  1 
fitting smoothing spline: calculating gcv lambda... 
length(flag)  0  it =  1 
fitting smoothing spline: calculating gcv lambda... 
length(flag)  0  it =  1 
fitting smoothing spline: calculating gcv lambda... 
fitting smoothing spline with gcv lambda =  1e-04 .
fitting smoothing spline with gcv lambda =  1e-04 .
length(flag)  0  it =  1 
fitting smoothing spline: calculating gcv lambda... 
length(flag)  0  it =  1 
fitting smoothing spline: calculating gcv lambda... 
length(flag)  0  it =  1 
fitting smoothing spline: calculating gcv lambda... 
length(flag)  0  it =  1 
length(flag)  0  it =  1 
fitting smoothing spline: calculating gcv lambda... 
fitting smoothing spline: calculating gcv lambda... 
length(flag)  0  it =  1 
fitting smoothing spline: calculating gcv lambda... 
length(flag)  0  it =  1 
fitting smoothing spline: calculating gcv lambda... 
length(flag)  0  it =  1 
fitting smoothing spline: calculating gcv lambda... 
length(flag)  0  it =  1 
fitting smoothing spline: calculating gcv lambda... 
length(flag)  0  it =  1 
fitting smoothing spline: calculating gcv lambda... 
length(flag)  0  it =  1 
fitting smoothing spline: calculating gcv lambda... 
length(flag)  0  it =  1 
fitting smoothing spline: calculating gcv lambda... 
fitting smoothing spline with gcv lambda =  1e-04 .
fitting smoothing spline with gcv lambda =  1e-04 .
fitting smoothing spline with gcv lambda =  1e-04 .
fitting smoothing spline with gcv lambda =  1e-04 .
fitting smoothing spline with gcv lambda =  1e-04 .
fitting smoothing spline with gcv lambda =  1e-04 .
fitting smoothing spline with gcv lambda =  1e-04 .
fitting smoothing spline with gcv lambda =  1e-04 .
fitting smoothing spline with gcv lambda =  1e-04 .
fitting smoothing spline with gcv lambda =  1e-04 .
fitting smoothing spline with gcv lambda =  1e-04 .
fitting smoothing spline with gcv lambda =  1e-04 .
fitting smoothing spline with gcv lambda =  1e-04 .
fitting smoothing spline with gcv lambda =  1e-04 .
fitting smoothing spline with gcv lambda =  1e-04 .
fitting smoothing spline with gcv lambda =  1e-04 .
fitting smoothing spline with gcv lambda =  1e-04 .
fitting smoothing spline with gcv lambda =  1e-04 .
fitting smoothing spline with gcv lambda =  1e-04 .
fitting smoothing spline with gcv lambda =  1e-04 .
inner it =  2 
rep =  1 
rep =  2 
rep =  3 
rep =  4 
rep =  5 
rep =  6 
rep =  7 
rep =  8 
rep =  9 
rep =  10 
rep =  11 
rep =  12 
rep =  13 
rep =  14 
rep =  15 
rep =  16 
rep =  17 
rep =  18 
rep =  19 
rep =  20 
cat1 	fitting smoothing spline: calculating gcv lambda... 
cat1 	fitting smoothing spline: calculating gcv lambda... 
cat1 	fitting smoothing spline: calculating gcv lambda... 
cat1 	fitting smoothing spline: calculating gcv lambda... 
cat1 	fitting smoothing spline: calculating gcv lambda... 
cat1 	fitting smoothing spline: calculating gcv lambda... 
cat1 	fitting smoothing spline: calculating gcv lambda... 
cat1 	fitting smoothing spline: calculating gcv lambda... 
cat1 	fitting smoothing spline: calculating gcv lambda... 
cat1 	fitting smoothing spline: calculating gcv lambda... 
cat1 	fitting smoothing spline: calculating gcv lambda... 
cat1 	fitting smoothing spline: calculating gcv lambda... 
cat1 	fitting smoothing spline: calculating gcv lambda... 
cat1 	fitting smoothing spline: calculating gcv lambda... 
cat1 	fitting smoothing spline: calculating gcv lambda... 
cat1 	fitting smoothing spline: calculating gcv lambda... 
cat1 	fitting smoothing spline: calculating gcv lambda... 
cat1 	fitting smoothing spline: calculating gcv lambda... 
cat1 	fitting smoothing spline: calculating gcv lambda... 
cat1 	fitting smoothing spline: calculating gcv lambda... 
fitting smoothing spline with gcv lambda =  1e-04 .
fitting smoothing spline with gcv lambda =  1e-05 .
fitting smoothing spline with gcv lambda =  1e-04 .
fitting smoothing spline with gcv lambda =  1e-04 .
fitting smoothing spline with gcv lambda =  1e-04 .
fitting smoothing spline with gcv lambda =  1e-04 .
fitting smoothing spline with gcv lambda =  1e-04 .
fitting smoothing spline with gcv lambda =  1e-04 .
length(flag)  0  it =  1 
fitting smoothing spline: calculating gcv lambda... 
fitting smoothing spline with gcv lambda =  1e-04 .
length(flag)  0  it =  1 
fitting smoothing spline: calculating gcv lambda... 
fitting smoothing spline with gcv lambda =  1e-04 .
fitting smoothing spline with gcv lambda =  1e-04 .
length(flag)  0  it =  1 
fitting smoothing spline: calculating gcv lambda... 
length(flag)  0  it =  1 
fitting smoothing spline: calculating gcv lambda... 
fitting smoothing spline with gcv lambda =  1e-04 .
length(flag)  0  it =  1 
fitting smoothing spline: calculating gcv lambda... 
length(flag)  0  it =  1 
fitting smoothing spline: calculating gcv lambda... 
fitting smoothing spline with gcv lambda =  1e-04 .
length(flag)  0  it =  1 
fitting smoothing spline: calculating gcv lambda... 
length(flag)  0  it =  1 
fitting smoothing spline: calculating gcv lambda... 
fitting smoothing spline with gcv lambda =  1e-04 .
fitting smoothing spline with gcv lambda =  1e-04 .
fitting smoothing spline with gcv lambda =  1e-04 .
fitting smoothing spline with gcv lambda =  1e-04 .
fitting smoothing spline with gcv lambda =  1e-04 .
fitting smoothing spline with gcv lambda =  1e-04 .
fitting smoothing spline with gcv lambda =  1e-04 .
length(flag)  0  it =  1 
fitting smoothing spline: calculating gcv lambda... 
length(flag)  0  it =  1 
fitting smoothing spline: calculating gcv lambda... 
length(flag)  0  it =  1 
fitting smoothing spline: calculating gcv lambda... 
length(flag)  0  it =  1 
fitting smoothing spline: calculating gcv lambda... 
length(flag)  0  it =  1 
fitting smoothing spline: calculating gcv lambda... 
length(flag)  0  it =  1 
fitting smoothing spline: calculating gcv lambda... 
length(flag)  0  it =  1 
fitting smoothing spline: calculating gcv lambda... 
length(flag)  0  it =  1 
fitting smoothing spline: calculating gcv lambda... 
length(flag)  0  it =  1 
fitting smoothing spline: calculating gcv lambda... 
length(flag)  0  it =  1 
fitting smoothing spline: calculating gcv lambda... 
length(flag)  0  it =  1 
fitting smoothing spline: calculating gcv lambda... 
length(flag)  0  it =  1 
fitting smoothing spline: calculating gcv lambda... 
fitting smoothing spline with gcv lambda =  1e-04 .
fitting smoothing spline with gcv lambda =  1e-05 .
fitting smoothing spline with gcv lambda =  1e-04 .
fitting smoothing spline with gcv lambda =  1e-04 .
fitting smoothing spline with gcv lambda =  1e-04 .
fitting smoothing spline with gcv lambda =  1e-04 .
fitting smoothing spline with gcv lambda =  1e-04 .
fitting smoothing spline with gcv lambda =  1e-04 .
fitting smoothing spline with gcv lambda =  1e-04 .
fitting smoothing spline with gcv lambda =  1e-04 .
fitting smoothing spline with gcv lambda =  1e-04 .
fitting smoothing spline with gcv lambda =  1e-04 .
fitting smoothing spline with gcv lambda =  1e-04 .
fitting smoothing spline with gcv lambda =  1e-04 .
fitting smoothing spline with gcv lambda =  1e-04 .
fitting smoothing spline with gcv lambda =  1e-04 .
fitting smoothing spline with gcv lambda =  1e-04 .
fitting smoothing spline with gcv lambda =  1e-04 .
fitting smoothing spline with gcv lambda =  1e-04 .
fitting smoothing spline with gcv lambda =  1e-04 .
inner it =  3 
rep =  1 
rep =  2 
rep =  3 
rep =  4 
rep =  5 
rep =  6 
rep =  7 
rep =  8 
rep =  9 
rep =  10 
rep =  11 
rep =  12 
rep =  13 
rep =  14 
rep =  15 
rep =  16 
rep =  17 
rep =  18 
rep =  19 
rep =  20 
cat1 	fitting smoothing spline: calculating gcv lambda... 
cat1 	fitting smoothing spline: calculating gcv lambda... 
cat1 	fitting smoothing spline: calculating gcv lambda... 
cat1 	fitting smoothing spline: calculating gcv lambda... 
cat1 	fitting smoothing spline: calculating gcv lambda... 
cat1 	fitting smoothing spline: calculating gcv lambda... 
cat1 	fitting smoothing spline: calculating gcv lambda... 
cat1 	fitting smoothing spline: calculating gcv lambda... 
cat1 	fitting smoothing spline: calculating gcv lambda... 
cat1 	fitting smoothing spline: calculating gcv lambda... 
cat1 	fitting smoothing spline: calculating gcv lambda... 
cat1 	fitting smoothing spline: calculating gcv lambda... 
cat1 	fitting smoothing spline: calculating gcv lambda... 
cat1 	fitting smoothing spline: calculating gcv lambda... 
cat1 	fitting smoothing spline: calculating gcv lambda... 
cat1 	fitting smoothing spline: calculating gcv lambda... 
cat1 	fitting smoothing spline: calculating gcv lambda... 
cat1 	fitting smoothing spline: calculating gcv lambda... 
cat1 	fitting smoothing spline: calculating gcv lambda... 
cat2 	llh.pred =  -985.9678 	llh.pred =  -979.7735 	best.ind =  2 
length(flag)  143  it =  1 
fitting smoothing spline with gcv lambda =  1e-04 .
fitting smoothing spline with gcv lambda =  1e-04 .
fitting smoothing spline with gcv lambda =  1e-04 .
fitting smoothing spline with gcv lambda =  1e-04 .
fitting smoothing spline with gcv lambda =  1e-04 .
fitting smoothing spline with gcv lambda =  1e-04 .
fitting smoothing spline with gcv lambda =  1e-04 .
fitting smoothing spline with gcv lambda =  1e-04 .
length(flag)  0  it =  1 
fitting smoothing spline: calculating gcv lambda... 
length(flag)  0  it =  1 
fitting smoothing spline: calculating gcv lambda... 
length(flag)  0  it =  1 
fitting smoothing spline: calculating gcv lambda... 
fitting smoothing spline with gcv lambda =  1e-04 .
length(flag)  0  it =  1 
fitting smoothing spline with gcv lambda =  1e-04 .
fitting smoothing spline: calculating gcv lambda... 
length(flag)  0  it =  1 
fitting smoothing spline: calculating gcv lambda... 
fitting smoothing spline with gcv lambda =  1e-04 .
length(flag)  0  it =  1 
fitting smoothing spline: calculating gcv lambda... 
fitting smoothing spline with gcv lambda =  1e-04 .
fitting smoothing spline with gcv lambda =  1e-04 .
fitting smoothing spline with gcv lambda =  1e-04 .
fitting smoothing spline with gcv lambda =  1e-04 .
fitting smoothing spline with gcv lambda =  1e-04 .
fitting smoothing spline with gcv lambda =  1e-04 .
fitting smoothing spline with gcv lambda =  1e-04 .
fitting smoothing spline with gcv lambda =  1e-04 .
length(flag)  0  it =  1 
fitting smoothing spline: calculating gcv lambda... 
length(flag)  0  it =  1 
fitting smoothing spline: calculating gcv lambda... 
length(flag)  0  it =  1 
fitting smoothing spline: calculating gcv lambda... 
length(flag)  0  it =  1 
fitting smoothing spline: calculating gcv lambda... 
length(flag)  0  it =  1 
fitting smoothing spline: calculating gcv lambda... 
length(flag)  0  it =  1 
fitting smoothing spline: calculating gcv lambda... 
length(flag)  0  it =  1 
fitting smoothing spline: calculating gcv lambda... 
length(flag)  0  it =  1 
fitting smoothing spline: calculating gcv lambda... 
length(flag)  0  it =  1 
fitting smoothing spline: calculating gcv lambda... 
length(flag)  0  it =  1 
fitting smoothing spline: calculating gcv lambda... 
length(flag)  0  it =  1 
fitting smoothing spline: calculating gcv lambda... 
length(flag)  0  it =  1 
fitting smoothing spline: calculating gcv lambda... 
length(flag)  0  it =  1 
fitting smoothing spline: calculating gcv lambda... 
fitting smoothing spline with gcv lambda =  1e-04 .
cat2 	fitting smoothing spline with gcv lambda =  1e-04 .
llh.pred =  -984.7969 	llh.pred =  -983.0932 	llh.pred =  -975.2912 	fitting smoothing spline with gcv lambda =  1e-04 .
llh.pred =  -971.102 	llh.pred =  -959.2318 	fitting smoothing spline with gcv lambda =  1e-04 .
llh.pred =  -946.1949 	best.ind =  6 
length(flag)  128  it =  2 
fitting smoothing spline with gcv lambda =  1e-04 .
fitting smoothing spline with gcv lambda =  1e-04 .
fitting smoothing spline with gcv lambda =  1e-04 .
fitting smoothing spline with gcv lambda =  1e-04 .
fitting smoothing spline with gcv lambda =  1e-04 .
fitting smoothing spline with gcv lambda =  1e-04 .
fitting smoothing spline with gcv lambda =  1e-04 .
fitting smoothing spline with gcv lambda =  1e-04 .
fitting smoothing spline with gcv lambda =  1e-04 .
fitting smoothing spline with gcv lambda =  1e-04 .
fitting smoothing spline with gcv lambda =  1e-04 .
fitting smoothing spline with gcv lambda =  1e-04 .
fitting smoothing spline with gcv lambda =  1e-04 .
fitting smoothing spline with gcv lambda =  1e-04 .
fitting smoothing spline with gcv lambda =  1e-04 .
cat2 	llh.pred =  -979.0594 	llh.pred =  -974.8308 	llh.pred =  -959.0437 	llh.pred =  -926.4835 	best.ind =  4 
length(flag)  115  it =  3 
cat2 	llh.pred =  -979.2788 	llh.pred =  -966.9774 	llh.pred =  -955.7899 	llh.pred =  -925.1888 	best.ind =  4 
length(flag)  115  it =  4 
fitting smoothing spline: calculating gcv lambda... 
fitting smoothing spline with gcv lambda =  1e-08 .
inner it =  4 
rep =  1 
rep =  2 
rep =  3 
rep =  4 
rep =  5 
rep =  6 
rep =  7 
rep =  8 
rep =  9 
rep =  10 
rep =  11 
rep =  12 
rep =  13 
rep =  14 
rep =  15 
rep =  16 
rep =  17 
rep =  18 
rep =  19 
rep =  20 
cat1 	fitting smoothing spline: calculating gcv lambda... 
cat1 	fitting smoothing spline: calculating gcv lambda... 
cat1 	fitting smoothing spline: calculating gcv lambda... 
cat1 	fitting smoothing spline: calculating gcv lambda... 
cat1 	fitting smoothing spline: calculating gcv lambda... 
cat1 	fitting smoothing spline: calculating gcv lambda... 
cat1 	fitting smoothing spline: calculating gcv lambda... 
cat1 	fitting smoothing spline: calculating gcv lambda... 
cat1 	fitting smoothing spline: calculating gcv lambda... 
cat1 	fitting smoothing spline: calculating gcv lambda... 
cat1 	fitting smoothing spline: calculating gcv lambda... 
cat1 	fitting smoothing spline: calculating gcv lambda... 
cat1 	fitting smoothing spline: calculating gcv lambda... 
cat1 	fitting smoothing spline: calculating gcv lambda... 
cat1 	fitting smoothing spline: calculating gcv lambda... 
cat1 	fitting smoothing spline: calculating gcv lambda... 
cat1 	fitting smoothing spline: calculating gcv lambda... 
cat1 	fitting smoothing spline: calculating gcv lambda... 
cat1 	fitting smoothing spline: calculating gcv lambda... 
cat2 	llh.pred =  -987.9762 	best.ind =  1 
length(flag)  151  it =  1 
fitting smoothing spline with gcv lambda =  1e-04 .
fitting smoothing spline with gcv lambda =  1e-04 .
fitting smoothing spline with gcv lambda =  1e-04 .
fitting smoothing spline with gcv lambda =  1e-04 .
fitting smoothing spline with gcv lambda =  1e-04 .
fitting smoothing spline with gcv lambda =  1e-04 .
fitting smoothing spline with gcv lambda =  1e-04 .
length(flag)  0  it =  1 
fitting smoothing spline: calculating gcv lambda... 
fitting smoothing spline with gcv lambda =  1e-04 .
length(flag)  0  it =  1 
fitting smoothing spline: calculating gcv lambda... 
fitting smoothing spline with gcv lambda =  1e-04 .
length(flag)  0  it =  1 
fitting smoothing spline: calculating gcv lambda... 
fitting smoothing spline with gcv lambda =  1e-04 .
length(flag)  0  it =  1 
fitting smoothing spline: calculating gcv lambda... 
length(flag)  0  it =  1 
fitting smoothing spline: calculating gcv lambda... 
length(flag)  0  it =  1 
fitting smoothing spline: calculating gcv lambda... 
fitting smoothing spline with gcv lambda =  1e-05 .
fitting smoothing spline with gcv lambda =  1e-04 .
length(flag)  0  it =  1 
fitting smoothing spline: calculating gcv lambda... 
fitting smoothing spline with gcv lambda =  1e-04 .
fitting smoothing spline with gcv lambda =  1e-04 .
fitting smoothing spline with gcv lambda =  1e-04 .
fitting smoothing spline with gcv lambda =  1e-04 .
fitting smoothing spline with gcv lambda =  1e-04 .
fitting smoothing spline with gcv lambda =  1e-04 .
fitting smoothing spline with gcv lambda =  1e-04 .
length(flag)  0  it =  1 
fitting smoothing spline: calculating gcv lambda... 
length(flag)  0  it =  1 
fitting smoothing spline: calculating gcv lambda... 
length(flag)  0  it =  1 
fitting smoothing spline: calculating gcv lambda... 
length(flag)  0  it =  1 
fitting smoothing spline: calculating gcv lambda... 
length(flag)  0  it =  1 
fitting smoothing spline: calculating gcv lambda... 
length(flag)  0  it =  1 
fitting smoothing spline: calculating gcv lambda... 
length(flag)  0  it =  1 
fitting smoothing spline: calculating gcv lambda... 
length(flag)  0  it =  1 
fitting smoothing spline: calculating gcv lambda... 
length(flag)  0  it =  1 
fitting smoothing spline: calculating gcv lambda... 
length(flag)  0  it =  1 
fitting smoothing spline: calculating gcv lambda... 
length(flag)  0  it =  1 
fitting smoothing spline: calculating gcv lambda... 
length(flag)  0  it =  1 
fitting smoothing spline: calculating gcv lambda... 
cat2 	llh.pred =  -986.0796 	llh.pred =  -980.5528 	llh.pred =  -974.5897 	best.ind =  3 
length(flag)  146  it =  2 
fitting smoothing spline with gcv lambda =  1e-04 .
fitting smoothing spline with gcv lambda =  1e-04 .
fitting smoothing spline with gcv lambda =  1e-04 .
fitting smoothing spline with gcv lambda =  1e-04 .
fitting smoothing spline with gcv lambda =  1e-04 .
fitting smoothing spline with gcv lambda =  1e-04 .
fitting smoothing spline with gcv lambda =  1e-04 .
fitting smoothing spline with gcv lambda =  1e-04 .
fitting smoothing spline with gcv lambda =  1e-04 .
fitting smoothing spline with gcv lambda =  1e-04 .
fitting smoothing spline with gcv lambda =  1e-05 .
fitting smoothing spline with gcv lambda =  1e-04 .
fitting smoothing spline with gcv lambda =  1e-04 .
fitting smoothing spline with gcv lambda =  1e-04 .
fitting smoothing spline with gcv lambda =  1e-04 .
fitting smoothing spline with gcv lambda =  1e-04 .
fitting smoothing spline with gcv lambda =  1e-04 .
fitting smoothing spline with gcv lambda =  1e-04 .
fitting smoothing spline with gcv lambda =  1e-04 .
cat2 	llh.pred =  -987.2736 	llh.pred =  -983.3078 	llh.pred =  -976.5706 	best.ind =  3 
length(flag)  140  it =  3 
cat2 	llh.pred =  -986.6352 	llh.pred =  -980.3062 	llh.pred =  -979.3075 	best.ind =  3 
length(flag)  141  it =  4 
cat2 	llh.pred =  -983.7795 	llh.pred =  -980.3062 	llh.pred =  -975.7615 	best.ind =  3 
length(flag)  140  it =  5 
fitting smoothing spline: calculating gcv lambda... 
fitting smoothing spline with gcv lambda =  1e-05 .
inner it =  5 
rep =  1 
rep =  2 
rep =  3 
rep =  4 
rep =  5 
rep =  6 
rep =  7 
rep =  8 
rep =  9 
rep =  10 
rep =  11 
rep =  12 
rep =  13 
rep =  14 
rep =  15 
rep =  16 
rep =  20 
rep =  17 
rep =  18 
rep =  19 
cat1 	fitting smoothing spline: calculating gcv lambda... 
cat1 	fitting smoothing spline: calculating gcv lambda... 
cat1 	fitting smoothing spline: calculating gcv lambda... 
cat1 	fitting smoothing spline: calculating gcv lambda... 
cat1 	fitting smoothing spline: calculating gcv lambda... 
cat1 	fitting smoothing spline: calculating gcv lambda... 
cat1 	fitting smoothing spline: calculating gcv lambda... 
cat1 	fitting smoothing spline: calculating gcv lambda... 
cat1 	fitting smoothing spline: calculating gcv lambda... 
cat1 	fitting smoothing spline: calculating gcv lambda... 
cat1 	fitting smoothing spline: calculating gcv lambda... 
cat1 	fitting smoothing spline: calculating gcv lambda... 
cat1 	fitting smoothing spline: calculating gcv lambda... 
cat1 	fitting smoothing spline: calculating gcv lambda... 
cat1 	fitting smoothing spline: calculating gcv lambda... 
cat1 	fitting smoothing spline: calculating gcv lambda... 
cat1 	fitting smoothing spline: calculating gcv lambda... 
cat1 	fitting smoothing spline: calculating gcv lambda... 
cat1 	fitting smoothing spline: calculating gcv lambda... 
cat1 	fitting smoothing spline: calculating gcv lambda... 
fitting smoothing spline with gcv lambda =  1e-04 .
fitting smoothing spline with gcv lambda =  1e-04 .
fitting smoothing spline with gcv lambda =  1e-04 .
fitting smoothing spline with gcv lambda =  1e-04 .
fitting smoothing spline with gcv lambda =  1e-04 .
fitting smoothing spline with gcv lambda =  1e-04 .
fitting smoothing spline with gcv lambda =  1e-04 .
fitting smoothing spline with gcv lambda =  1e-04 .
fitting smoothing spline with gcv lambda =  1e-04 .
fitting smoothing spline with gcv lambda =  1e-04 .
fitting smoothing spline with gcv lambda =  1e-04 .
fitting smoothing spline with gcv lambda =  1e-04 .
fitting smoothing spline with gcv lambda =  1e-04 .
fitting smoothing spline with gcv lambda =  1e-04 .
fitting smoothing spline with gcv lambda =  1e-04 .
fitting smoothing spline with gcv lambda =  1e-04 .
length(flag)  0  it =  1 
fitting smoothing spline: calculating gcv lambda... 
length(flag)  0  it =  1 
fitting smoothing spline: calculating gcv lambda... 
length(flag)  0  it =  1 
fitting smoothing spline: calculating gcv lambda... 
length(flag)  0  it =  1 
fitting smoothing spline: calculating gcv lambda... 
length(flag)  0  it =  1 
fitting smoothing spline: calculating gcv lambda... 
length(flag)  0  it =  1 
fitting smoothing spline: calculating gcv lambda... 
length(flag)  0  it =  1 
fitting smoothing spline: calculating gcv lambda... 
length(flag)  0  it =  1 
fitting smoothing spline: calculating gcv lambda... 
length(flag)  0  it =  1 
fitting smoothing spline: calculating gcv lambda... 
length(flag)  0  it =  1 
fitting smoothing spline: calculating gcv lambda... 
length(flag)  0  it =  1 
fitting smoothing spline: calculating gcv lambda... 
fitting smoothing spline with gcv lambda =  1e-04 .
length(flag)  0  it =  1 
fitting smoothing spline: calculating gcv lambda... 
length(flag)  0  it =  1 
fitting smoothing spline: calculating gcv lambda... 
length(flag)  0  it =  1 
fitting smoothing spline: calculating gcv lambda... 
length(flag)  0  it =  1 
fitting smoothing spline: calculating gcv lambda... 
length(flag)  0  it =  1 
fitting smoothing spline: calculating gcv lambda... 
fitting smoothing spline with gcv lambda =  1e-04 .
length(flag)  0  it =  1 
fitting smoothing spline: calculating gcv lambda... 
fitting smoothing spline with gcv lambda =  1e-04 .
length(flag)  0  it =  1 
fitting smoothing spline: calculating gcv lambda... 
fitting smoothing spline with gcv lambda =  1e-04 .
length(flag)  0  it =  1 
fitting smoothing spline: calculating gcv lambda... 
length(flag)  0  it =  1 
fitting smoothing spline: calculating gcv lambda... 
fitting smoothing spline with gcv lambda =  1e-04 .
fitting smoothing spline with gcv lambda =  1e-04 .
fitting smoothing spline with gcv lambda =  1e-04 .
fitting smoothing spline with gcv lambda =  1e-04 .
fitting smoothing spline with gcv lambda =  1e-04 .
fitting smoothing spline with gcv lambda =  1e-04 .
fitting smoothing spline with gcv lambda =  1e-04 .
fitting smoothing spline with gcv lambda =  1e-04 .
fitting smoothing spline with gcv lambda =  1e-04 .
fitting smoothing spline with gcv lambda =  1e-04 .
fitting smoothing spline with gcv lambda =  1e-04 .
fitting smoothing spline with gcv lambda =  1e-04 .
fitting smoothing spline with gcv lambda =  1e-04 .
fitting smoothing spline with gcv lambda =  1e-04 .
fitting smoothing spline with gcv lambda =  1e-04 .
fitting smoothing spline with gcv lambda =  1e-04 .
fitting smoothing spline with gcv lambda =  1e-04 .
fitting smoothing spline with gcv lambda =  1e-04 .
fitting smoothing spline with gcv lambda =  1e-04 .
fitting smoothing spline with gcv lambda =  1e-04 .
inner it =  6 
rep =  1 
rep =  2 
rep =  3 
rep =  4 
rep =  5 
rep =  6 
rep =  7 
rep =  8 
rep =  9 
rep =  10 
rep =  11 
rep =  12 
rep =  13 
rep =  14 
rep =  15 
rep =  16 
rep =  17 
rep =  18 
rep =  19 
rep =  20 
cat1 	fitting smoothing spline: calculating gcv lambda... 
cat1 	fitting smoothing spline: calculating gcv lambda... 
cat1 	fitting smoothing spline: calculating gcv lambda... 
cat1 	fitting smoothing spline: calculating gcv lambda... 
cat1 	fitting smoothing spline: calculating gcv lambda... 
cat1 	fitting smoothing spline: calculating gcv lambda... 
cat1 	fitting smoothing spline: calculating gcv lambda... 
cat1 	fitting smoothing spline: calculating gcv lambda... 
cat1 	fitting smoothing spline: calculating gcv lambda... 
cat1 	fitting smoothing spline: calculating gcv lambda... 
cat1 	fitting smoothing spline: calculating gcv lambda... 
cat1 	fitting smoothing spline: calculating gcv lambda... 
cat1 	fitting smoothing spline: calculating gcv lambda... 
cat1 	fitting smoothing spline: calculating gcv lambda... 
cat1 	fitting smoothing spline: calculating gcv lambda... 
cat1 	fitting smoothing spline: calculating gcv lambda... 
cat1 	fitting smoothing spline: calculating gcv lambda... 
cat1 	fitting smoothing spline: calculating gcv lambda... 
cat1 	fitting smoothing spline: calculating gcv lambda... 
cat1 	fitting smoothing spline: calculating gcv lambda... 
fitting smoothing spline with gcv lambda =  1e-04 .
fitting smoothing spline with gcv lambda =  1e-04 .
fitting smoothing spline with gcv lambda =  1e-04 .
fitting smoothing spline with gcv lambda =  1e-04 .
fitting smoothing spline with gcv lambda =  1e-04 .
fitting smoothing spline with gcv lambda =  1e-04 .
fitting smoothing spline with gcv lambda =  1e-04 .
fitting smoothing spline with gcv lambda =  1e-04 .
length(flag)  0  it =  1 
fitting smoothing spline: calculating gcv lambda... 
length(flag)  0  it =  1 
fitting smoothing spline: calculating gcv lambda... 
fitting smoothing spline with gcv lambda =  1e-04 .
length(flag)  0  it =  1 
fitting smoothing spline: calculating gcv lambda... 
length(flag)  0  it =  1 
fitting smoothing spline: calculating gcv lambda... 
length(flag)  0  it =  1 
fitting smoothing spline: calculating gcv lambda... 
length(flag)  0  it =  1 
fitting smoothing spline: calculating gcv lambda... 
fitting smoothing spline with gcv lambda =  1e-04 .
fitting smoothing spline with gcv lambda =  1e-04 .
length(flag)  0  it =  1 
fitting smoothing spline: calculating gcv lambda... 
length(flag)  0  it =  1 
fitting smoothing spline: calculating gcv lambda... 
fitting smoothing spline with gcv lambda =  1e-04 .
fitting smoothing spline with gcv lambda =  1e-04 .
fitting smoothing spline with gcv lambda =  1e-04 .
fitting smoothing spline with gcv lambda =  1e-04 .
fitting smoothing spline with gcv lambda =  1e-07 .
fitting smoothing spline with gcv lambda =  1e-04 .
fitting smoothing spline with gcv lambda =  1e-04 .
fitting smoothing spline with gcv lambda =  1e-04 .
fitting smoothing spline with gcv lambda =  1e-04 .
length(flag)  0  it =  1 
fitting smoothing spline: calculating gcv lambda... 
length(flag)  0  it =  1 
fitting smoothing spline: calculating gcv lambda... 
length(flag)  0  it =  1 
fitting smoothing spline: calculating gcv lambda... 
length(flag)  0  it =  1 
fitting smoothing spline: calculating gcv lambda... 
length(flag)  0  it =  1 
fitting smoothing spline: calculating gcv lambda... 
length(flag)  0  it =  1 
fitting smoothing spline: calculating gcv lambda... 
length(flag)  0  it =  1 
fitting smoothing spline: calculating gcv lambda... 
length(flag)  0  it =  1 
fitting smoothing spline: calculating gcv lambda... 
length(flag)  0  it =  1 
fitting smoothing spline: calculating gcv lambda... 
length(flag)  0  it =  1 
length(flag)  0  it =  1 
fitting smoothing spline: calculating gcv lambda... 
fitting smoothing spline: calculating gcv lambda... 
length(flag)  0  it =  1 
fitting smoothing spline: calculating gcv lambda... 
fitting smoothing spline with gcv lambda =  1e-04 .
fitting smoothing spline with gcv lambda =  1e-04 .
fitting smoothing spline with gcv lambda =  1e-04 .
fitting smoothing spline with gcv lambda =  1e-04 .
fitting smoothing spline with gcv lambda =  1e-04 .
fitting smoothing spline with gcv lambda =  1e-04 .
fitting smoothing spline with gcv lambda =  1e-04 .
fitting smoothing spline with gcv lambda =  1e-04 .
fitting smoothing spline with gcv lambda =  1e-04 .
fitting smoothing spline with gcv lambda =  1e-04 .
fitting smoothing spline with gcv lambda =  1e-04 .
fitting smoothing spline with gcv lambda =  1e-04 .
fitting smoothing spline with gcv lambda =  1e-04 .
fitting smoothing spline with gcv lambda =  1e-04 .
fitting smoothing spline with gcv lambda =  1e-04 .
fitting smoothing spline with gcv lambda =  1e-07 .
fitting smoothing spline with gcv lambda =  1e-04 .
fitting smoothing spline with gcv lambda =  1e-04 .
fitting smoothing spline with gcv lambda =  1e-04 .
fitting smoothing spline with gcv lambda =  1e-04 .
inner it =  7 
rep =  1 
rep =  2 
rep =  3 
rep =  4 
rep =  5 
rep =  6 
rep =  7 
rep =  8 
rep =  9 
rep =  10 
rep =  11 
rep =  12 
rep =  13 
rep =  14 
rep =  15 
rep =  16 
rep =  17 
rep =  18 
rep =  19 
rep =  20 
cat1 	fitting smoothing spline: calculating gcv lambda... 
cat1 	fitting smoothing spline: calculating gcv lambda... 
cat1 	fitting smoothing spline: calculating gcv lambda... 
cat1 	fitting smoothing spline: calculating gcv lambda... 
cat1 	fitting smoothing spline: calculating gcv lambda... 
cat1 	fitting smoothing spline: calculating gcv lambda... 
cat1 	fitting smoothing spline: calculating gcv lambda... 
cat1 	fitting smoothing spline: calculating gcv lambda... 
cat1 	fitting smoothing spline: calculating gcv lambda... 
cat1 	fitting smoothing spline: calculating gcv lambda... 
cat1 	fitting smoothing spline: calculating gcv lambda... 
cat1 	cat1 	fitting smoothing spline: calculating gcv lambda... 
fitting smoothing spline: calculating gcv lambda... 
cat1 	fitting smoothing spline: calculating gcv lambda... 
cat1 	fitting smoothing spline: calculating gcv lambda... 
cat1 	fitting smoothing spline: calculating gcv lambda... 
cat1 	fitting smoothing spline: calculating gcv lambda... 
cat1 	fitting smoothing spline: calculating gcv lambda... 
cat1 	fitting smoothing spline: calculating gcv lambda... 
cat1 	fitting smoothing spline: calculating gcv lambda... 
fitting smoothing spline with gcv lambda =  1e-04 .
fitting smoothing spline with gcv lambda =  1e-04 .
fitting smoothing spline with gcv lambda =  1e-04 .
fitting smoothing spline with gcv lambda =  1e-04 .
fitting smoothing spline with gcv lambda =  1e-04 .
fitting smoothing spline with gcv lambda =  1e-04 .
fitting smoothing spline with gcv lambda =  1e-04 .
fitting smoothing spline with gcv lambda =  1e-04 .
length(flag)  0  it =  1 
fitting smoothing spline: calculating gcv lambda... 
fitting smoothing spline with gcv lambda =  1e-04 .
length(flag)  0  it =  1 
fitting smoothing spline: calculating gcv lambda... 
length(flag)  0  it =  1 
fitting smoothing spline: calculating gcv lambda... 
length(flag)  0  it =  1 
fitting smoothing spline: calculating gcv lambda... 
fitting smoothing spline with gcv lambda =  1e-04 .
length(flag)  0  it =  1 
fitting smoothing spline: calculating gcv lambda... 
length(flag)  0  it =  1 
fitting smoothing spline: calculating gcv lambda... 
fitting smoothing spline with gcv lambda =  1e-04 .
length(flag)  0  it =  1 
fitting smoothing spline: calculating gcv lambda... 
length(flag)  0  it =  1 
fitting smoothing spline: calculating gcv lambda... 
fitting smoothing spline with gcv lambda =  1e-04 .
fitting smoothing spline with gcv lambda =  1e-04 .
fitting smoothing spline with gcv lambda =  1e-04 .
fitting smoothing spline with gcv lambda =  1e-04 .
fitting smoothing spline with gcv lambda =  1e-04 .
fitting smoothing spline with gcv lambda =  1e-04 .
fitting smoothing spline with gcv lambda =  1e-04 .
fitting smoothing spline with gcv lambda =  1e-04 .
fitting smoothing spline with gcv lambda =  1e-04 .
length(flag)  0  it =  1 
fitting smoothing spline: calculating gcv lambda... 
length(flag)  0  it =  1 
fitting smoothing spline: calculating gcv lambda... 
length(flag)  0  it =  1 
fitting smoothing spline: calculating gcv lambda... 
length(flag)  0  it =  1 
length(flag)  0  it =  1 
fitting smoothing spline: calculating gcv lambda... 
fitting smoothing spline: calculating gcv lambda... 
length(flag)  0  it =  1 
fitting smoothing spline: calculating gcv lambda... 
length(flag)  0  it =  1 
fitting smoothing spline: calculating gcv lambda... 
length(flag)  0  it =  1 
fitting smoothing spline: calculating gcv lambda... 
length(flag)  0  it =  1 
fitting smoothing spline: calculating gcv lambda... 
length(flag)  0  it =  1 
fitting smoothing spline: calculating gcv lambda... 
length(flag)  0  it =  1 
fitting smoothing spline: calculating gcv lambda... 
length(flag)  0  it =  1 
fitting smoothing spline: calculating gcv lambda... 
fitting smoothing spline with gcv lambda =  1e-04 .
fitting smoothing spline with gcv lambda =  1e-04 .
fitting smoothing spline with gcv lambda =  1e-04 .
fitting smoothing spline with gcv lambda =  1e-04 .
fitting smoothing spline with gcv lambda =  1e-04 .
fitting smoothing spline with gcv lambda =  1e-04 .
fitting smoothing spline with gcv lambda =  1e-04 .
fitting smoothing spline with gcv lambda =  1e-04 .
fitting smoothing spline with gcv lambda =  1e-04 .
fitting smoothing spline with gcv lambda =  1e-04 .
fitting smoothing spline with gcv lambda =  1e-04 .
fitting smoothing spline with gcv lambda =  1e-04 .
fitting smoothing spline with gcv lambda =  1e-04 .
fitting smoothing spline with gcv lambda =  1e-04 .
fitting smoothing spline with gcv lambda =  1e-04 .
fitting smoothing spline with gcv lambda =  1e-04 .
fitting smoothing spline with gcv lambda =  1e-04 .
fitting smoothing spline with gcv lambda =  1e-04 .
fitting smoothing spline with gcv lambda =  1e-04 .
fitting smoothing spline with gcv lambda =  1e-04 .
inner it =  8 
rep =  1 
rep =  2 
rep =  3 
rep =  4 
rep =  5 
rep =  6 
rep =  7 
rep =  8 
rep =  9 
rep =  10 
rep =  11 
rep =  12 
rep =  13 
rep =  14 
rep =  15 
rep =  16 
rep =  20 
rep =  17 
rep =  18 
rep =  19 
cat1 	fitting smoothing spline: calculating gcv lambda... 
cat1 	fitting smoothing spline: calculating gcv lambda... 
cat1 	fitting smoothing spline: calculating gcv lambda... 
cat1 	fitting smoothing spline: calculating gcv lambda... 
cat1 	fitting smoothing spline: calculating gcv lambda... 
cat1 	fitting smoothing spline: calculating gcv lambda... 
cat1 	fitting smoothing spline: calculating gcv lambda... 
cat1 	fitting smoothing spline: calculating gcv lambda... 
cat1 	fitting smoothing spline: calculating gcv lambda... 
cat1 	fitting smoothing spline: calculating gcv lambda... 
cat1 	fitting smoothing spline: calculating gcv lambda... 
cat1 	fitting smoothing spline: calculating gcv lambda... 
cat1 	fitting smoothing spline: calculating gcv lambda... 
cat1 	fitting smoothing spline: calculating gcv lambda... 
cat1 	fitting smoothing spline: calculating gcv lambda... 
cat1 	fitting smoothing spline: calculating gcv lambda... 
cat1 	fitting smoothing spline: calculating gcv lambda... 
cat1 	fitting smoothing spline: calculating gcv lambda... 
cat1 	fitting smoothing spline: calculating gcv lambda... 
cat1 	fitting smoothing spline: calculating gcv lambda... 
fitting smoothing spline with gcv lambda =  1e-04 .
fitting smoothing spline with gcv lambda =  1e-04 .
fitting smoothing spline with gcv lambda =  1e-04 .
fitting smoothing spline with gcv lambda =  1e-04 .
fitting smoothing spline with gcv lambda =  1e-04 .
fitting smoothing spline with gcv lambda =  1e-04 .
fitting smoothing spline with gcv lambda =  1e-04 .
fitting smoothing spline with gcv lambda =  1e-04 .
fitting smoothing spline with gcv lambda =  1e-04 .
fitting smoothing spline with gcv lambda =  1e-04 .
fitting smoothing spline with gcv lambda =  1e-04 .
fitting smoothing spline with gcv lambda =  1e-04 .
fitting smoothing spline with gcv lambda =  1e-04 .
fitting smoothing spline with gcv lambda =  1e-04 .
fitting smoothing spline with gcv lambda =  1e-04 .
fitting smoothing spline with gcv lambda =  1e-04 .
fitting smoothing spline with gcv lambda =  1e-04 .
length(flag)  0  it =  1 
fitting smoothing spline: calculating gcv lambda... 
length(flag)  0  it =  1 
fitting smoothing spline: calculating gcv lambda... 
length(flag)  0  it =  1 
fitting smoothing spline: calculating gcv lambda... 
length(flag)  0  it =  1 
fitting smoothing spline: calculating gcv lambda... 
length(flag)  0  it =  1 
fitting smoothing spline: calculating gcv lambda... 
length(flag)  0  it =  1 
fitting smoothing spline: calculating gcv lambda... 
length(flag)  0  it =  1 
fitting smoothing spline: calculating gcv lambda... 
length(flag)  0  it =  1 
fitting smoothing spline: calculating gcv lambda... 
length(flag)  0  it =  1 
fitting smoothing spline: calculating gcv lambda... 
length(flag)  0  it =  1 
fitting smoothing spline: calculating gcv lambda... 
length(flag)  0  it =  1 
fitting smoothing spline: calculating gcv lambda... 
length(flag)  0  it =  1 
fitting smoothing spline: calculating gcv lambda... 
length(flag)  0  it =  1 
fitting smoothing spline: calculating gcv lambda... 
length(flag)  0  it =  1 
fitting smoothing spline: calculating gcv lambda... 
length(flag)  0  it =  1 
fitting smoothing spline: calculating gcv lambda... 
length(flag)  0  it =  1 
fitting smoothing spline: calculating gcv lambda... 
length(flag)  0  it =  1 
fitting smoothing spline: calculating gcv lambda... 
fitting smoothing spline with gcv lambda =  1e-04 .
fitting smoothing spline with gcv lambda =  1e-04 .
fitting smoothing spline with gcv lambda =  1e-04 .
length(flag)  0  it =  1 
fitting smoothing spline: calculating gcv lambda... 
length(flag)  0  it =  1 
fitting smoothing spline: calculating gcv lambda... 
length(flag)  0  it =  1 
fitting smoothing spline: calculating gcv lambda... 
fitting smoothing spline with gcv lambda =  1e-04 .
fitting smoothing spline with gcv lambda =  1e-04 .
fitting smoothing spline with gcv lambda =  1e-04 .
fitting smoothing spline with gcv lambda =  1e-04 .
fitting smoothing spline with gcv lambda =  1e-04 .
fitting smoothing spline with gcv lambda =  1e-04 .
fitting smoothing spline with gcv lambda =  1e-04 .
fitting smoothing spline with gcv lambda =  1e-04 .
fitting smoothing spline with gcv lambda =  1e-04 .
fitting smoothing spline with gcv lambda =  1e-04 .
fitting smoothing spline with gcv lambda =  1e-04 .
fitting smoothing spline with gcv lambda =  1e-04 .
fitting smoothing spline with gcv lambda =  1e-04 .
fitting smoothing spline with gcv lambda =  1e-04 .
fitting smoothing spline with gcv lambda =  1e-04 .
fitting smoothing spline with gcv lambda =  1e-04 .
fitting smoothing spline with gcv lambda =  1e-04 .
fitting smoothing spline with gcv lambda =  1e-04 .
fitting smoothing spline with gcv lambda =  1e-04 .
fitting smoothing spline with gcv lambda =  1e-04 .
inner it =  9 
rep =  1 
rep =  2 
rep =  3 
rep =  4 
rep =  5 
rep =  6 
rep =  7 
rep =  8 
rep =  9 
rep =  10 
rep =  11 
rep =  12 
rep =  13 
rep =  14 
rep =  15 
rep =  16 
rep =  17 
rep =  18 
rep =  19 
rep =  20 
cat1 	fitting smoothing spline: calculating gcv lambda... 
cat1 	fitting smoothing spline: calculating gcv lambda... 
cat1 	fitting smoothing spline: calculating gcv lambda... 
cat1 	fitting smoothing spline: calculating gcv lambda... 
cat1 	fitting smoothing spline: calculating gcv lambda... 
cat1 	fitting smoothing spline: calculating gcv lambda... 
cat1 	fitting smoothing spline: calculating gcv lambda... 
cat1 	fitting smoothing spline: calculating gcv lambda... 
cat1 	fitting smoothing spline: calculating gcv lambda... 
cat1 	fitting smoothing spline: calculating gcv lambda... 
cat1 	fitting smoothing spline: calculating gcv lambda... 
cat1 	fitting smoothing spline: calculating gcv lambda... 
cat1 	fitting smoothing spline: calculating gcv lambda... 
cat1 	fitting smoothing spline: calculating gcv lambda... 
cat1 	fitting smoothing spline: calculating gcv lambda... 
cat1 	fitting smoothing spline: calculating gcv lambda... 
cat1 	fitting smoothing spline: calculating gcv lambda... 
cat1 	fitting smoothing spline: calculating gcv lambda... 
cat1 	fitting smoothing spline: calculating gcv lambda... 
cat1 	fitting smoothing spline: calculating gcv lambda... 
fitting smoothing spline with gcv lambda =  1e-04 .
fitting smoothing spline with gcv lambda =  1e-04 .
fitting smoothing spline with gcv lambda =  1e-04 .
fitting smoothing spline with gcv lambda =  1e-04 .
fitting smoothing spline with gcv lambda =  1e-04 .
fitting smoothing spline with gcv lambda =  1e-04 .
fitting smoothing spline with gcv lambda =  1e-04 .
fitting smoothing spline with gcv lambda =  1e-04 .
length(flag)  0  it =  1 
fitting smoothing spline: calculating gcv lambda... 
length(flag)  0  it =  1 
fitting smoothing spline: calculating gcv lambda... 
length(flag)  0  it =  1 
fitting smoothing spline: calculating gcv lambda... 
fitting smoothing spline with gcv lambda =  1e-04 .
fitting smoothing spline with gcv lambda =  1e-04 .
fitting smoothing spline with gcv lambda =  1e-04 .
length(flag)  0  it =  1 
fitting smoothing spline: calculating gcv lambda... 
length(flag)  0  it =  1 
fitting smoothing spline: calculating gcv lambda... 
fitting smoothing spline with gcv lambda =  1e-04 .
length(flag)  0  it =  1 
fitting smoothing spline: calculating gcv lambda... 
length(flag)  0  it =  1 
fitting smoothing spline: calculating gcv lambda... 
length(flag)  0  it =  1 
fitting smoothing spline: calculating gcv lambda... 
fitting smoothing spline with gcv lambda =  1e-04 .
fitting smoothing spline with gcv lambda =  1e-04 .
fitting smoothing spline with gcv lambda =  1e-04 .
fitting smoothing spline with gcv lambda =  1e-04 .
fitting smoothing spline with gcv lambda =  1e-04 .
fitting smoothing spline with gcv lambda =  1e-04 .
fitting smoothing spline with gcv lambda =  1e-04 .
fitting smoothing spline with gcv lambda =  1e-04 .
length(flag)  0  it =  1 
fitting smoothing spline: calculating gcv lambda... 
length(flag)  0  it =  1 
fitting smoothing spline: calculating gcv lambda... 
length(flag)  0  it =  1 
fitting smoothing spline: calculating gcv lambda... 
length(flag)  0  it =  1 
fitting smoothing spline: calculating gcv lambda... 
length(flag)  0  it =  1 
fitting smoothing spline: calculating gcv lambda... 
length(flag)  0  it =  1 
fitting smoothing spline: calculating gcv lambda... 
length(flag)  0  it =  1 
fitting smoothing spline: calculating gcv lambda... 
length(flag)  0  it =  1 
fitting smoothing spline: calculating gcv lambda... 
length(flag)  0  it =  1 length(flag) 
 0  it =  1 
fitting smoothing spline: calculating gcv lambda... 
fitting smoothing spline: calculating gcv lambda... 
length(flag)  0  it =  1 
fitting smoothing spline: calculating gcv lambda... 
length(flag)  0  it =  1 
fitting smoothing spline: calculating gcv lambda... 
fitting smoothing spline with gcv lambda =  1e-04 .
fitting smoothing spline with gcv lambda =  1e-04 .
fitting smoothing spline with gcv lambda =  1e-04 .
fitting smoothing spline with gcv lambda =  1e-04 .
fitting smoothing spline with gcv lambda =  1e-04 .
fitting smoothing spline with gcv lambda =  1e-04 .
fitting smoothing spline with gcv lambda =  1e-04 .
fitting smoothing spline with gcv lambda =  1e-04 .
fitting smoothing spline with gcv lambda =  1e-04 .
fitting smoothing spline with gcv lambda =  1e-04 .
fitting smoothing spline with gcv lambda =  1e-04 .
fitting smoothing spline with gcv lambda =  1e-04 .
fitting smoothing spline with gcv lambda =  1e-04 .
fitting smoothing spline with gcv lambda =  1e-04 .
fitting smoothing spline with gcv lambda =  1e-04 .
fitting smoothing spline with gcv lambda =  1e-04 .
fitting smoothing spline with gcv lambda =  1e-04 .
fitting smoothing spline with gcv lambda =  1e-04 .
fitting smoothing spline with gcv lambda =  1e-04 .
fitting smoothing spline with gcv lambda =  1e-04 .
inner it =  10 
rep =  1 
rep =  2 
rep =  3 
rep =  4 
rep =  5 
rep =  6 
rep =  7 
rep =  8 
rep =  9 
rep =  10 
rep =  11 
rep =  12 
rep =  13 
rep =  14 
rep =  15 
rep =  16 
rep =  17 
rep =  18 
rep =  19 
rep =  20 
cat1 	fitting smoothing spline: calculating gcv lambda... 
cat1 	fitting smoothing spline: calculating gcv lambda... 
cat1 	fitting smoothing spline: calculating gcv lambda... 
cat1 	fitting smoothing spline: calculating gcv lambda... 
cat1 	fitting smoothing spline: calculating gcv lambda... 
cat1 	fitting smoothing spline: calculating gcv lambda... 
cat1 	fitting smoothing spline: calculating gcv lambda... 
cat1 	fitting smoothing spline: calculating gcv lambda... 
cat1 	fitting smoothing spline: calculating gcv lambda... 
cat1 	fitting smoothing spline: calculating gcv lambda... 
cat1 	fitting smoothing spline: calculating gcv lambda... 
cat1 	fitting smoothing spline: calculating gcv lambda... 
cat1 	fitting smoothing spline: calculating gcv lambda... 
cat1 	fitting smoothing spline: calculating gcv lambda... 
cat1 	fitting smoothing spline: calculating gcv lambda... 
cat1 	fitting smoothing spline: calculating gcv lambda... 
cat1 	fitting smoothing spline: calculating gcv lambda... 
cat1 	fitting smoothing spline: calculating gcv lambda... 
cat1 	fitting smoothing spline: calculating gcv lambda... 
cat1 	fitting smoothing spline: calculating gcv lambda... 
fitting smoothing spline with gcv lambda =  1e-04 .
fitting smoothing spline with gcv lambda =  1e-04 .
fitting smoothing spline with gcv lambda =  1e-04 .
fitting smoothing spline with gcv lambda =  1e-04 .
fitting smoothing spline with gcv lambda =  1e-04 .
fitting smoothing spline with gcv lambda =  1e-04 .
fitting smoothing spline with gcv lambda =  1e-04 .
fitting smoothing spline with gcv lambda =  1e-04 .
length(flag)  0  it =  1 
fitting smoothing spline: calculating gcv lambda... 
fitting smoothing spline with gcv lambda =  1e-04 .
length(flag)  0  it =  1 
fitting smoothing spline: calculating gcv lambda... 
length(flag)  0  it =  1 
fitting smoothing spline: calculating gcv lambda... 
length(flag)  0  it =  1 
fitting smoothing spline: calculating gcv lambda... 
fitting smoothing spline with gcv lambda =  1e-04 .
fitting smoothing spline with gcv lambda =  1e-04 .
fitting smoothing spline with gcv lambda =  1e-04 .
fitting smoothing spline with gcv lambda =  1e-04 .
length(flag)  0  it =  1 
fitting smoothing spline: calculating gcv lambda... 
length(flag)  0  it =  1 
length(flag)  0  it =  1 
fitting smoothing spline: calculating gcv lambda... 
fitting smoothing spline: calculating gcv lambda... 
length(flag)  0  it =  1 
fitting smoothing spline: calculating gcv lambda... 
fitting smoothing spline with gcv lambda =  1e-04 .
fitting smoothing spline with gcv lambda =  1e-04 .
fitting smoothing spline with gcv lambda =  1e-04 .
fitting smoothing spline with gcv lambda =  1e-04 .
fitting smoothing spline with gcv lambda =  1e-04 .
fitting smoothing spline with gcv lambda =  1e-04 .
fitting smoothing spline with gcv lambda =  1e-04 .
length(flag)  0  it =  1 
fitting smoothing spline: calculating gcv lambda... 
length(flag)  0  it =  1 
fitting smoothing spline: calculating gcv lambda... 
length(flag)  0  it =  1 
fitting smoothing spline: calculating gcv lambda... 
length(flag)  0  it =  1 
fitting smoothing spline: calculating gcv lambda... 
length(flag)  0  it =  1 
fitting smoothing spline: calculating gcv lambda... 
length(flag)  0  it =  1 
fitting smoothing spline: calculating gcv lambda... 
length(flag)  0  it =  1 
fitting smoothing spline: calculating gcv lambda... 
length(flag)  0  it =  1 
fitting smoothing spline: calculating gcv lambda... 
length(flag)  0  it =  1 
fitting smoothing spline: calculating gcv lambda... 
length(flag)  0  it =  1 
fitting smoothing spline: calculating gcv lambda... 
length(flag)  0  it =  1 
fitting smoothing spline: calculating gcv lambda... 
length(flag)  0  it =  1 
fitting smoothing spline: calculating gcv lambda... 
fitting smoothing spline with gcv lambda =  1e-04 .
fitting smoothing spline with gcv lambda =  1e-04 .
fitting smoothing spline with gcv lambda =  1e-04 .
fitting smoothing spline with gcv lambda =  1e-04 .
fitting smoothing spline with gcv lambda =  1e-04 .
fitting smoothing spline with gcv lambda =  1e-04 .
fitting smoothing spline with gcv lambda =  1e-04 .
fitting smoothing spline with gcv lambda =  1e-04 .
fitting smoothing spline with gcv lambda =  1e-04 .
fitting smoothing spline with gcv lambda =  1e-04 .
fitting smoothing spline with gcv lambda =  1e-04 .
fitting smoothing spline with gcv lambda =  1e-04 .
fitting smoothing spline with gcv lambda =  1e-04 .
fitting smoothing spline with gcv lambda =  1e-04 .
fitting smoothing spline with gcv lambda =  1e-04 .
fitting smoothing spline with gcv lambda =  1e-04 .
fitting smoothing spline with gcv lambda =  1e-04 .
fitting smoothing spline with gcv lambda =  1e-04 .
fitting smoothing spline with gcv lambda =  1e-04 .
fitting smoothing spline with gcv lambda =  1e-04 .
 
Job Ended at Fri Dec 18 14:49:58 EST 2020
 
